
optiboot_atmega168p_16MHz.elf:     Dateiformat elf32-avr

Sektionen:
Idx Name          Size      VMA       LMA       File off  Algn
  0 .data         00000000  00800100  00003fe0  00000274  2**0
                  CONTENTS, ALLOC, LOAD, DATA
  1 .text         000001e0  00003e00  00003e00  00000094  2**1
                  CONTENTS, ALLOC, LOAD, READONLY, CODE
  2 .version      00000002  00003ffe  00003ffe  00000274  2**0
                  CONTENTS, ALLOC, LOAD, READONLY, DATA
  3 .stab         00000ce4  00000000  00000000  00000278  2**2
                  CONTENTS, READONLY, DEBUGGING
  4 .stabstr      00000fa2  00000000  00000000  00000f5c  2**0
                  CONTENTS, READONLY, DEBUGGING
  5 .comment      00000011  00000000  00000000  00001efe  2**0
                  CONTENTS, READONLY

Disassembly of section .text:

00003e00 <pre_main>:
/* everything that needs to run VERY early */
void pre_main(void) {
  // Allow convenient way of calling do_spm function - jump table, so
  //   entry to this function will always be here, independent of
  //   compilation, features etc
  asm volatile (
    3e00:	01 c0       	rjmp	.+2      	; 0x3e04 <main>
    3e02:	de c0       	rjmp	.+444    	; 0x3fc0 <do_spm>

00003e04 <main>:
    3e04:	11 24       	eor	r1, r1
    3e06:	84 b7       	in	r24, 0x34	; 52
    3e08:	88 23       	and	r24, r24
    3e0a:	61 f0       	breq	.+24     	; 0x3e24 <main+0x20>
    3e0c:	98 2f       	mov	r25, r24
    3e0e:	9a 70       	andi	r25, 0x0A	; 10
    3e10:	92 30       	cpi	r25, 0x02	; 2
    3e12:	41 f0       	breq	.+16     	; 0x3e24 <main+0x20>
    3e14:	81 ff       	sbrs	r24, 1
    3e16:	02 c0       	rjmp	.+4      	; 0x3e1c <main+0x18>
    3e18:	97 ef       	ldi	r25, 0xF7	; 247
    3e1a:	94 bf       	out	0x34, r25	; 52
    3e1c:	28 2e       	mov	r2, r24
    3e1e:	80 e0       	ldi	r24, 0x00	; 0
    3e20:	ba d0       	rcall	.+372    	; 0x3f96 <watchdogConfig>
    3e22:	ee c0       	rjmp	.+476    	; 0x4000 <optiboot_version+0x2>
    3e24:	85 e0       	ldi	r24, 0x05	; 5
    3e26:	80 93 81 00 	sts	0x0081, r24	; 0x800081 <__DATA_REGION_ORIGIN__+0x21>
    3e2a:	82 e0       	ldi	r24, 0x02	; 2
    3e2c:	80 93 c0 00 	sts	0x00C0, r24	; 0x8000c0 <__DATA_REGION_ORIGIN__+0x60>
    3e30:	88 e1       	ldi	r24, 0x18	; 24
    3e32:	80 93 c1 00 	sts	0x00C1, r24	; 0x8000c1 <__DATA_REGION_ORIGIN__+0x61>
    3e36:	86 e0       	ldi	r24, 0x06	; 6
    3e38:	80 93 c2 00 	sts	0x00C2, r24	; 0x8000c2 <__DATA_REGION_ORIGIN__+0x62>
    3e3c:	80 e1       	ldi	r24, 0x10	; 16
    3e3e:	80 93 c4 00 	sts	0x00C4, r24	; 0x8000c4 <__DATA_REGION_ORIGIN__+0x64>
    3e42:	8e e0       	ldi	r24, 0x0E	; 14
    3e44:	a8 d0       	rcall	.+336    	; 0x3f96 <watchdogConfig>
    3e46:	25 9a       	sbi	0x04, 5	; 4
    3e48:	86 e0       	ldi	r24, 0x06	; 6
    3e4a:	20 e3       	ldi	r18, 0x30	; 48
    3e4c:	3c ef       	ldi	r19, 0xFC	; 252
    3e4e:	91 e0       	ldi	r25, 0x01	; 1
    3e50:	30 93 85 00 	sts	0x0085, r19	; 0x800085 <__DATA_REGION_ORIGIN__+0x25>
    3e54:	20 93 84 00 	sts	0x0084, r18	; 0x800084 <__DATA_REGION_ORIGIN__+0x24>
    3e58:	96 bb       	out	0x16, r25	; 22
    3e5a:	b0 9b       	sbis	0x16, 0	; 22
    3e5c:	fe cf       	rjmp	.-4      	; 0x3e5a <main+0x56>
    3e5e:	1d 9a       	sbi	0x03, 5	; 3
    3e60:	a8 95       	wdr
    3e62:	40 91 c0 00 	lds	r20, 0x00C0	; 0x8000c0 <__DATA_REGION_ORIGIN__+0x60>
    3e66:	47 fd       	sbrc	r20, 7
    3e68:	02 c0       	rjmp	.+4      	; 0x3e6e <main+0x6a>
    3e6a:	81 50       	subi	r24, 0x01	; 1
    3e6c:	89 f7       	brne	.-30     	; 0x3e50 <main+0x4c>
    3e6e:	ee 24       	eor	r14, r14
    3e70:	e3 94       	inc	r14
    3e72:	95 e0       	ldi	r25, 0x05	; 5
    3e74:	d9 2e       	mov	r13, r25
    3e76:	21 e1       	ldi	r18, 0x11	; 17
    3e78:	c2 2e       	mov	r12, r18
    3e7a:	81 d0       	rcall	.+258    	; 0x3f7e <getch>
    3e7c:	81 34       	cpi	r24, 0x41	; 65
    3e7e:	71 f4       	brne	.+28     	; 0x3e9c <main+0x98>
    3e80:	7e d0       	rcall	.+252    	; 0x3f7e <getch>
    3e82:	18 2f       	mov	r17, r24
    3e84:	8e d0       	rcall	.+284    	; 0x3fa2 <verifySpace>
    3e86:	12 38       	cpi	r17, 0x82	; 130
    3e88:	11 f4       	brne	.+4      	; 0x3e8e <main+0x8a>
    3e8a:	82 e0       	ldi	r24, 0x02	; 2
    3e8c:	05 c0       	rjmp	.+10     	; 0x3e98 <main+0x94>
    3e8e:	11 38       	cpi	r17, 0x81	; 129
    3e90:	11 f4       	brne	.+4      	; 0x3e96 <main+0x92>
    3e92:	88 e0       	ldi	r24, 0x08	; 8
    3e94:	01 c0       	rjmp	.+2      	; 0x3e98 <main+0x94>
    3e96:	83 e0       	ldi	r24, 0x03	; 3
    3e98:	6b d0       	rcall	.+214    	; 0x3f70 <putch>
    3e9a:	67 c0       	rjmp	.+206    	; 0x3f6a <main+0x166>
    3e9c:	82 34       	cpi	r24, 0x42	; 66
    3e9e:	11 f4       	brne	.+4      	; 0x3ea4 <main+0xa0>
    3ea0:	84 e1       	ldi	r24, 0x14	; 20
    3ea2:	03 c0       	rjmp	.+6      	; 0x3eaa <main+0xa6>
    3ea4:	85 34       	cpi	r24, 0x45	; 69
    3ea6:	19 f4       	brne	.+6      	; 0x3eae <main+0xaa>
    3ea8:	85 e0       	ldi	r24, 0x05	; 5
    3eaa:	83 d0       	rcall	.+262    	; 0x3fb2 <getNch>
    3eac:	5e c0       	rjmp	.+188    	; 0x3f6a <main+0x166>
    3eae:	85 35       	cpi	r24, 0x55	; 85
    3eb0:	39 f4       	brne	.+14     	; 0x3ec0 <main+0xbc>
    3eb2:	65 d0       	rcall	.+202    	; 0x3f7e <getch>
    3eb4:	c8 2f       	mov	r28, r24
    3eb6:	63 d0       	rcall	.+198    	; 0x3f7e <getch>
    3eb8:	d8 2f       	mov	r29, r24
    3eba:	cc 0f       	add	r28, r28
    3ebc:	dd 1f       	adc	r29, r29
    3ebe:	54 c0       	rjmp	.+168    	; 0x3f68 <main+0x164>
    3ec0:	86 35       	cpi	r24, 0x56	; 86
    3ec2:	21 f4       	brne	.+8      	; 0x3ecc <main+0xc8>
    3ec4:	84 e0       	ldi	r24, 0x04	; 4
    3ec6:	75 d0       	rcall	.+234    	; 0x3fb2 <getNch>
    3ec8:	80 e0       	ldi	r24, 0x00	; 0
    3eca:	e6 cf       	rjmp	.-52     	; 0x3e98 <main+0x94>
    3ecc:	84 36       	cpi	r24, 0x64	; 100
    3ece:	09 f0       	breq	.+2      	; 0x3ed2 <main+0xce>
    3ed0:	2e c0       	rjmp	.+92     	; 0x3f2e <main+0x12a>
    3ed2:	55 d0       	rcall	.+170    	; 0x3f7e <getch>
    3ed4:	54 d0       	rcall	.+168    	; 0x3f7e <getch>
    3ed6:	f8 2e       	mov	r15, r24
    3ed8:	52 d0       	rcall	.+164    	; 0x3f7e <getch>
    3eda:	b8 2e       	mov	r11, r24
    3edc:	00 e0       	ldi	r16, 0x00	; 0
    3ede:	11 e0       	ldi	r17, 0x01	; 1
    3ee0:	4e d0       	rcall	.+156    	; 0x3f7e <getch>
    3ee2:	f8 01       	movw	r30, r16
    3ee4:	81 93       	st	Z+, r24
    3ee6:	8f 01       	movw	r16, r30
    3ee8:	fe 12       	cpse	r15, r30
    3eea:	fa cf       	rjmp	.-12     	; 0x3ee0 <main+0xdc>
    3eec:	5a d0       	rcall	.+180    	; 0x3fa2 <verifySpace>
    3eee:	f5 e4       	ldi	r31, 0x45	; 69
    3ef0:	bf 12       	cpse	r11, r31
    3ef2:	01 c0       	rjmp	.+2      	; 0x3ef6 <main+0xf2>
    3ef4:	ff cf       	rjmp	.-2      	; 0x3ef4 <main+0xf0>
    3ef6:	83 e0       	ldi	r24, 0x03	; 3
    3ef8:	fe 01       	movw	r30, r28
    3efa:	87 bf       	out	0x37, r24	; 55
    3efc:	e8 95       	spm
    3efe:	07 b6       	in	r0, 0x37	; 55
    3f00:	00 fc       	sbrc	r0, 0
    3f02:	fd cf       	rjmp	.-6      	; 0x3efe <main+0xfa>
    3f04:	a0 e0       	ldi	r26, 0x00	; 0
    3f06:	b1 e0       	ldi	r27, 0x01	; 1
    3f08:	fe 01       	movw	r30, r28
    3f0a:	8d 91       	ld	r24, X+
    3f0c:	9d 91       	ld	r25, X+
    3f0e:	0c 01       	movw	r0, r24
    3f10:	e7 be       	out	0x37, r14	; 55
    3f12:	e8 95       	spm
    3f14:	11 24       	eor	r1, r1
    3f16:	32 96       	adiw	r30, 0x02	; 2
    3f18:	fa 12       	cpse	r15, r26
    3f1a:	f7 cf       	rjmp	.-18     	; 0x3f0a <main+0x106>
    3f1c:	fe 01       	movw	r30, r28
    3f1e:	d7 be       	out	0x37, r13	; 55
    3f20:	e8 95       	spm
    3f22:	07 b6       	in	r0, 0x37	; 55
    3f24:	00 fc       	sbrc	r0, 0
    3f26:	fd cf       	rjmp	.-6      	; 0x3f22 <main+0x11e>
    3f28:	c7 be       	out	0x37, r12	; 55
    3f2a:	e8 95       	spm
    3f2c:	1e c0       	rjmp	.+60     	; 0x3f6a <main+0x166>
    3f2e:	84 37       	cpi	r24, 0x74	; 116
    3f30:	71 f4       	brne	.+28     	; 0x3f4e <main+0x14a>
    3f32:	25 d0       	rcall	.+74     	; 0x3f7e <getch>
    3f34:	24 d0       	rcall	.+72     	; 0x3f7e <getch>
    3f36:	f8 2e       	mov	r15, r24
    3f38:	22 d0       	rcall	.+68     	; 0x3f7e <getch>
    3f3a:	33 d0       	rcall	.+102    	; 0x3fa2 <verifySpace>
    3f3c:	8e 01       	movw	r16, r28
    3f3e:	f8 01       	movw	r30, r16
    3f40:	85 91       	lpm	r24, Z+
    3f42:	8f 01       	movw	r16, r30
    3f44:	15 d0       	rcall	.+42     	; 0x3f70 <putch>
    3f46:	fa 94       	dec	r15
    3f48:	f1 10       	cpse	r15, r1
    3f4a:	f9 cf       	rjmp	.-14     	; 0x3f3e <main+0x13a>
    3f4c:	0e c0       	rjmp	.+28     	; 0x3f6a <main+0x166>
    3f4e:	85 37       	cpi	r24, 0x75	; 117
    3f50:	39 f4       	brne	.+14     	; 0x3f60 <main+0x15c>
    3f52:	27 d0       	rcall	.+78     	; 0x3fa2 <verifySpace>
    3f54:	8e e1       	ldi	r24, 0x1E	; 30
    3f56:	0c d0       	rcall	.+24     	; 0x3f70 <putch>
    3f58:	84 e9       	ldi	r24, 0x94	; 148
    3f5a:	0a d0       	rcall	.+20     	; 0x3f70 <putch>
    3f5c:	8b e0       	ldi	r24, 0x0B	; 11
    3f5e:	9c cf       	rjmp	.-200    	; 0x3e98 <main+0x94>
    3f60:	81 35       	cpi	r24, 0x51	; 81
    3f62:	11 f4       	brne	.+4      	; 0x3f68 <main+0x164>
    3f64:	88 e0       	ldi	r24, 0x08	; 8
    3f66:	17 d0       	rcall	.+46     	; 0x3f96 <watchdogConfig>
    3f68:	1c d0       	rcall	.+56     	; 0x3fa2 <verifySpace>
    3f6a:	80 e1       	ldi	r24, 0x10	; 16
    3f6c:	01 d0       	rcall	.+2      	; 0x3f70 <putch>
    3f6e:	85 cf       	rjmp	.-246    	; 0x3e7a <main+0x76>

00003f70 <putch>:
  RS485_PORT |= _BV(RS485_BIT);
# else
  RS485_PORT &= ~_BV(RS485_BIT);
# endif
#else //not RS485
  while (!(UART_SRA & _BV(UDRE0))) {  /* Spin */ }
    3f70:	90 91 c0 00 	lds	r25, 0x00C0	; 0x8000c0 <__DATA_REGION_ORIGIN__+0x60>
    3f74:	95 ff       	sbrs	r25, 5
    3f76:	fc cf       	rjmp	.-8      	; 0x3f70 <putch>
  UART_UDR = ch;
    3f78:	80 93 c6 00 	sts	0x00C6, r24	; 0x8000c6 <__DATA_REGION_ORIGIN__+0x66>
    3f7c:	08 95       	ret

00003f7e <getch>:
    :
    "r25"
    );
#else
#ifndef LIN_UART
  while (!(UART_SRA & _BV(RXC0)))  {  /* Spin */ }
    3f7e:	80 91 c0 00 	lds	r24, 0x00C0	; 0x8000c0 <__DATA_REGION_ORIGIN__+0x60>
    3f82:	87 ff       	sbrs	r24, 7
    3f84:	fc cf       	rjmp	.-8      	; 0x3f7e <getch>
  if (!(UART_SRA & _BV(FE0))) {
    3f86:	80 91 c0 00 	lds	r24, 0x00C0	; 0x8000c0 <__DATA_REGION_ORIGIN__+0x60>
    3f8a:	84 fd       	sbrc	r24, 4
    3f8c:	01 c0       	rjmp	.+2      	; 0x3f90 <getch+0x12>
}
#endif

// Watchdog functions. These are only safe with interrupts turned off.
void watchdogReset() {
  __asm__ __volatile__ (
    3f8e:	a8 95       	wdr
  while (!(LINSIR & _BV(LRXOK)))  {  /* Spin */ }
  if (!(LINSIR & _BV(LFERR))) {
    watchdogReset();  /* Eventually abort if wrong speed */
  }
#endif
  ch = UART_UDR;
    3f90:	80 91 c6 00 	lds	r24, 0x00C6	; 0x8000c6 <__DATA_REGION_ORIGIN__+0x66>
#if LED_DATA_FLASH
  toggle_led();
#endif

  return ch;
}
    3f94:	08 95       	ret

00003f96 <watchdogConfig>:
}

void watchdogConfig(uint8_t x) {
#ifdef WDCE //does it have a Watchdog Change Enable?
#ifdef WDTCSR
  WDTCSR = _BV(WDCE) | _BV(WDE);
    3f96:	e0 e6       	ldi	r30, 0x60	; 96
    3f98:	f0 e0       	ldi	r31, 0x00	; 0
    3f9a:	98 e1       	ldi	r25, 0x18	; 24
    3f9c:	90 83       	st	Z, r25
#else //then it must be one of those newfangled ones that use CCP
  CCP=0xD8; //so write this magic number to CCP
#endif

#ifdef WDTCSR
  WDTCSR = x;
    3f9e:	80 83       	st	Z, r24
    3fa0:	08 95       	ret

00003fa2 <verifySpace>:
  do getch(); while (--count);
  verifySpace();
}

void verifySpace() {
  if (getch() != CRC_EOP) {
    3fa2:	ed df       	rcall	.-38     	; 0x3f7e <getch>
    3fa4:	80 32       	cpi	r24, 0x20	; 32
    3fa6:	19 f0       	breq	.+6      	; 0x3fae <verifySpace+0xc>
    watchdogConfig(WATCHDOG_16MS);    // shorten WD timeout
    3fa8:	88 e0       	ldi	r24, 0x08	; 8
    3faa:	f5 df       	rcall	.-22     	; 0x3f96 <watchdogConfig>
    3fac:	ff cf       	rjmp	.-2      	; 0x3fac <verifySpace+0xa>
    while (1)                         // and busy-loop so that WD causes
      ;                               //  a reset and app start.
  }
  putch(STK_INSYNC);
    3fae:	84 e1       	ldi	r24, 0x14	; 20
    3fb0:	df cf       	rjmp	.-66     	; 0x3f70 <putch>

00003fb2 <getNch>:
    ::[count] "M" (UART_B_VALUE)
    );
}
#endif

void getNch(uint8_t count) {
    3fb2:	cf 93       	push	r28
    3fb4:	c8 2f       	mov	r28, r24
  do getch(); while (--count);
    3fb6:	e3 df       	rcall	.-58     	; 0x3f7e <getch>
    3fb8:	c1 50       	subi	r28, 0x01	; 1
    3fba:	e9 f7       	brne	.-6      	; 0x3fb6 <getNch+0x4>
  verifySpace();
}
    3fbc:	cf 91       	pop	r28
}
#endif

void getNch(uint8_t count) {
  do getch(); while (--count);
  verifySpace();
    3fbe:	f1 cf       	rjmp	.-30     	; 0x3fa2 <verifySpace>

00003fc0 <do_spm>:
 *   data=0 in WRITE
 */
static void do_spm(uint16_t address, uint8_t command, uint16_t data)  __attribute__ ((used));
static void do_spm(uint16_t address, uint8_t command, uint16_t data) {
  // Do spm stuff
  asm volatile (
    3fc0:	fc 01       	movw	r30, r24
    3fc2:	0a 01       	movw	r0, r20
    3fc4:	67 bf       	out	0x37, r22	; 55
    3fc6:	e8 95       	spm
    3fc8:	11 24       	eor	r1, r1
    );

  // wait for spm to complete
  //   it doesn't have much sense for __BOOT_PAGE_FILL,
  //   but it doesn't hurt and saves some bytes on 'if'
  boot_spm_busy_wait();
    3fca:	07 b6       	in	r0, 0x37	; 55
    3fcc:	00 fc       	sbrc	r0, 0
    3fce:	fd cf       	rjmp	.-6      	; 0x3fca <do_spm+0xa>
#if defined(RWWSRE)
  // this 'if' condition should be: (command == __BOOT_PAGE_WRITE || command == __BOOT_PAGE_ERASE)...
  // but it's tweaked a little assuming that in every command we are interested in here, there
  // must be also SELFPRGEN set. If we skip checking this bit, we save here 4B
  if ((command & (_BV(PGWRT)|_BV(PGERS))) && (data == 0) ) {
    3fd0:	66 70       	andi	r22, 0x06	; 6
    3fd2:	29 f0       	breq	.+10     	; 0x3fde <do_spm+0x1e>
    3fd4:	45 2b       	or	r20, r21
    3fd6:	19 f4       	brne	.+6      	; 0x3fde <do_spm+0x1e>
    // Reenable read access to flash
    __boot_rww_enable_short();
    3fd8:	81 e1       	ldi	r24, 0x11	; 17
    3fda:	87 bf       	out	0x37, r24	; 55
    3fdc:	e8 95       	spm
    3fde:	08 95       	ret
