
optiboot_atmega8.elf:     file format elf32-avr

Sections:
Idx Name          Size      VMA       LMA       File off  Algn
  0 .text         000001e2  00001e00  00001e00  00000074  2**1
                  CONTENTS, ALLOC, LOAD, READONLY, CODE
  1 .version      00000002  00001ffe  00001ffe  00000256  2**0
                  CONTENTS, ALLOC, LOAD, READONLY, DATA
  2 .data         00000000  00800060  00800060  00000258  2**0
                  CONTENTS, ALLOC, LOAD, DATA
  3 .stab         00000870  00000000  00000000  00000258  2**2
                  CONTENTS, READONLY, DEBUGGING
  4 .stabstr      00000354  00000000  00000000  00000ac8  2**0
                  CONTENTS, READONLY, DEBUGGING
  5 .comment      00000012  00000000  00000000  00000e1c  2**0
                  CONTENTS, READONLY

Disassembly of section .text:

00001e00 <pre_main>:
/* everything that needs to run VERY early */
void pre_main(void) {
  // Allow convenient way of calling do_spm function - jump table, so
  //   entry to this function will always be here, independent of
  //   compilation, features etc
  asm volatile (
    1e00:	01 c0       	rjmp	.+2      	; 0x1e04 <main>
    1e02:	df c0       	rjmp	.+446    	; 0x1fc2 <do_spm>

00001e04 <main>:
    1e04:	11 24       	eor	r1, r1
    1e06:	8f e5       	ldi	r24, 0x5F	; 95
    1e08:	94 e0       	ldi	r25, 0x04	; 4
    1e0a:	9e bf       	out	0x3e, r25	; 62
    1e0c:	8d bf       	out	0x3d, r24	; 61
    1e0e:	84 b7       	in	r24, 0x34	; 52
    1e10:	88 23       	and	r24, r24
    1e12:	61 f0       	breq	.+24     	; 0x1e2c <main+0x28>
    1e14:	98 2f       	mov	r25, r24
    1e16:	9a 70       	andi	r25, 0x0A	; 10
    1e18:	92 30       	cpi	r25, 0x02	; 2
    1e1a:	41 f0       	breq	.+16     	; 0x1e2c <main+0x28>
    1e1c:	81 ff       	sbrs	r24, 1
    1e1e:	02 c0       	rjmp	.+4      	; 0x1e24 <main+0x20>
    1e20:	97 ef       	ldi	r25, 0xF7	; 247
    1e22:	94 bf       	out	0x34, r25	; 52
    1e24:	28 2e       	mov	r2, r24
    1e26:	80 e0       	ldi	r24, 0x00	; 0
    1e28:	b9 d0       	rcall	.+370    	; 0x1f9c <watchdogConfig>
    1e2a:	ea c0       	rjmp	.+468    	; 0x2000 <__TEXT_REGION_LENGTH__>
    1e2c:	85 e0       	ldi	r24, 0x05	; 5
    1e2e:	8e bd       	out	0x2e, r24	; 46
    1e30:	82 e0       	ldi	r24, 0x02	; 2
    1e32:	8b b9       	out	0x0b, r24	; 11
    1e34:	88 e1       	ldi	r24, 0x18	; 24
    1e36:	8a b9       	out	0x0a, r24	; 10
    1e38:	86 e8       	ldi	r24, 0x86	; 134
    1e3a:	80 bd       	out	0x20, r24	; 32
    1e3c:	80 e1       	ldi	r24, 0x10	; 16
    1e3e:	89 b9       	out	0x09, r24	; 9
    1e40:	8e e0       	ldi	r24, 0x0E	; 14
    1e42:	ac d0       	rcall	.+344    	; 0x1f9c <watchdogConfig>
    1e44:	bd 9a       	sbi	0x17, 5	; 23
    1e46:	86 e0       	ldi	r24, 0x06	; 6
    1e48:	20 e3       	ldi	r18, 0x30	; 48
    1e4a:	3c ef       	ldi	r19, 0xFC	; 252
    1e4c:	44 e0       	ldi	r20, 0x04	; 4
    1e4e:	50 e2       	ldi	r21, 0x20	; 32
    1e50:	3d bd       	out	0x2d, r19	; 45
    1e52:	2c bd       	out	0x2c, r18	; 44
    1e54:	48 bf       	out	0x38, r20	; 56
    1e56:	08 b6       	in	r0, 0x38	; 56
    1e58:	02 fe       	sbrs	r0, 2
    1e5a:	fd cf       	rjmp	.-6      	; 0x1e56 <main+0x52>
    1e5c:	98 b3       	in	r25, 0x18	; 24
    1e5e:	95 27       	eor	r25, r21
    1e60:	98 bb       	out	0x18, r25	; 24
    1e62:	a8 95       	wdr
    1e64:	5f 99       	sbic	0x0b, 7	; 11
    1e66:	02 c0       	rjmp	.+4      	; 0x1e6c <main+0x68>
    1e68:	81 50       	subi	r24, 0x01	; 1
    1e6a:	91 f7       	brne	.-28     	; 0x1e50 <main+0x4c>
    1e6c:	33 e0       	ldi	r19, 0x03	; 3
    1e6e:	e3 2e       	mov	r14, r19
    1e70:	dd 24       	eor	r13, r13
    1e72:	d3 94       	inc	r13
    1e74:	45 e0       	ldi	r20, 0x05	; 5
    1e76:	c4 2e       	mov	r12, r20
    1e78:	51 e1       	ldi	r21, 0x11	; 17
    1e7a:	b5 2e       	mov	r11, r21
    1e7c:	88 d0       	rcall	.+272    	; 0x1f8e <getch>
    1e7e:	81 34       	cpi	r24, 0x41	; 65
    1e80:	71 f4       	brne	.+28     	; 0x1e9e <main+0x9a>
    1e82:	85 d0       	rcall	.+266    	; 0x1f8e <getch>
    1e84:	18 2f       	mov	r17, r24
    1e86:	8e d0       	rcall	.+284    	; 0x1fa4 <verifySpace>
    1e88:	82 e0       	ldi	r24, 0x02	; 2
    1e8a:	12 38       	cpi	r17, 0x82	; 130
    1e8c:	21 f0       	breq	.+8      	; 0x1e96 <main+0x92>
    1e8e:	88 e0       	ldi	r24, 0x08	; 8
    1e90:	11 38       	cpi	r17, 0x81	; 129
    1e92:	09 f0       	breq	.+2      	; 0x1e96 <main+0x92>
    1e94:	83 e0       	ldi	r24, 0x03	; 3
    1e96:	77 d0       	rcall	.+238    	; 0x1f86 <putch>
    1e98:	80 e1       	ldi	r24, 0x10	; 16
    1e9a:	75 d0       	rcall	.+234    	; 0x1f86 <putch>
    1e9c:	ef cf       	rjmp	.-34     	; 0x1e7c <main+0x78>
    1e9e:	82 34       	cpi	r24, 0x42	; 66
    1ea0:	19 f4       	brne	.+6      	; 0x1ea8 <main+0xa4>
    1ea2:	84 e1       	ldi	r24, 0x14	; 20
    1ea4:	87 d0       	rcall	.+270    	; 0x1fb4 <getNch>
    1ea6:	f8 cf       	rjmp	.-16     	; 0x1e98 <main+0x94>
    1ea8:	85 34       	cpi	r24, 0x45	; 69
    1eaa:	11 f4       	brne	.+4      	; 0x1eb0 <main+0xac>
    1eac:	85 e0       	ldi	r24, 0x05	; 5
    1eae:	fa cf       	rjmp	.-12     	; 0x1ea4 <main+0xa0>
    1eb0:	85 35       	cpi	r24, 0x55	; 85
    1eb2:	41 f4       	brne	.+16     	; 0x1ec4 <main+0xc0>
    1eb4:	6c d0       	rcall	.+216    	; 0x1f8e <getch>
    1eb6:	c8 2f       	mov	r28, r24
    1eb8:	6a d0       	rcall	.+212    	; 0x1f8e <getch>
    1eba:	d8 2f       	mov	r29, r24
    1ebc:	cc 0f       	add	r28, r28
    1ebe:	dd 1f       	adc	r29, r29
    1ec0:	71 d0       	rcall	.+226    	; 0x1fa4 <verifySpace>
    1ec2:	ea cf       	rjmp	.-44     	; 0x1e98 <main+0x94>
    1ec4:	86 35       	cpi	r24, 0x56	; 86
    1ec6:	21 f4       	brne	.+8      	; 0x1ed0 <main+0xcc>
    1ec8:	84 e0       	ldi	r24, 0x04	; 4
    1eca:	74 d0       	rcall	.+232    	; 0x1fb4 <getNch>
    1ecc:	80 e0       	ldi	r24, 0x00	; 0
    1ece:	e3 cf       	rjmp	.-58     	; 0x1e96 <main+0x92>
    1ed0:	84 36       	cpi	r24, 0x64	; 100
    1ed2:	09 f0       	breq	.+2      	; 0x1ed6 <main+0xd2>
    1ed4:	39 c0       	rjmp	.+114    	; 0x1f48 <main+0x144>
    1ed6:	5b d0       	rcall	.+182    	; 0x1f8e <getch>
    1ed8:	5a d0       	rcall	.+180    	; 0x1f8e <getch>
    1eda:	18 2f       	mov	r17, r24
    1edc:	58 d0       	rcall	.+176    	; 0x1f8e <getch>
    1ede:	08 2f       	mov	r16, r24
    1ee0:	80 e6       	ldi	r24, 0x60	; 96
    1ee2:	68 2e       	mov	r6, r24
    1ee4:	71 2c       	mov	r7, r1
    1ee6:	90 e6       	ldi	r25, 0x60	; 96
    1ee8:	f9 2e       	mov	r15, r25
    1eea:	f1 0e       	add	r15, r17
    1eec:	43 01       	movw	r8, r6
    1eee:	8f ef       	ldi	r24, 0xFF	; 255
    1ef0:	68 1a       	sub	r6, r24
    1ef2:	78 0a       	sbc	r7, r24
    1ef4:	4c d0       	rcall	.+152    	; 0x1f8e <getch>
    1ef6:	f4 01       	movw	r30, r8
    1ef8:	80 83       	st	Z, r24
    1efa:	f6 10       	cpse	r15, r6
    1efc:	f7 cf       	rjmp	.-18     	; 0x1eec <main+0xe8>
    1efe:	52 d0       	rcall	.+164    	; 0x1fa4 <verifySpace>
    1f00:	05 34       	cpi	r16, 0x45	; 69
    1f02:	09 f4       	brne	.+2      	; 0x1f06 <main+0x102>
    1f04:	ff cf       	rjmp	.-2      	; 0x1f04 <main+0x100>
    1f06:	fe 01       	movw	r30, r28
    1f08:	e7 be       	out	0x37, r14	; 55
    1f0a:	e8 95       	spm
    1f0c:	07 b6       	in	r0, 0x37	; 55
    1f0e:	00 fc       	sbrc	r0, 0
    1f10:	fd cf       	rjmp	.-6      	; 0x1f0c <main+0x108>
    1f12:	30 e0       	ldi	r19, 0x00	; 0
    1f14:	20 e0       	ldi	r18, 0x00	; 0
    1f16:	fe 01       	movw	r30, r28
    1f18:	e2 0f       	add	r30, r18
    1f1a:	f3 1f       	adc	r31, r19
    1f1c:	d9 01       	movw	r26, r18
    1f1e:	a0 5a       	subi	r26, 0xA0	; 160
    1f20:	bf 4f       	sbci	r27, 0xFF	; 255
    1f22:	8d 91       	ld	r24, X+
    1f24:	9c 91       	ld	r25, X
    1f26:	0c 01       	movw	r0, r24
    1f28:	d7 be       	out	0x37, r13	; 55
    1f2a:	e8 95       	spm
    1f2c:	11 24       	eor	r1, r1
    1f2e:	2e 5f       	subi	r18, 0xFE	; 254
    1f30:	3f 4f       	sbci	r19, 0xFF	; 255
    1f32:	12 13       	cpse	r17, r18
    1f34:	f0 cf       	rjmp	.-32     	; 0x1f16 <main+0x112>
    1f36:	fe 01       	movw	r30, r28
    1f38:	c7 be       	out	0x37, r12	; 55
    1f3a:	e8 95       	spm
    1f3c:	07 b6       	in	r0, 0x37	; 55
    1f3e:	00 fc       	sbrc	r0, 0
    1f40:	fd cf       	rjmp	.-6      	; 0x1f3c <main+0x138>
    1f42:	b7 be       	out	0x37, r11	; 55
    1f44:	e8 95       	spm
    1f46:	a8 cf       	rjmp	.-176    	; 0x1e98 <main+0x94>
    1f48:	84 37       	cpi	r24, 0x74	; 116
    1f4a:	71 f4       	brne	.+28     	; 0x1f68 <main+0x164>
    1f4c:	20 d0       	rcall	.+64     	; 0x1f8e <getch>
    1f4e:	1f d0       	rcall	.+62     	; 0x1f8e <getch>
    1f50:	f8 2e       	mov	r15, r24
    1f52:	1d d0       	rcall	.+58     	; 0x1f8e <getch>
    1f54:	27 d0       	rcall	.+78     	; 0x1fa4 <verifySpace>
    1f56:	8e 01       	movw	r16, r28
    1f58:	f8 01       	movw	r30, r16
    1f5a:	85 91       	lpm	r24, Z+
    1f5c:	8f 01       	movw	r16, r30
    1f5e:	13 d0       	rcall	.+38     	; 0x1f86 <putch>
    1f60:	fa 94       	dec	r15
    1f62:	f1 10       	cpse	r15, r1
    1f64:	f9 cf       	rjmp	.-14     	; 0x1f58 <main+0x154>
    1f66:	98 cf       	rjmp	.-208    	; 0x1e98 <main+0x94>
    1f68:	85 37       	cpi	r24, 0x75	; 117
    1f6a:	39 f4       	brne	.+14     	; 0x1f7a <main+0x176>
    1f6c:	1b d0       	rcall	.+54     	; 0x1fa4 <verifySpace>
    1f6e:	8e e1       	ldi	r24, 0x1E	; 30
    1f70:	0a d0       	rcall	.+20     	; 0x1f86 <putch>
    1f72:	83 e9       	ldi	r24, 0x93	; 147
    1f74:	08 d0       	rcall	.+16     	; 0x1f86 <putch>
    1f76:	87 e0       	ldi	r24, 0x07	; 7
    1f78:	8e cf       	rjmp	.-228    	; 0x1e96 <main+0x92>
    1f7a:	81 35       	cpi	r24, 0x51	; 81
    1f7c:	09 f0       	breq	.+2      	; 0x1f80 <main+0x17c>
    1f7e:	a0 cf       	rjmp	.-192    	; 0x1ec0 <main+0xbc>
    1f80:	88 e0       	ldi	r24, 0x08	; 8
    1f82:	0c d0       	rcall	.+24     	; 0x1f9c <watchdogConfig>
    1f84:	9d cf       	rjmp	.-198    	; 0x1ec0 <main+0xbc>

00001f86 <putch>:
  RS485_PORT |= _BV(RS485_BIT);
# else
  RS485_PORT &= ~_BV(RS485_BIT);
# endif
#else //not RS485
  while (!(UART_SRA & _BV(UDRE0))) {  /* Spin */ }
    1f86:	5d 9b       	sbis	0x0b, 5	; 11
    1f88:	fe cf       	rjmp	.-4      	; 0x1f86 <putch>
  UART_UDR = ch;
    1f8a:	8c b9       	out	0x0c, r24	; 12
  #else
  RS485_PORT &= ~_BV(RS485_BIT);
  #endif
#endif
#endif // SOFT_UART
}
    1f8c:	08 95       	ret

00001f8e <getch>:
    :
    "r25"
    );
#else
#ifndef LIN_UART
  while (!(UART_SRA & _BV(RXC0)))  {  /* Spin */ }
    1f8e:	5f 9b       	sbis	0x0b, 7	; 11
    1f90:	fe cf       	rjmp	.-4      	; 0x1f8e <getch>
  if (!(UART_SRA & _BV(FE0))) {
    1f92:	5c 99       	sbic	0x0b, 4	; 11
    1f94:	01 c0       	rjmp	.+2      	; 0x1f98 <getch+0xa>
}
#endif

// Watchdog functions. These are only safe with interrupts turned off.
void watchdogReset() {
  __asm__ __volatile__ (
    1f96:	a8 95       	wdr
  ch = UART_UDR;
    1f98:	8c b1       	in	r24, 0x0c	; 12
}
    1f9a:	08 95       	ret

00001f9c <watchdogConfig>:
}

void watchdogConfig(uint8_t x) {
#ifdef WDCE //does it have a Watchdog Change Enable?
#ifdef WDTCSR
  WDTCSR = _BV(WDCE) | _BV(WDE);
    1f9c:	98 e1       	ldi	r25, 0x18	; 24
    1f9e:	91 bd       	out	0x21, r25	; 33
#else //then it must be one of those newfangled ones that use CCP
  CCP=0xD8; //so write this magic number to CCP
#endif

#ifdef WDTCSR
  WDTCSR = x;
    1fa0:	81 bd       	out	0x21, r24	; 33
#else
  WDTCR= x;
#endif
}
    1fa2:	08 95       	ret

00001fa4 <verifySpace>:
  if (getch() != CRC_EOP) {
    1fa4:	f4 df       	rcall	.-24     	; 0x1f8e <getch>
    1fa6:	80 32       	cpi	r24, 0x20	; 32
    1fa8:	19 f0       	breq	.+6      	; 0x1fb0 <verifySpace+0xc>
    watchdogConfig(WATCHDOG_16MS);    // shorten WD timeout
    1faa:	88 e0       	ldi	r24, 0x08	; 8
    1fac:	f7 df       	rcall	.-18     	; 0x1f9c <watchdogConfig>
    1fae:	ff cf       	rjmp	.-2      	; 0x1fae <verifySpace+0xa>
  putch(STK_INSYNC);
    1fb0:	84 e1       	ldi	r24, 0x14	; 20
    1fb2:	e9 cf       	rjmp	.-46     	; 0x1f86 <putch>

00001fb4 <getNch>:
void getNch(uint8_t count) {
    1fb4:	cf 93       	push	r28
    1fb6:	c8 2f       	mov	r28, r24
  do getch(); while (--count);
    1fb8:	ea df       	rcall	.-44     	; 0x1f8e <getch>
    1fba:	c1 50       	subi	r28, 0x01	; 1
    1fbc:	e9 f7       	brne	.-6      	; 0x1fb8 <getNch+0x4>
}
    1fbe:	cf 91       	pop	r28
  verifySpace();
    1fc0:	f1 cf       	rjmp	.-30     	; 0x1fa4 <verifySpace>

00001fc2 <do_spm>:
 *   data=0 in WRITE
 */
static void do_spm(uint16_t address, uint8_t command, uint16_t data)  __attribute__ ((used));
static void do_spm(uint16_t address, uint8_t command, uint16_t data) {
  // Do spm stuff
  asm volatile (
    1fc2:	fc 01       	movw	r30, r24
    1fc4:	0a 01       	movw	r0, r20
    1fc6:	67 bf       	out	0x37, r22	; 55
    1fc8:	e8 95       	spm
    1fca:	11 24       	eor	r1, r1
    );

  // wait for spm to complete
  //   it doesn't have much sense for __BOOT_PAGE_FILL,
  //   but it doesn't hurt and saves some bytes on 'if'
  boot_spm_busy_wait();
    1fcc:	07 b6       	in	r0, 0x37	; 55
    1fce:	00 fc       	sbrc	r0, 0
    1fd0:	fd cf       	rjmp	.-6      	; 0x1fcc <do_spm+0xa>
#if defined(RWWSRE)
  // this 'if' condition should be: (command == __BOOT_PAGE_WRITE || command == __BOOT_PAGE_ERASE)...
  // but it's tweaked a little assuming that in every command we are interested in here, there
  // must be also SELFPRGEN set. If we skip checking this bit, we save here 4B
  if ((command & (_BV(PGWRT)|_BV(PGERS))) && (data == 0) ) {
    1fd2:	66 70       	andi	r22, 0x06	; 6
    1fd4:	29 f0       	breq	.+10     	; 0x1fe0 <do_spm+0x1e>
    1fd6:	45 2b       	or	r20, r21
    1fd8:	19 f4       	brne	.+6      	; 0x1fe0 <do_spm+0x1e>
    // Reenable read access to flash
    __boot_rww_enable_short();
    1fda:	81 e1       	ldi	r24, 0x11	; 17
    1fdc:	87 bf       	out	0x37, r24	; 55
    1fde:	e8 95       	spm
  }
#endif
}
    1fe0:	08 95       	ret
