
optiboot_atmega128_UART1_57600_12000000L.elf:     file format elf32-avr

Sections:
Idx Name          Size      VMA       LMA       File off  Algn
  0 .data         00000000  00800100  0001ff24  000003b8  2**0
                  CONTENTS, ALLOC, LOAD, DATA
  1 .text         00000324  0001fc00  0001fc00  00000094  2**1
                  CONTENTS, ALLOC, LOAD, READONLY, CODE
  2 .version      00000002  0001fffe  0001fffe  000003b8  2**0
                  CONTENTS, ALLOC, LOAD, READONLY, DATA
  3 .stab         00000a50  00000000  00000000  000003bc  2**2
                  CONTENTS, READONLY, DEBUGGING
  4 .stabstr      0000048b  00000000  00000000  00000e0c  2**0
                  CONTENTS, READONLY, DEBUGGING
  5 .comment      00000012  00000000  00000000  00001297  2**0
                  CONTENTS, READONLY

Disassembly of section .text:

0001fc00 <pre_main>:
/* everything that needs to run VERY early */
void pre_main(void) {
  // Allow convenient way of calling do_spm function - jump table, so
  //   entry to this function will always be here, independent of
  //   compilation, features etc
  asm volatile (
   1fc00:	01 c0       	rjmp	.+2      	; 0x1fc04 <main>
   1fc02:	25 c1       	rjmp	.+586    	; 0x1fe4e <do_spm>

0001fc04 <main>:
   1fc04:	11 24       	eor	r1, r1
   1fc06:	8f ef       	ldi	r24, 0xFF	; 255
   1fc08:	90 e1       	ldi	r25, 0x10	; 16
   1fc0a:	9e bf       	out	0x3e, r25	; 62
   1fc0c:	8d bf       	out	0x3d, r24	; 61
   1fc0e:	84 b7       	in	r24, 0x34	; 52
   1fc10:	88 23       	and	r24, r24
   1fc12:	69 f0       	breq	.+26     	; 0x1fc2e <main+0x2a>
   1fc14:	98 2f       	mov	r25, r24
   1fc16:	9a 70       	andi	r25, 0x0A	; 10
   1fc18:	92 30       	cpi	r25, 0x02	; 2
   1fc1a:	49 f0       	breq	.+18     	; 0x1fc2e <main+0x2a>
   1fc1c:	81 ff       	sbrs	r24, 1
   1fc1e:	02 c0       	rjmp	.+4      	; 0x1fc24 <main+0x20>
   1fc20:	97 ef       	ldi	r25, 0xF7	; 247
   1fc22:	94 bf       	out	0x34, r25	; 52
   1fc24:	28 2e       	mov	r2, r24
   1fc26:	80 e0       	ldi	r24, 0x00	; 0
   1fc28:	ff d0       	rcall	.+510    	; 0x1fe28 <watchdogConfig>
   1fc2a:	0c 94 00 00 	jmp	0	; 0x0 <__tmp_reg__>
   1fc2e:	85 e0       	ldi	r24, 0x05	; 5
   1fc30:	8e bd       	out	0x2e, r24	; 46
   1fc32:	82 e0       	ldi	r24, 0x02	; 2
   1fc34:	80 93 9b 00 	sts	0x009B, r24	; 0x80009b <__TEXT_REGION_LENGTH__+0x7e009b>
   1fc38:	88 e1       	ldi	r24, 0x18	; 24
   1fc3a:	80 93 9a 00 	sts	0x009A, r24	; 0x80009a <__TEXT_REGION_LENGTH__+0x7e009a>
   1fc3e:	86 e0       	ldi	r24, 0x06	; 6
   1fc40:	80 93 9d 00 	sts	0x009D, r24	; 0x80009d <__TEXT_REGION_LENGTH__+0x7e009d>
   1fc44:	89 e1       	ldi	r24, 0x19	; 25
   1fc46:	80 93 99 00 	sts	0x0099, r24	; 0x800099 <__TEXT_REGION_LENGTH__+0x7e0099>
   1fc4a:	8e e0       	ldi	r24, 0x0E	; 14
   1fc4c:	ed d0       	rcall	.+474    	; 0x1fe28 <watchdogConfig>
   1fc4e:	bd 9a       	sbi	0x17, 5	; 23
   1fc50:	84 e0       	ldi	r24, 0x04	; 4
   1fc52:	24 e2       	ldi	r18, 0x24	; 36
   1fc54:	3d ef       	ldi	r19, 0xFD	; 253
   1fc56:	44 e0       	ldi	r20, 0x04	; 4
   1fc58:	50 e2       	ldi	r21, 0x20	; 32
   1fc5a:	3d bd       	out	0x2d, r19	; 45
   1fc5c:	2c bd       	out	0x2c, r18	; 44
   1fc5e:	46 bf       	out	0x36, r20	; 54
   1fc60:	06 b6       	in	r0, 0x36	; 54
   1fc62:	02 fe       	sbrs	r0, 2
   1fc64:	fd cf       	rjmp	.-6      	; 0x1fc60 <main+0x5c>
   1fc66:	98 b3       	in	r25, 0x18	; 24
   1fc68:	95 27       	eor	r25, r21
   1fc6a:	98 bb       	out	0x18, r25	; 24
   1fc6c:	a8 95       	wdr
   1fc6e:	90 91 9b 00 	lds	r25, 0x009B	; 0x80009b <__TEXT_REGION_LENGTH__+0x7e009b>
   1fc72:	97 fd       	sbrc	r25, 7
   1fc74:	02 c0       	rjmp	.+4      	; 0x1fc7a <main+0x76>
   1fc76:	81 50       	subi	r24, 0x01	; 1
   1fc78:	81 f7       	brne	.-32     	; 0x1fc5a <main+0x56>
   1fc7a:	43 e0       	ldi	r20, 0x03	; 3
   1fc7c:	b4 2e       	mov	r11, r20
   1fc7e:	aa 24       	eor	r10, r10
   1fc80:	a3 94       	inc	r10
   1fc82:	55 e0       	ldi	r21, 0x05	; 5
   1fc84:	75 2e       	mov	r7, r21
   1fc86:	61 e1       	ldi	r22, 0x11	; 17
   1fc88:	66 2e       	mov	r6, r22
   1fc8a:	c2 d0       	rcall	.+388    	; 0x1fe10 <getch>
   1fc8c:	81 34       	cpi	r24, 0x41	; 65
   1fc8e:	79 f4       	brne	.+30     	; 0x1fcae <main+0xaa>
   1fc90:	bf d0       	rcall	.+382    	; 0x1fe10 <getch>
   1fc92:	c8 2f       	mov	r28, r24
   1fc94:	cd d0       	rcall	.+410    	; 0x1fe30 <verifySpace>
   1fc96:	c2 38       	cpi	r28, 0x82	; 130
   1fc98:	11 f4       	brne	.+4      	; 0x1fc9e <main+0x9a>
   1fc9a:	82 e0       	ldi	r24, 0x02	; 2
   1fc9c:	04 c0       	rjmp	.+8      	; 0x1fca6 <main+0xa2>
   1fc9e:	88 e0       	ldi	r24, 0x08	; 8
   1fca0:	c1 38       	cpi	r28, 0x81	; 129
   1fca2:	09 f0       	breq	.+2      	; 0x1fca6 <main+0xa2>
   1fca4:	83 e0       	ldi	r24, 0x03	; 3
   1fca6:	ad d0       	rcall	.+346    	; 0x1fe02 <putch>
   1fca8:	80 e1       	ldi	r24, 0x10	; 16
   1fcaa:	ab d0       	rcall	.+342    	; 0x1fe02 <putch>
   1fcac:	ee cf       	rjmp	.-36     	; 0x1fc8a <main+0x86>
   1fcae:	82 34       	cpi	r24, 0x42	; 66
   1fcb0:	19 f4       	brne	.+6      	; 0x1fcb8 <main+0xb4>
   1fcb2:	84 e1       	ldi	r24, 0x14	; 20
   1fcb4:	c5 d0       	rcall	.+394    	; 0x1fe40 <getNch>
   1fcb6:	f8 cf       	rjmp	.-16     	; 0x1fca8 <main+0xa4>
   1fcb8:	85 34       	cpi	r24, 0x45	; 69
   1fcba:	11 f4       	brne	.+4      	; 0x1fcc0 <main+0xbc>
   1fcbc:	85 e0       	ldi	r24, 0x05	; 5
   1fcbe:	fa cf       	rjmp	.-12     	; 0x1fcb4 <main+0xb0>
   1fcc0:	85 35       	cpi	r24, 0x55	; 85
   1fcc2:	81 f4       	brne	.+32     	; 0x1fce4 <main+0xe0>
   1fcc4:	a5 d0       	rcall	.+330    	; 0x1fe10 <getch>
   1fcc6:	08 2f       	mov	r16, r24
   1fcc8:	a3 d0       	rcall	.+326    	; 0x1fe10 <getch>
   1fcca:	18 2f       	mov	r17, r24
   1fccc:	87 ff       	sbrs	r24, 7
   1fcce:	07 c0       	rjmp	.+14     	; 0x1fcde <main+0xda>
   1fcd0:	8b b7       	in	r24, 0x3b	; 59
   1fcd2:	81 60       	ori	r24, 0x01	; 1
   1fcd4:	8b bf       	out	0x3b, r24	; 59
   1fcd6:	00 0f       	add	r16, r16
   1fcd8:	11 1f       	adc	r17, r17
   1fcda:	aa d0       	rcall	.+340    	; 0x1fe30 <verifySpace>
   1fcdc:	e5 cf       	rjmp	.-54     	; 0x1fca8 <main+0xa4>
   1fcde:	8b b7       	in	r24, 0x3b	; 59
   1fce0:	8e 7f       	andi	r24, 0xFE	; 254
   1fce2:	f8 cf       	rjmp	.-16     	; 0x1fcd4 <main+0xd0>
   1fce4:	86 35       	cpi	r24, 0x56	; 86
   1fce6:	81 f4       	brne	.+32     	; 0x1fd08 <main+0x104>
   1fce8:	93 d0       	rcall	.+294    	; 0x1fe10 <getch>
   1fcea:	8d 34       	cpi	r24, 0x4D	; 77
   1fcec:	59 f4       	brne	.+22     	; 0x1fd04 <main+0x100>
   1fcee:	90 d0       	rcall	.+288    	; 0x1fe10 <getch>
   1fcf0:	cb b7       	in	r28, 0x3b	; 59
   1fcf2:	8e d0       	rcall	.+284    	; 0x1fe10 <getch>
   1fcf4:	c1 70       	andi	r28, 0x01	; 1
   1fcf6:	88 0f       	add	r24, r24
   1fcf8:	8c 2b       	or	r24, r28
   1fcfa:	8b bf       	out	0x3b, r24	; 59
   1fcfc:	81 e0       	ldi	r24, 0x01	; 1
   1fcfe:	a0 d0       	rcall	.+320    	; 0x1fe40 <getNch>
   1fd00:	80 e0       	ldi	r24, 0x00	; 0
   1fd02:	d1 cf       	rjmp	.-94     	; 0x1fca6 <main+0xa2>
   1fd04:	83 e0       	ldi	r24, 0x03	; 3
   1fd06:	fb cf       	rjmp	.-10     	; 0x1fcfe <main+0xfa>
   1fd08:	84 36       	cpi	r24, 0x64	; 100
   1fd0a:	09 f0       	breq	.+2      	; 0x1fd0e <main+0x10a>
   1fd0c:	4b c0       	rjmp	.+150    	; 0x1fda4 <main+0x1a0>
   1fd0e:	80 d0       	rcall	.+256    	; 0x1fe10 <getch>
   1fd10:	e8 2e       	mov	r14, r24
   1fd12:	f1 2c       	mov	r15, r1
   1fd14:	fe 2c       	mov	r15, r14
   1fd16:	ee 24       	eor	r14, r14
   1fd18:	7b d0       	rcall	.+246    	; 0x1fe10 <getch>
   1fd1a:	e8 2a       	or	r14, r24
   1fd1c:	79 d0       	rcall	.+242    	; 0x1fe10 <getch>
   1fd1e:	58 2e       	mov	r5, r24
   1fd20:	e7 01       	movw	r28, r14
   1fd22:	c1 2c       	mov	r12, r1
   1fd24:	dd 24       	eor	r13, r13
   1fd26:	d3 94       	inc	r13
   1fd28:	46 01       	movw	r8, r12
   1fd2a:	8f ef       	ldi	r24, 0xFF	; 255
   1fd2c:	c8 1a       	sub	r12, r24
   1fd2e:	d8 0a       	sbc	r13, r24
   1fd30:	6f d0       	rcall	.+222    	; 0x1fe10 <getch>
   1fd32:	f4 01       	movw	r30, r8
   1fd34:	80 83       	st	Z, r24
   1fd36:	21 97       	sbiw	r28, 0x01	; 1
   1fd38:	b9 f7       	brne	.-18     	; 0x1fd28 <main+0x124>
   1fd3a:	7a d0       	rcall	.+244    	; 0x1fe30 <verifySpace>
   1fd3c:	f5 e4       	ldi	r31, 0x45	; 69
   1fd3e:	5f 12       	cpse	r5, r31
   1fd40:	0d c0       	rjmp	.+26     	; 0x1fd5c <main+0x158>
   1fd42:	fe 01       	movw	r30, r28
   1fd44:	f3 95       	inc	r31
   1fd46:	ec 16       	cp	r14, r28
   1fd48:	fd 06       	cpc	r15, r29
   1fd4a:	09 f4       	brne	.+2      	; 0x1fd4e <main+0x14a>
   1fd4c:	ad cf       	rjmp	.-166    	; 0x1fca8 <main+0xa4>
   1fd4e:	60 81       	ld	r22, Z
   1fd50:	ce 01       	movw	r24, r28
   1fd52:	80 0f       	add	r24, r16
   1fd54:	91 1f       	adc	r25, r17
   1fd56:	96 d0       	rcall	.+300    	; 0x1fe84 <eeprom_write_byte>
   1fd58:	21 96       	adiw	r28, 0x01	; 1
   1fd5a:	f3 cf       	rjmp	.-26     	; 0x1fd42 <main+0x13e>
   1fd5c:	f8 01       	movw	r30, r16
   1fd5e:	b0 92 68 00 	sts	0x0068, r11	; 0x800068 <__TEXT_REGION_LENGTH__+0x7e0068>
   1fd62:	e8 95       	spm
   1fd64:	80 91 68 00 	lds	r24, 0x0068	; 0x800068 <__TEXT_REGION_LENGTH__+0x7e0068>
   1fd68:	80 fd       	sbrc	r24, 0
   1fd6a:	fc cf       	rjmp	.-8      	; 0x1fd64 <main+0x160>
   1fd6c:	fe 01       	movw	r30, r28
   1fd6e:	e0 0f       	add	r30, r16
   1fd70:	f1 1f       	adc	r31, r17
   1fd72:	de 01       	movw	r26, r28
   1fd74:	b3 95       	inc	r27
   1fd76:	8d 91       	ld	r24, X+
   1fd78:	9c 91       	ld	r25, X
   1fd7a:	0c 01       	movw	r0, r24
   1fd7c:	a0 92 68 00 	sts	0x0068, r10	; 0x800068 <__TEXT_REGION_LENGTH__+0x7e0068>
   1fd80:	e8 95       	spm
   1fd82:	11 24       	eor	r1, r1
   1fd84:	22 96       	adiw	r28, 0x02	; 2
   1fd86:	ec 16       	cp	r14, r28
   1fd88:	fd 06       	cpc	r15, r29
   1fd8a:	81 f7       	brne	.-32     	; 0x1fd6c <main+0x168>
   1fd8c:	f8 01       	movw	r30, r16
   1fd8e:	70 92 68 00 	sts	0x0068, r7	; 0x800068 <__TEXT_REGION_LENGTH__+0x7e0068>
   1fd92:	e8 95       	spm
   1fd94:	80 91 68 00 	lds	r24, 0x0068	; 0x800068 <__TEXT_REGION_LENGTH__+0x7e0068>
   1fd98:	80 fd       	sbrc	r24, 0
   1fd9a:	fc cf       	rjmp	.-8      	; 0x1fd94 <main+0x190>
   1fd9c:	60 92 68 00 	sts	0x0068, r6	; 0x800068 <__TEXT_REGION_LENGTH__+0x7e0068>
   1fda0:	e8 95       	spm
   1fda2:	82 cf       	rjmp	.-252    	; 0x1fca8 <main+0xa4>
   1fda4:	84 37       	cpi	r24, 0x74	; 116
   1fda6:	f9 f4       	brne	.+62     	; 0x1fde6 <main+0x1e2>
   1fda8:	33 d0       	rcall	.+102    	; 0x1fe10 <getch>
   1fdaa:	c8 2f       	mov	r28, r24
   1fdac:	d0 e0       	ldi	r29, 0x00	; 0
   1fdae:	dc 2f       	mov	r29, r28
   1fdb0:	cc 27       	eor	r28, r28
   1fdb2:	2e d0       	rcall	.+92     	; 0x1fe10 <getch>
   1fdb4:	c8 2b       	or	r28, r24
   1fdb6:	2c d0       	rcall	.+88     	; 0x1fe10 <getch>
   1fdb8:	d8 2e       	mov	r13, r24
   1fdba:	3a d0       	rcall	.+116    	; 0x1fe30 <verifySpace>
   1fdbc:	78 01       	movw	r14, r16
   1fdbe:	f5 e4       	ldi	r31, 0x45	; 69
   1fdc0:	df 12       	cpse	r13, r31
   1fdc2:	0a c0       	rjmp	.+20     	; 0x1fdd8 <main+0x1d4>
   1fdc4:	c7 01       	movw	r24, r14
   1fdc6:	56 d0       	rcall	.+172    	; 0x1fe74 <eeprom_read_byte>
   1fdc8:	1c d0       	rcall	.+56     	; 0x1fe02 <putch>
   1fdca:	21 97       	sbiw	r28, 0x01	; 1
   1fdcc:	8f ef       	ldi	r24, 0xFF	; 255
   1fdce:	e8 1a       	sub	r14, r24
   1fdd0:	f8 0a       	sbc	r15, r24
   1fdd2:	20 97       	sbiw	r28, 0x00	; 0
   1fdd4:	b9 f7       	brne	.-18     	; 0x1fdc4 <main+0x1c0>
   1fdd6:	68 cf       	rjmp	.-304    	; 0x1fca8 <main+0xa4>
   1fdd8:	f7 01       	movw	r30, r14
   1fdda:	87 91       	elpm	r24, Z+
   1fddc:	7f 01       	movw	r14, r30
   1fdde:	11 d0       	rcall	.+34     	; 0x1fe02 <putch>
   1fde0:	21 97       	sbiw	r28, 0x01	; 1
   1fde2:	d1 f7       	brne	.-12     	; 0x1fdd8 <main+0x1d4>
   1fde4:	61 cf       	rjmp	.-318    	; 0x1fca8 <main+0xa4>
   1fde6:	85 37       	cpi	r24, 0x75	; 117
   1fde8:	31 f4       	brne	.+12     	; 0x1fdf6 <main+0x1f2>
   1fdea:	22 d0       	rcall	.+68     	; 0x1fe30 <verifySpace>
   1fdec:	8e e1       	ldi	r24, 0x1E	; 30
   1fdee:	09 d0       	rcall	.+18     	; 0x1fe02 <putch>
   1fdf0:	87 e9       	ldi	r24, 0x97	; 151
   1fdf2:	07 d0       	rcall	.+14     	; 0x1fe02 <putch>
   1fdf4:	52 cf       	rjmp	.-348    	; 0x1fc9a <main+0x96>
   1fdf6:	81 35       	cpi	r24, 0x51	; 81
   1fdf8:	09 f0       	breq	.+2      	; 0x1fdfc <main+0x1f8>
   1fdfa:	6f cf       	rjmp	.-290    	; 0x1fcda <main+0xd6>
   1fdfc:	88 e0       	ldi	r24, 0x08	; 8
   1fdfe:	14 d0       	rcall	.+40     	; 0x1fe28 <watchdogConfig>
   1fe00:	6c cf       	rjmp	.-296    	; 0x1fcda <main+0xd6>

0001fe02 <putch>:
  RS485_PORT |= _BV(RS485_BIT);
# else
  RS485_PORT &= ~_BV(RS485_BIT);
# endif
#else //not RS485
  while (!(UART_SRA & _BV(UDRE0))) {  /* Spin */ }
   1fe02:	90 91 9b 00 	lds	r25, 0x009B	; 0x80009b <__TEXT_REGION_LENGTH__+0x7e009b>
   1fe06:	95 ff       	sbrs	r25, 5
   1fe08:	fc cf       	rjmp	.-8      	; 0x1fe02 <putch>
  UART_UDR = ch;
   1fe0a:	80 93 9c 00 	sts	0x009C, r24	; 0x80009c <__TEXT_REGION_LENGTH__+0x7e009c>
  #else
  RS485_PORT &= ~_BV(RS485_BIT);
  #endif
#endif
#endif // SOFT_UART
}
   1fe0e:	08 95       	ret

0001fe10 <getch>:
    :
    "r25"
    );
#else
#ifndef LIN_UART
  while (!(UART_SRA & _BV(RXC0)))  {  /* Spin */ }
   1fe10:	80 91 9b 00 	lds	r24, 0x009B	; 0x80009b <__TEXT_REGION_LENGTH__+0x7e009b>
   1fe14:	87 ff       	sbrs	r24, 7
   1fe16:	fc cf       	rjmp	.-8      	; 0x1fe10 <getch>
  if (!(UART_SRA & _BV(FE0))) {
   1fe18:	80 91 9b 00 	lds	r24, 0x009B	; 0x80009b <__TEXT_REGION_LENGTH__+0x7e009b>
   1fe1c:	84 fd       	sbrc	r24, 4
   1fe1e:	01 c0       	rjmp	.+2      	; 0x1fe22 <getch+0x12>
}
#endif

// Watchdog functions. These are only safe with interrupts turned off.
void watchdogReset() {
  __asm__ __volatile__ (
   1fe20:	a8 95       	wdr
  ch = UART_UDR;
   1fe22:	80 91 9c 00 	lds	r24, 0x009C	; 0x80009c <__TEXT_REGION_LENGTH__+0x7e009c>
}
   1fe26:	08 95       	ret

0001fe28 <watchdogConfig>:
}

void watchdogConfig(uint8_t x) {
#ifdef WDCE //does it have a Watchdog Change Enable?
#ifdef WDTCSR
  WDTCSR = _BV(WDCE) | _BV(WDE);
   1fe28:	98 e1       	ldi	r25, 0x18	; 24
   1fe2a:	91 bd       	out	0x21, r25	; 33
#else //then it must be one of those newfangled ones that use CCP
  CCP=0xD8; //so write this magic number to CCP
#endif

#ifdef WDTCSR
  WDTCSR = x;
   1fe2c:	81 bd       	out	0x21, r24	; 33
#else
  WDTCR= x;
#endif
}
   1fe2e:	08 95       	ret

0001fe30 <verifySpace>:
  if (getch() != CRC_EOP) {
   1fe30:	ef df       	rcall	.-34     	; 0x1fe10 <getch>
   1fe32:	80 32       	cpi	r24, 0x20	; 32
   1fe34:	19 f0       	breq	.+6      	; 0x1fe3c <verifySpace+0xc>
    watchdogConfig(WATCHDOG_16MS);    // shorten WD timeout
   1fe36:	88 e0       	ldi	r24, 0x08	; 8
   1fe38:	f7 df       	rcall	.-18     	; 0x1fe28 <watchdogConfig>
   1fe3a:	ff cf       	rjmp	.-2      	; 0x1fe3a <verifySpace+0xa>
  putch(STK_INSYNC);
   1fe3c:	84 e1       	ldi	r24, 0x14	; 20
   1fe3e:	e1 cf       	rjmp	.-62     	; 0x1fe02 <putch>

0001fe40 <getNch>:
void getNch(uint8_t count) {
   1fe40:	cf 93       	push	r28
   1fe42:	c8 2f       	mov	r28, r24
  do getch(); while (--count);
   1fe44:	e5 df       	rcall	.-54     	; 0x1fe10 <getch>
   1fe46:	c1 50       	subi	r28, 0x01	; 1
   1fe48:	e9 f7       	brne	.-6      	; 0x1fe44 <getNch+0x4>
}
   1fe4a:	cf 91       	pop	r28
  verifySpace();
   1fe4c:	f1 cf       	rjmp	.-30     	; 0x1fe30 <verifySpace>

0001fe4e <do_spm>:
 *   data=0 in WRITE
 */
static void do_spm(uint16_t address, uint8_t command, uint16_t data)  __attribute__ ((used));
static void do_spm(uint16_t address, uint8_t command, uint16_t data) {
  // Do spm stuff
  asm volatile (
   1fe4e:	fc 01       	movw	r30, r24
   1fe50:	0a 01       	movw	r0, r20
   1fe52:	60 93 68 00 	sts	0x0068, r22	; 0x800068 <__TEXT_REGION_LENGTH__+0x7e0068>
   1fe56:	e8 95       	spm
   1fe58:	11 24       	eor	r1, r1
    );

  // wait for spm to complete
  //   it doesn't have much sense for __BOOT_PAGE_FILL,
  //   but it doesn't hurt and saves some bytes on 'if'
  boot_spm_busy_wait();
   1fe5a:	80 91 68 00 	lds	r24, 0x0068	; 0x800068 <__TEXT_REGION_LENGTH__+0x7e0068>
   1fe5e:	80 fd       	sbrc	r24, 0
   1fe60:	fc cf       	rjmp	.-8      	; 0x1fe5a <do_spm+0xc>
#if defined(RWWSRE)
  // this 'if' condition should be: (command == __BOOT_PAGE_WRITE || command == __BOOT_PAGE_ERASE)...
  // but it's tweaked a little assuming that in every command we are interested in here, there
  // must be also SELFPRGEN set. If we skip checking this bit, we save here 4B
  if ((command & (_BV(PGWRT)|_BV(PGERS))) && (data == 0) ) {
   1fe62:	66 70       	andi	r22, 0x06	; 6
   1fe64:	31 f0       	breq	.+12     	; 0x1fe72 <do_spm+0x24>
   1fe66:	45 2b       	or	r20, r21
   1fe68:	21 f4       	brne	.+8      	; 0x1fe72 <do_spm+0x24>
    // Reenable read access to flash
    __boot_rww_enable_short();
   1fe6a:	81 e1       	ldi	r24, 0x11	; 17
   1fe6c:	80 93 68 00 	sts	0x0068, r24	; 0x800068 <__TEXT_REGION_LENGTH__+0x7e0068>
   1fe70:	e8 95       	spm
  }
#endif
}
   1fe72:	08 95       	ret

0001fe74 <eeprom_read_byte>:
   1fe74:	e1 99       	sbic	0x1c, 1	; 28
   1fe76:	fe cf       	rjmp	.-4      	; 0x1fe74 <eeprom_read_byte>
   1fe78:	9f bb       	out	0x1f, r25	; 31
   1fe7a:	8e bb       	out	0x1e, r24	; 30
   1fe7c:	e0 9a       	sbi	0x1c, 0	; 28
   1fe7e:	99 27       	eor	r25, r25
   1fe80:	8d b3       	in	r24, 0x1d	; 29
   1fe82:	08 95       	ret

0001fe84 <eeprom_write_byte>:
   1fe84:	26 2f       	mov	r18, r22

0001fe86 <eeprom_write_r18>:
   1fe86:	e1 99       	sbic	0x1c, 1	; 28
   1fe88:	fe cf       	rjmp	.-4      	; 0x1fe86 <eeprom_write_r18>
   1fe8a:	9f bb       	out	0x1f, r25	; 31
   1fe8c:	8e bb       	out	0x1e, r24	; 30
   1fe8e:	2d bb       	out	0x1d, r18	; 29
   1fe90:	0f b6       	in	r0, 0x3f	; 63
   1fe92:	f8 94       	cli
   1fe94:	e2 9a       	sbi	0x1c, 2	; 28
   1fe96:	e1 9a       	sbi	0x1c, 1	; 28
   1fe98:	0f be       	out	0x3f, r0	; 63
   1fe9a:	01 96       	adiw	r24, 0x01	; 1
   1fe9c:	08 95       	ret

0001fe9e <f_delimit>:
   1fe9e:	ff                                                  .

0001fe9f <f_version>:
   1fe9f:	56 65 72 73 69 6f 6e 3d 38 2e 32 00                 Version=8.2.

0001feab <f_device>:
   1feab:	44 65 76 69 63 65 3d 61 74 6d 65 67 61 31 32 38     Device=atmega128
	...

0001febc <fF_CPU>:
   1febc:	46 5f 43 50 55 3d 31 32 30 30 30 30 30 30 4c 00     F_CPU=12000000L.

0001fecc <fBIGBOOT>:
   1fecc:	42 49 47 42 4f 4f 54 3d 31 00                       BIGBOOT=1.

0001fed6 <f_date>:
   1fed6:	42 75 69 6c 74 3a 4a 75 6c 20 31 38 20 32 30 32     Built:Jul 18 202
   1fee6:	31 3a 32 33 3a 31 39 3a 35 30 00                    1:23:19:50.

0001fef1 <fUART>:
   1fef1:	55 41 52 54 3d 31 00                                UART=1.

0001fef8 <fBAUD_RATE>:
   1fef8:	42 41 55 44 5f 52 41 54 45 3d 35 37 36 30 30 00     BAUD_RATE=57600.

0001ff08 <f_LED>:
   1ff08:	4c 45 44 3d 42 35 00                                LED=B5.

0001ff0f <fLED_START_FLASHES>:
   1ff0f:	4c 45 44 5f 53 54 41 52 54 5f 46 4c 41 53 48 45     LED_START_FLASHE
   1ff1f:	53 3d 32 00 00                                      S=2..
