
optiboot_attiny44.elf:     Dateiformat elf32-avr

Sektionen:
Idx Name          Size      VMA       LMA       File off  Algn
  0 .text         00000250  00000d80  00000d80  00000094  2**1
                  CONTENTS, ALLOC, LOAD, READONLY, CODE
  1 .version      00000002  00000ffe  00000ffe  000002e4  2**0
                  CONTENTS, ALLOC, LOAD, READONLY, DATA
  2 .data         00000000  00800060  00000fd0  000002e4  2**0
                  CONTENTS, ALLOC, LOAD, DATA
  3 .stab         00000dd4  00000000  00000000  000002e8  2**2
                  CONTENTS, READONLY, DEBUGGING
  4 .stabstr      00000fc1  00000000  00000000  000010bc  2**0
                  CONTENTS, READONLY, DEBUGGING
  5 .comment      00000011  00000000  00000000  0000207d  2**0
                  CONTENTS, READONLY

Disassembly of section .text:

00000d80 <pre_main>:
/* everything that needs to run VERY early */
void pre_main(void) {
  // Allow convenient way of calling do_spm function - jump table, so
  //   entry to this function will always be here, independent of
  //   compilation, features etc
  asm volatile (
 d80:	01 c0       	rjmp	.+2      	; 0xd84 <main>
 d82:	1d c1       	rjmp	.+570    	; 0xfbe <do_spm>

00000d84 <main>:
 d84:	11 24       	eor	r1, r1
 d86:	84 b7       	in	r24, 0x34	; 52
 d88:	88 23       	and	r24, r24
 d8a:	71 f0       	breq	.+28     	; 0xda8 <main+0x24>
 d8c:	98 2f       	mov	r25, r24
 d8e:	9a 70       	andi	r25, 0x0A	; 10
 d90:	92 30       	cpi	r25, 0x02	; 2
 d92:	51 f0       	breq	.+20     	; 0xda8 <main+0x24>
 d94:	81 ff       	sbrs	r24, 1
 d96:	02 c0       	rjmp	.+4      	; 0xd9c <main+0x18>
 d98:	97 ef       	ldi	r25, 0xF7	; 247
 d9a:	94 bf       	out	0x34, r25	; 52
 d9c:	28 2e       	mov	r2, r24
 d9e:	80 e0       	ldi	r24, 0x00	; 0
 da0:	fb d0       	rcall	.+502    	; 0xf98 <watchdogConfig>
 da2:	ee e0       	ldi	r30, 0x0E	; 14
 da4:	ff 27       	eor	r31, r31
 da6:	09 94       	ijmp
 da8:	85 e0       	ldi	r24, 0x05	; 5
 daa:	8e bd       	out	0x2e, r24	; 46
 dac:	8e e0       	ldi	r24, 0x0E	; 14
 dae:	f4 d0       	rcall	.+488    	; 0xf98 <watchdogConfig>
 db0:	ba 9a       	sbi	0x17, 2	; 23
 db2:	d1 9a       	sbi	0x1a, 1	; 26
 db4:	86 e0       	ldi	r24, 0x06	; 6
 db6:	2c e7       	ldi	r18, 0x7C	; 124
 db8:	3c ef       	ldi	r19, 0xFC	; 252
 dba:	91 e0       	ldi	r25, 0x01	; 1
 dbc:	3d bd       	out	0x2d, r19	; 45
 dbe:	2c bd       	out	0x2c, r18	; 44
 dc0:	9b b9       	out	0x0b, r25	; 11
 dc2:	58 9b       	sbis	0x0b, 0	; 11
 dc4:	fe cf       	rjmp	.-4      	; 0xdc2 <main+0x3e>
 dc6:	b2 9a       	sbi	0x16, 2	; 22
 dc8:	a8 95       	wdr
 dca:	81 50       	subi	r24, 0x01	; 1
 dcc:	b9 f7       	brne	.-18     	; 0xdbc <main+0x38>
 dce:	93 e0       	ldi	r25, 0x03	; 3
 dd0:	d9 2e       	mov	r13, r25
 dd2:	cc 24       	eor	r12, r12
 dd4:	c3 94       	inc	r12
 dd6:	25 e0       	ldi	r18, 0x05	; 5
 dd8:	b2 2e       	mov	r11, r18
 dda:	3f eb       	ldi	r19, 0xBF	; 191
 ddc:	e3 2e       	mov	r14, r19
 dde:	36 e0       	ldi	r19, 0x06	; 6
 de0:	f3 2e       	mov	r15, r19
 de2:	8f 2d       	mov	r24, r15
 de4:	80 6c       	ori	r24, 0xC0	; 192
 de6:	a8 2e       	mov	r10, r24
 de8:	c3 d0       	rcall	.+390    	; 0xf70 <getch>
 dea:	81 34       	cpi	r24, 0x41	; 65
 dec:	71 f4       	brne	.+28     	; 0xe0a <main+0x86>
 dee:	c0 d0       	rcall	.+384    	; 0xf70 <getch>
 df0:	18 2f       	mov	r17, r24
 df2:	d6 d0       	rcall	.+428    	; 0xfa0 <verifySpace>
 df4:	12 38       	cpi	r17, 0x82	; 130
 df6:	11 f4       	brne	.+4      	; 0xdfc <main+0x78>
 df8:	82 e0       	ldi	r24, 0x02	; 2
 dfa:	05 c0       	rjmp	.+10     	; 0xe06 <main+0x82>
 dfc:	11 38       	cpi	r17, 0x81	; 129
 dfe:	11 f4       	brne	.+4      	; 0xe04 <main+0x80>
 e00:	88 e0       	ldi	r24, 0x08	; 8
 e02:	01 c0       	rjmp	.+2      	; 0xe06 <main+0x82>
 e04:	83 e0       	ldi	r24, 0x03	; 3
 e06:	a5 d0       	rcall	.+330    	; 0xf52 <putch>
 e08:	a1 c0       	rjmp	.+322    	; 0xf4c <main+0x1c8>
 e0a:	82 34       	cpi	r24, 0x42	; 66
 e0c:	11 f4       	brne	.+4      	; 0xe12 <main+0x8e>
 e0e:	84 e1       	ldi	r24, 0x14	; 20
 e10:	03 c0       	rjmp	.+6      	; 0xe18 <main+0x94>
 e12:	85 34       	cpi	r24, 0x45	; 69
 e14:	19 f4       	brne	.+6      	; 0xe1c <main+0x98>
 e16:	85 e0       	ldi	r24, 0x05	; 5
 e18:	cb d0       	rcall	.+406    	; 0xfb0 <getNch>
 e1a:	98 c0       	rjmp	.+304    	; 0xf4c <main+0x1c8>
 e1c:	85 35       	cpi	r24, 0x55	; 85
 e1e:	39 f4       	brne	.+14     	; 0xe2e <main+0xaa>
 e20:	a7 d0       	rcall	.+334    	; 0xf70 <getch>
 e22:	c8 2f       	mov	r28, r24
 e24:	a5 d0       	rcall	.+330    	; 0xf70 <getch>
 e26:	d8 2f       	mov	r29, r24
 e28:	cc 0f       	add	r28, r28
 e2a:	dd 1f       	adc	r29, r29
 e2c:	8e c0       	rjmp	.+284    	; 0xf4a <main+0x1c6>
 e2e:	86 35       	cpi	r24, 0x56	; 86
 e30:	21 f4       	brne	.+8      	; 0xe3a <main+0xb6>
 e32:	84 e0       	ldi	r24, 0x04	; 4
 e34:	bd d0       	rcall	.+378    	; 0xfb0 <getNch>
 e36:	80 e0       	ldi	r24, 0x00	; 0
 e38:	e6 cf       	rjmp	.-52     	; 0xe06 <main+0x82>
 e3a:	84 36       	cpi	r24, 0x64	; 100
 e3c:	09 f0       	breq	.+2      	; 0xe40 <main+0xbc>
 e3e:	4f c0       	rjmp	.+158    	; 0xede <main+0x15a>
 e40:	97 d0       	rcall	.+302    	; 0xf70 <getch>
 e42:	96 d0       	rcall	.+300    	; 0xf70 <getch>
 e44:	98 2e       	mov	r9, r24
 e46:	94 d0       	rcall	.+296    	; 0xf70 <getch>
 e48:	88 2e       	mov	r8, r24
 e4a:	79 2c       	mov	r7, r9
 e4c:	00 e6       	ldi	r16, 0x60	; 96
 e4e:	10 e0       	ldi	r17, 0x00	; 0
 e50:	8f d0       	rcall	.+286    	; 0xf70 <getch>
 e52:	f8 01       	movw	r30, r16
 e54:	81 93       	st	Z+, r24
 e56:	8f 01       	movw	r16, r30
 e58:	7a 94       	dec	r7
 e5a:	71 10       	cpse	r7, r1
 e5c:	f9 cf       	rjmp	.-14     	; 0xe50 <main+0xcc>
 e5e:	a0 d0       	rcall	.+320    	; 0xfa0 <verifySpace>
 e60:	20 97       	sbiw	r28, 0x00	; 0
 e62:	f1 f4       	brne	.+60     	; 0xea0 <main+0x11c>
 e64:	30 91 60 00 	lds	r19, 0x0060	; 0x800060 <__DATA_REGION_ORIGIN__>
 e68:	30 93 e4 00 	sts	0x00E4, r19	; 0x8000e4 <__DATA_REGION_ORIGIN__+0x84>
 e6c:	20 91 61 00 	lds	r18, 0x0061	; 0x800061 <__DATA_REGION_ORIGIN__+0x1>
 e70:	20 93 e5 00 	sts	0x00E5, r18	; 0x8000e5 <__DATA_REGION_ORIGIN__+0x85>
 e74:	a0 92 61 00 	sts	0x0061, r10	; 0x800061 <__DATA_REGION_ORIGIN__+0x1>
 e78:	40 91 7c 00 	lds	r20, 0x007C	; 0x80007c <__DATA_REGION_ORIGIN__+0x1c>
 e7c:	40 93 e6 00 	sts	0x00E6, r20	; 0x8000e6 <__DATA_REGION_ORIGIN__+0x86>
 e80:	40 91 7d 00 	lds	r20, 0x007D	; 0x80007d <__DATA_REGION_ORIGIN__+0x1d>
 e84:	40 93 e7 00 	sts	0x00E7, r20	; 0x8000e7 <__DATA_REGION_ORIGIN__+0x87>
 e88:	83 2f       	mov	r24, r19
 e8a:	92 2f       	mov	r25, r18
 e8c:	0e 97       	sbiw	r24, 0x0e	; 14
 e8e:	80 93 7c 00 	sts	0x007C, r24	; 0x80007c <__DATA_REGION_ORIGIN__+0x1c>
 e92:	89 2f       	mov	r24, r25
 e94:	8f 70       	andi	r24, 0x0F	; 15
 e96:	80 6c       	ori	r24, 0xC0	; 192
 e98:	80 93 7d 00 	sts	0x007D, r24	; 0x80007d <__DATA_REGION_ORIGIN__+0x1d>
 e9c:	e0 92 60 00 	sts	0x0060, r14	; 0x800060 <__DATA_REGION_ORIGIN__>
 ea0:	f5 e4       	ldi	r31, 0x45	; 69
 ea2:	8f 12       	cpse	r8, r31
 ea4:	01 c0       	rjmp	.+2      	; 0xea8 <main+0x124>
 ea6:	ff cf       	rjmp	.-2      	; 0xea6 <main+0x122>
 ea8:	fe 01       	movw	r30, r28
 eaa:	d7 be       	out	0x37, r13	; 55
 eac:	e8 95       	spm
 eae:	07 b6       	in	r0, 0x37	; 55
 eb0:	00 fc       	sbrc	r0, 0
 eb2:	fd cf       	rjmp	.-6      	; 0xeae <main+0x12a>
 eb4:	a0 e6       	ldi	r26, 0x60	; 96
 eb6:	b0 e0       	ldi	r27, 0x00	; 0
 eb8:	fe 01       	movw	r30, r28
 eba:	8d 91       	ld	r24, X+
 ebc:	9d 91       	ld	r25, X+
 ebe:	0c 01       	movw	r0, r24
 ec0:	c7 be       	out	0x37, r12	; 55
 ec2:	e8 95       	spm
 ec4:	11 24       	eor	r1, r1
 ec6:	9a 94       	dec	r9
 ec8:	9a 94       	dec	r9
 eca:	32 96       	adiw	r30, 0x02	; 2
 ecc:	91 10       	cpse	r9, r1
 ece:	f5 cf       	rjmp	.-22     	; 0xeba <main+0x136>
 ed0:	fe 01       	movw	r30, r28
 ed2:	b7 be       	out	0x37, r11	; 55
 ed4:	e8 95       	spm
 ed6:	07 b6       	in	r0, 0x37	; 55
 ed8:	00 fc       	sbrc	r0, 0
 eda:	fd cf       	rjmp	.-6      	; 0xed6 <main+0x152>
 edc:	37 c0       	rjmp	.+110    	; 0xf4c <main+0x1c8>
 ede:	84 37       	cpi	r24, 0x74	; 116
 ee0:	39 f5       	brne	.+78     	; 0xf30 <main+0x1ac>
 ee2:	46 d0       	rcall	.+140    	; 0xf70 <getch>
 ee4:	45 d0       	rcall	.+138    	; 0xf70 <getch>
 ee6:	98 2e       	mov	r9, r24
 ee8:	43 d0       	rcall	.+134    	; 0xf70 <getch>
 eea:	5a d0       	rcall	.+180    	; 0xfa0 <verifySpace>
 eec:	8e 01       	movw	r16, r28
 eee:	01 15       	cp	r16, r1
 ef0:	11 05       	cpc	r17, r1
 ef2:	19 f4       	brne	.+6      	; 0xefa <main+0x176>
 ef4:	80 91 e4 00 	lds	r24, 0x00E4	; 0x8000e4 <__DATA_REGION_ORIGIN__+0x84>
 ef8:	14 c0       	rjmp	.+40     	; 0xf22 <main+0x19e>
 efa:	01 30       	cpi	r16, 0x01	; 1
 efc:	11 05       	cpc	r17, r1
 efe:	19 f4       	brne	.+6      	; 0xf06 <main+0x182>
 f00:	80 91 e5 00 	lds	r24, 0x00E5	; 0x8000e5 <__DATA_REGION_ORIGIN__+0x85>
 f04:	0e c0       	rjmp	.+28     	; 0xf22 <main+0x19e>
 f06:	0c 31       	cpi	r16, 0x1C	; 28
 f08:	11 05       	cpc	r17, r1
 f0a:	19 f4       	brne	.+6      	; 0xf12 <main+0x18e>
 f0c:	80 91 e6 00 	lds	r24, 0x00E6	; 0x8000e6 <__DATA_REGION_ORIGIN__+0x86>
 f10:	08 c0       	rjmp	.+16     	; 0xf22 <main+0x19e>
 f12:	0d 31       	cpi	r16, 0x1D	; 29
 f14:	11 05       	cpc	r17, r1
 f16:	19 f4       	brne	.+6      	; 0xf1e <main+0x19a>
 f18:	80 91 e7 00 	lds	r24, 0x00E7	; 0x8000e7 <__DATA_REGION_ORIGIN__+0x87>
 f1c:	02 c0       	rjmp	.+4      	; 0xf22 <main+0x19e>
 f1e:	f8 01       	movw	r30, r16
 f20:	84 91       	lpm	r24, Z
 f22:	17 d0       	rcall	.+46     	; 0xf52 <putch>
 f24:	9a 94       	dec	r9
 f26:	0f 5f       	subi	r16, 0xFF	; 255
 f28:	1f 4f       	sbci	r17, 0xFF	; 255
 f2a:	91 10       	cpse	r9, r1
 f2c:	e0 cf       	rjmp	.-64     	; 0xeee <main+0x16a>
 f2e:	0e c0       	rjmp	.+28     	; 0xf4c <main+0x1c8>
 f30:	85 37       	cpi	r24, 0x75	; 117
 f32:	39 f4       	brne	.+14     	; 0xf42 <main+0x1be>
 f34:	35 d0       	rcall	.+106    	; 0xfa0 <verifySpace>
 f36:	8e e1       	ldi	r24, 0x1E	; 30
 f38:	0c d0       	rcall	.+24     	; 0xf52 <putch>
 f3a:	82 e9       	ldi	r24, 0x92	; 146
 f3c:	0a d0       	rcall	.+20     	; 0xf52 <putch>
 f3e:	87 e0       	ldi	r24, 0x07	; 7
 f40:	62 cf       	rjmp	.-316    	; 0xe06 <main+0x82>
 f42:	81 35       	cpi	r24, 0x51	; 81
 f44:	11 f4       	brne	.+4      	; 0xf4a <main+0x1c6>
 f46:	88 e0       	ldi	r24, 0x08	; 8
 f48:	27 d0       	rcall	.+78     	; 0xf98 <watchdogConfig>
 f4a:	2a d0       	rcall	.+84     	; 0xfa0 <verifySpace>
 f4c:	80 e1       	ldi	r24, 0x10	; 16
 f4e:	01 d0       	rcall	.+2      	; 0xf52 <putch>
 f50:	4b cf       	rjmp	.-362    	; 0xde8 <main+0x64>

00000f52 <putch>:
  RS485_PORT &= ~_BV(RS485_BIT);
  #else
  RS485_PORT |= _BV(RS485_BIT);
  #endif
#endif
  __asm__ __volatile__ (
 f52:	2a e0       	ldi	r18, 0x0A	; 10
 f54:	30 e0       	ldi	r19, 0x00	; 0
 f56:	80 95       	com	r24
 f58:	08 94       	sec
 f5a:	10 f4       	brcc	.+4      	; 0xf60 <putch+0xe>
 f5c:	d9 98       	cbi	0x1b, 1	; 27
 f5e:	02 c0       	rjmp	.+4      	; 0xf64 <putch+0x12>
 f60:	d9 9a       	sbi	0x1b, 1	; 27
 f62:	00 00       	nop
 f64:	15 d0       	rcall	.+42     	; 0xf90 <uartDelay>
 f66:	14 d0       	rcall	.+40     	; 0xf90 <uartDelay>
 f68:	86 95       	lsr	r24
 f6a:	2a 95       	dec	r18
 f6c:	b1 f7       	brne	.-20     	; 0xf5a <putch+0x8>
 f6e:	08 95       	ret

00000f70 <getch>:
}
#endif

// Watchdog functions. These are only safe with interrupts turned off.
void watchdogReset() {
  __asm__ __volatile__ (
 f70:	a8 95       	wdr
  toggle_led();
#endif

#if SOFT_UART
  watchdogReset();
  __asm__ __volatile__ (
 f72:	29 e0       	ldi	r18, 0x09	; 9
 f74:	30 e0       	ldi	r19, 0x00	; 0
 f76:	ca 99       	sbic	0x19, 2	; 25
 f78:	fe cf       	rjmp	.-4      	; 0xf76 <getch+0x6>
 f7a:	0a d0       	rcall	.+20     	; 0xf90 <uartDelay>
 f7c:	09 d0       	rcall	.+18     	; 0xf90 <uartDelay>
 f7e:	08 d0       	rcall	.+16     	; 0xf90 <uartDelay>
 f80:	88 94       	clc
 f82:	ca 99       	sbic	0x19, 2	; 25
 f84:	08 94       	sec
 f86:	2a 95       	dec	r18
 f88:	11 f0       	breq	.+4      	; 0xf8e <getch+0x1e>
 f8a:	87 95       	ror	r24
 f8c:	f7 cf       	rjmp	.-18     	; 0xf7c <getch+0xc>
#if LED_DATA_FLASH
  toggle_led();
#endif

  return ch;
}
 f8e:	08 95       	ret

00000f90 <uartDelay>:
#error Baud rate too high for soft UART
#endif


void uartDelay() {
  __asm__ __volatile__ (
 f90:	9c e7       	ldi	r25, 0x7C	; 124
 f92:	9a 95       	dec	r25
 f94:	f1 f7       	brne	.-4      	; 0xf92 <uartDelay+0x2>
 f96:	08 95       	ret

00000f98 <watchdogConfig>:
}

void watchdogConfig(uint8_t x) {
#ifdef WDCE //does it have a Watchdog Change Enable?
#ifdef WDTCSR
  WDTCSR = _BV(WDCE) | _BV(WDE);
 f98:	98 e1       	ldi	r25, 0x18	; 24
 f9a:	91 bd       	out	0x21, r25	; 33
#else //then it must be one of those newfangled ones that use CCP
  CCP=0xD8; //so write this magic number to CCP
#endif

#ifdef WDTCSR
  WDTCSR = x;
 f9c:	81 bd       	out	0x21, r24	; 33
 f9e:	08 95       	ret

00000fa0 <verifySpace>:
  do getch(); while (--count);
  verifySpace();
}

void verifySpace() {
  if (getch() != CRC_EOP) {
 fa0:	e7 df       	rcall	.-50     	; 0xf70 <getch>
 fa2:	80 32       	cpi	r24, 0x20	; 32
 fa4:	19 f0       	breq	.+6      	; 0xfac <verifySpace+0xc>
    watchdogConfig(WATCHDOG_16MS);    // shorten WD timeout
 fa6:	88 e0       	ldi	r24, 0x08	; 8
 fa8:	f7 df       	rcall	.-18     	; 0xf98 <watchdogConfig>
 faa:	ff cf       	rjmp	.-2      	; 0xfaa <verifySpace+0xa>
    while (1)                         // and busy-loop so that WD causes
      ;                               //  a reset and app start.
  }
  putch(STK_INSYNC);
 fac:	84 e1       	ldi	r24, 0x14	; 20
 fae:	d1 cf       	rjmp	.-94     	; 0xf52 <putch>

00000fb0 <getNch>:
    ::[count] "M" (UART_B_VALUE)
    );
}
#endif

void getNch(uint8_t count) {
 fb0:	cf 93       	push	r28
 fb2:	c8 2f       	mov	r28, r24
  do getch(); while (--count);
 fb4:	dd df       	rcall	.-70     	; 0xf70 <getch>
 fb6:	c1 50       	subi	r28, 0x01	; 1
 fb8:	e9 f7       	brne	.-6      	; 0xfb4 <getNch+0x4>
  verifySpace();
}
 fba:	cf 91       	pop	r28
}
#endif

void getNch(uint8_t count) {
  do getch(); while (--count);
  verifySpace();
 fbc:	f1 cf       	rjmp	.-30     	; 0xfa0 <verifySpace>

00000fbe <do_spm>:
 *   data=0 in WRITE
 */
static void do_spm(uint16_t address, uint8_t command, uint16_t data)  __attribute__ ((used));
static void do_spm(uint16_t address, uint8_t command, uint16_t data) {
  // Do spm stuff
  asm volatile (
 fbe:	fc 01       	movw	r30, r24
 fc0:	0a 01       	movw	r0, r20
 fc2:	67 bf       	out	0x37, r22	; 55
 fc4:	e8 95       	spm
 fc6:	11 24       	eor	r1, r1
    );

  // wait for spm to complete
  //   it doesn't have much sense for __BOOT_PAGE_FILL,
  //   but it doesn't hurt and saves some bytes on 'if'
  boot_spm_busy_wait();
 fc8:	07 b6       	in	r0, 0x37	; 55
 fca:	00 fc       	sbrc	r0, 0
 fcc:	fd cf       	rjmp	.-6      	; 0xfc8 <do_spm+0xa>
  if ((command & (_BV(PGWRT)|_BV(PGERS))) && (data == 0) ) {
    // Reenable read access to flash
    __boot_rww_enable_short();
  }
#endif
}
 fce:	08 95       	ret
