
optiboot_attiny85.elf:     Dateiformat elf32-avr

Sektionen:
Idx Name          Size      VMA       LMA       File off  Algn
  0 .text         00000230  00001dc0  00001dc0  00000094  2**1
                  CONTENTS, ALLOC, LOAD, READONLY, CODE
  1 .version      00000002  00001ffe  00001ffe  000002c4  2**0
                  CONTENTS, ALLOC, LOAD, READONLY, DATA
  2 .data         00000000  00800060  00001ff0  000002c4  2**0
                  CONTENTS, ALLOC, LOAD, DATA
  3 .stab         00000d5c  00000000  00000000  000002c8  2**2
                  CONTENTS, READONLY, DEBUGGING
  4 .stabstr      00000fc1  00000000  00000000  00001024  2**0
                  CONTENTS, READONLY, DEBUGGING
  5 .comment      00000011  00000000  00000000  00001fe5  2**0
                  CONTENTS, READONLY

Disassembly of section .text:

00001dc0 <pre_main>:
/* everything that needs to run VERY early */
void pre_main(void) {
  // Allow convenient way of calling do_spm function - jump table, so
  //   entry to this function will always be here, independent of
  //   compilation, features etc
  asm volatile (
    1dc0:	01 c0       	rjmp	.+2      	; 0x1dc4 <main>
    1dc2:	0d c1       	rjmp	.+538    	; 0x1fde <do_spm>

00001dc4 <main>:
    1dc4:	11 24       	eor	r1, r1
    1dc6:	84 b7       	in	r24, 0x34	; 52
    1dc8:	88 23       	and	r24, r24
    1dca:	71 f0       	breq	.+28     	; 0x1de8 <main+0x24>
    1dcc:	98 2f       	mov	r25, r24
    1dce:	9a 70       	andi	r25, 0x0A	; 10
    1dd0:	92 30       	cpi	r25, 0x02	; 2
    1dd2:	51 f0       	breq	.+20     	; 0x1de8 <main+0x24>
    1dd4:	81 ff       	sbrs	r24, 1
    1dd6:	02 c0       	rjmp	.+4      	; 0x1ddc <main+0x18>
    1dd8:	97 ef       	ldi	r25, 0xF7	; 247
    1dda:	94 bf       	out	0x34, r25	; 52
    1ddc:	28 2e       	mov	r2, r24
    1dde:	80 e0       	ldi	r24, 0x00	; 0
    1de0:	eb d0       	rcall	.+470    	; 0x1fb8 <watchdogConfig>
    1de2:	e6 e0       	ldi	r30, 0x06	; 6
    1de4:	ff 27       	eor	r31, r31
    1de6:	09 94       	ijmp
    1de8:	8e e0       	ldi	r24, 0x0E	; 14
    1dea:	e6 d0       	rcall	.+460    	; 0x1fb8 <watchdogConfig>
    1dec:	b8 9a       	sbi	0x17, 0	; 23
    1dee:	93 e0       	ldi	r25, 0x03	; 3
    1df0:	d9 2e       	mov	r13, r25
    1df2:	cc 24       	eor	r12, r12
    1df4:	c3 94       	inc	r12
    1df6:	25 e0       	ldi	r18, 0x05	; 5
    1df8:	b2 2e       	mov	r11, r18
    1dfa:	3f ed       	ldi	r19, 0xDF	; 223
    1dfc:	e3 2e       	mov	r14, r19
    1dfe:	3e e0       	ldi	r19, 0x0E	; 14
    1e00:	f3 2e       	mov	r15, r19
    1e02:	8f 2d       	mov	r24, r15
    1e04:	80 6c       	ori	r24, 0xC0	; 192
    1e06:	a8 2e       	mov	r10, r24
    1e08:	c3 d0       	rcall	.+390    	; 0x1f90 <getch>
    1e0a:	81 34       	cpi	r24, 0x41	; 65
    1e0c:	71 f4       	brne	.+28     	; 0x1e2a <main+0x66>
    1e0e:	c0 d0       	rcall	.+384    	; 0x1f90 <getch>
    1e10:	18 2f       	mov	r17, r24
    1e12:	d6 d0       	rcall	.+428    	; 0x1fc0 <verifySpace>
    1e14:	12 38       	cpi	r17, 0x82	; 130
    1e16:	11 f4       	brne	.+4      	; 0x1e1c <main+0x58>
    1e18:	82 e0       	ldi	r24, 0x02	; 2
    1e1a:	05 c0       	rjmp	.+10     	; 0x1e26 <main+0x62>
    1e1c:	11 38       	cpi	r17, 0x81	; 129
    1e1e:	11 f4       	brne	.+4      	; 0x1e24 <main+0x60>
    1e20:	88 e0       	ldi	r24, 0x08	; 8
    1e22:	01 c0       	rjmp	.+2      	; 0x1e26 <main+0x62>
    1e24:	83 e0       	ldi	r24, 0x03	; 3
    1e26:	a5 d0       	rcall	.+330    	; 0x1f72 <putch>
    1e28:	a1 c0       	rjmp	.+322    	; 0x1f6c <main+0x1a8>
    1e2a:	82 34       	cpi	r24, 0x42	; 66
    1e2c:	11 f4       	brne	.+4      	; 0x1e32 <main+0x6e>
    1e2e:	84 e1       	ldi	r24, 0x14	; 20
    1e30:	03 c0       	rjmp	.+6      	; 0x1e38 <main+0x74>
    1e32:	85 34       	cpi	r24, 0x45	; 69
    1e34:	19 f4       	brne	.+6      	; 0x1e3c <main+0x78>
    1e36:	85 e0       	ldi	r24, 0x05	; 5
    1e38:	cb d0       	rcall	.+406    	; 0x1fd0 <getNch>
    1e3a:	98 c0       	rjmp	.+304    	; 0x1f6c <main+0x1a8>
    1e3c:	85 35       	cpi	r24, 0x55	; 85
    1e3e:	39 f4       	brne	.+14     	; 0x1e4e <main+0x8a>
    1e40:	a7 d0       	rcall	.+334    	; 0x1f90 <getch>
    1e42:	c8 2f       	mov	r28, r24
    1e44:	a5 d0       	rcall	.+330    	; 0x1f90 <getch>
    1e46:	d8 2f       	mov	r29, r24
    1e48:	cc 0f       	add	r28, r28
    1e4a:	dd 1f       	adc	r29, r29
    1e4c:	8e c0       	rjmp	.+284    	; 0x1f6a <main+0x1a6>
    1e4e:	86 35       	cpi	r24, 0x56	; 86
    1e50:	21 f4       	brne	.+8      	; 0x1e5a <main+0x96>
    1e52:	84 e0       	ldi	r24, 0x04	; 4
    1e54:	bd d0       	rcall	.+378    	; 0x1fd0 <getNch>
    1e56:	80 e0       	ldi	r24, 0x00	; 0
    1e58:	e6 cf       	rjmp	.-52     	; 0x1e26 <main+0x62>
    1e5a:	84 36       	cpi	r24, 0x64	; 100
    1e5c:	09 f0       	breq	.+2      	; 0x1e60 <main+0x9c>
    1e5e:	4f c0       	rjmp	.+158    	; 0x1efe <main+0x13a>
    1e60:	97 d0       	rcall	.+302    	; 0x1f90 <getch>
    1e62:	96 d0       	rcall	.+300    	; 0x1f90 <getch>
    1e64:	98 2e       	mov	r9, r24
    1e66:	94 d0       	rcall	.+296    	; 0x1f90 <getch>
    1e68:	88 2e       	mov	r8, r24
    1e6a:	79 2c       	mov	r7, r9
    1e6c:	00 e6       	ldi	r16, 0x60	; 96
    1e6e:	10 e0       	ldi	r17, 0x00	; 0
    1e70:	8f d0       	rcall	.+286    	; 0x1f90 <getch>
    1e72:	f8 01       	movw	r30, r16
    1e74:	81 93       	st	Z+, r24
    1e76:	8f 01       	movw	r16, r30
    1e78:	7a 94       	dec	r7
    1e7a:	71 10       	cpse	r7, r1
    1e7c:	f9 cf       	rjmp	.-14     	; 0x1e70 <main+0xac>
    1e7e:	a0 d0       	rcall	.+320    	; 0x1fc0 <verifySpace>
    1e80:	20 97       	sbiw	r28, 0x00	; 0
    1e82:	f1 f4       	brne	.+60     	; 0x1ec0 <main+0xfc>
    1e84:	30 91 60 00 	lds	r19, 0x0060	; 0x800060 <__DATA_REGION_ORIGIN__>
    1e88:	30 93 e4 00 	sts	0x00E4, r19	; 0x8000e4 <__DATA_REGION_ORIGIN__+0x84>
    1e8c:	20 91 61 00 	lds	r18, 0x0061	; 0x800061 <__DATA_REGION_ORIGIN__+0x1>
    1e90:	20 93 e5 00 	sts	0x00E5, r18	; 0x8000e5 <__DATA_REGION_ORIGIN__+0x85>
    1e94:	a0 92 61 00 	sts	0x0061, r10	; 0x800061 <__DATA_REGION_ORIGIN__+0x1>
    1e98:	40 91 6c 00 	lds	r20, 0x006C	; 0x80006c <__DATA_REGION_ORIGIN__+0xc>
    1e9c:	40 93 e6 00 	sts	0x00E6, r20	; 0x8000e6 <__DATA_REGION_ORIGIN__+0x86>
    1ea0:	40 91 6d 00 	lds	r20, 0x006D	; 0x80006d <__DATA_REGION_ORIGIN__+0xd>
    1ea4:	40 93 e7 00 	sts	0x00E7, r20	; 0x8000e7 <__DATA_REGION_ORIGIN__+0x87>
    1ea8:	83 2f       	mov	r24, r19
    1eaa:	92 2f       	mov	r25, r18
    1eac:	06 97       	sbiw	r24, 0x06	; 6
    1eae:	80 93 6c 00 	sts	0x006C, r24	; 0x80006c <__DATA_REGION_ORIGIN__+0xc>
    1eb2:	89 2f       	mov	r24, r25
    1eb4:	8f 70       	andi	r24, 0x0F	; 15
    1eb6:	80 6c       	ori	r24, 0xC0	; 192
    1eb8:	80 93 6d 00 	sts	0x006D, r24	; 0x80006d <__DATA_REGION_ORIGIN__+0xd>
    1ebc:	e0 92 60 00 	sts	0x0060, r14	; 0x800060 <__DATA_REGION_ORIGIN__>
    1ec0:	f5 e4       	ldi	r31, 0x45	; 69
    1ec2:	8f 12       	cpse	r8, r31
    1ec4:	01 c0       	rjmp	.+2      	; 0x1ec8 <main+0x104>
    1ec6:	ff cf       	rjmp	.-2      	; 0x1ec6 <main+0x102>
    1ec8:	fe 01       	movw	r30, r28
    1eca:	d7 be       	out	0x37, r13	; 55
    1ecc:	e8 95       	spm
    1ece:	07 b6       	in	r0, 0x37	; 55
    1ed0:	00 fc       	sbrc	r0, 0
    1ed2:	fd cf       	rjmp	.-6      	; 0x1ece <main+0x10a>
    1ed4:	a0 e6       	ldi	r26, 0x60	; 96
    1ed6:	b0 e0       	ldi	r27, 0x00	; 0
    1ed8:	fe 01       	movw	r30, r28
    1eda:	8d 91       	ld	r24, X+
    1edc:	9d 91       	ld	r25, X+
    1ede:	0c 01       	movw	r0, r24
    1ee0:	c7 be       	out	0x37, r12	; 55
    1ee2:	e8 95       	spm
    1ee4:	11 24       	eor	r1, r1
    1ee6:	9a 94       	dec	r9
    1ee8:	9a 94       	dec	r9
    1eea:	32 96       	adiw	r30, 0x02	; 2
    1eec:	91 10       	cpse	r9, r1
    1eee:	f5 cf       	rjmp	.-22     	; 0x1eda <main+0x116>
    1ef0:	fe 01       	movw	r30, r28
    1ef2:	b7 be       	out	0x37, r11	; 55
    1ef4:	e8 95       	spm
    1ef6:	07 b6       	in	r0, 0x37	; 55
    1ef8:	00 fc       	sbrc	r0, 0
    1efa:	fd cf       	rjmp	.-6      	; 0x1ef6 <main+0x132>
    1efc:	37 c0       	rjmp	.+110    	; 0x1f6c <main+0x1a8>
    1efe:	84 37       	cpi	r24, 0x74	; 116
    1f00:	39 f5       	brne	.+78     	; 0x1f50 <main+0x18c>
    1f02:	46 d0       	rcall	.+140    	; 0x1f90 <getch>
    1f04:	45 d0       	rcall	.+138    	; 0x1f90 <getch>
    1f06:	98 2e       	mov	r9, r24
    1f08:	43 d0       	rcall	.+134    	; 0x1f90 <getch>
    1f0a:	5a d0       	rcall	.+180    	; 0x1fc0 <verifySpace>
    1f0c:	8e 01       	movw	r16, r28
    1f0e:	01 15       	cp	r16, r1
    1f10:	11 05       	cpc	r17, r1
    1f12:	19 f4       	brne	.+6      	; 0x1f1a <main+0x156>
    1f14:	80 91 e4 00 	lds	r24, 0x00E4	; 0x8000e4 <__DATA_REGION_ORIGIN__+0x84>
    1f18:	14 c0       	rjmp	.+40     	; 0x1f42 <main+0x17e>
    1f1a:	01 30       	cpi	r16, 0x01	; 1
    1f1c:	11 05       	cpc	r17, r1
    1f1e:	19 f4       	brne	.+6      	; 0x1f26 <main+0x162>
    1f20:	80 91 e5 00 	lds	r24, 0x00E5	; 0x8000e5 <__DATA_REGION_ORIGIN__+0x85>
    1f24:	0e c0       	rjmp	.+28     	; 0x1f42 <main+0x17e>
    1f26:	0c 30       	cpi	r16, 0x0C	; 12
    1f28:	11 05       	cpc	r17, r1
    1f2a:	19 f4       	brne	.+6      	; 0x1f32 <main+0x16e>
    1f2c:	80 91 e6 00 	lds	r24, 0x00E6	; 0x8000e6 <__DATA_REGION_ORIGIN__+0x86>
    1f30:	08 c0       	rjmp	.+16     	; 0x1f42 <main+0x17e>
    1f32:	0d 30       	cpi	r16, 0x0D	; 13
    1f34:	11 05       	cpc	r17, r1
    1f36:	19 f4       	brne	.+6      	; 0x1f3e <main+0x17a>
    1f38:	80 91 e7 00 	lds	r24, 0x00E7	; 0x8000e7 <__DATA_REGION_ORIGIN__+0x87>
    1f3c:	02 c0       	rjmp	.+4      	; 0x1f42 <main+0x17e>
    1f3e:	f8 01       	movw	r30, r16
    1f40:	84 91       	lpm	r24, Z
    1f42:	17 d0       	rcall	.+46     	; 0x1f72 <putch>
    1f44:	9a 94       	dec	r9
    1f46:	0f 5f       	subi	r16, 0xFF	; 255
    1f48:	1f 4f       	sbci	r17, 0xFF	; 255
    1f4a:	91 10       	cpse	r9, r1
    1f4c:	e0 cf       	rjmp	.-64     	; 0x1f0e <main+0x14a>
    1f4e:	0e c0       	rjmp	.+28     	; 0x1f6c <main+0x1a8>
    1f50:	85 37       	cpi	r24, 0x75	; 117
    1f52:	39 f4       	brne	.+14     	; 0x1f62 <main+0x19e>
    1f54:	35 d0       	rcall	.+106    	; 0x1fc0 <verifySpace>
    1f56:	8e e1       	ldi	r24, 0x1E	; 30
    1f58:	0c d0       	rcall	.+24     	; 0x1f72 <putch>
    1f5a:	83 e9       	ldi	r24, 0x93	; 147
    1f5c:	0a d0       	rcall	.+20     	; 0x1f72 <putch>
    1f5e:	8b e0       	ldi	r24, 0x0B	; 11
    1f60:	62 cf       	rjmp	.-316    	; 0x1e26 <main+0x62>
    1f62:	81 35       	cpi	r24, 0x51	; 81
    1f64:	11 f4       	brne	.+4      	; 0x1f6a <main+0x1a6>
    1f66:	88 e0       	ldi	r24, 0x08	; 8
    1f68:	27 d0       	rcall	.+78     	; 0x1fb8 <watchdogConfig>
    1f6a:	2a d0       	rcall	.+84     	; 0x1fc0 <verifySpace>
    1f6c:	80 e1       	ldi	r24, 0x10	; 16
    1f6e:	01 d0       	rcall	.+2      	; 0x1f72 <putch>
    1f70:	4b cf       	rjmp	.-362    	; 0x1e08 <main+0x44>

00001f72 <putch>:
  RS485_PORT &= ~_BV(RS485_BIT);
  #else
  RS485_PORT |= _BV(RS485_BIT);
  #endif
#endif
  __asm__ __volatile__ (
    1f72:	2a e0       	ldi	r18, 0x0A	; 10
    1f74:	30 e0       	ldi	r19, 0x00	; 0
    1f76:	80 95       	com	r24
    1f78:	08 94       	sec
    1f7a:	10 f4       	brcc	.+4      	; 0x1f80 <putch+0xe>
    1f7c:	c0 98       	cbi	0x18, 0	; 24
    1f7e:	02 c0       	rjmp	.+4      	; 0x1f84 <putch+0x12>
    1f80:	c0 9a       	sbi	0x18, 0	; 24
    1f82:	00 00       	nop
    1f84:	15 d0       	rcall	.+42     	; 0x1fb0 <uartDelay>
    1f86:	14 d0       	rcall	.+40     	; 0x1fb0 <uartDelay>
    1f88:	86 95       	lsr	r24
    1f8a:	2a 95       	dec	r18
    1f8c:	b1 f7       	brne	.-20     	; 0x1f7a <putch+0x8>
    1f8e:	08 95       	ret

00001f90 <getch>:
}
#endif

// Watchdog functions. These are only safe with interrupts turned off.
void watchdogReset() {
  __asm__ __volatile__ (
    1f90:	a8 95       	wdr
  toggle_led();
#endif

#if SOFT_UART
  watchdogReset();
  __asm__ __volatile__ (
    1f92:	29 e0       	ldi	r18, 0x09	; 9
    1f94:	30 e0       	ldi	r19, 0x00	; 0
    1f96:	b1 99       	sbic	0x16, 1	; 22
    1f98:	fe cf       	rjmp	.-4      	; 0x1f96 <getch+0x6>
    1f9a:	0a d0       	rcall	.+20     	; 0x1fb0 <uartDelay>
    1f9c:	09 d0       	rcall	.+18     	; 0x1fb0 <uartDelay>
    1f9e:	08 d0       	rcall	.+16     	; 0x1fb0 <uartDelay>
    1fa0:	88 94       	clc
    1fa2:	b1 99       	sbic	0x16, 1	; 22
    1fa4:	08 94       	sec
    1fa6:	2a 95       	dec	r18
    1fa8:	11 f0       	breq	.+4      	; 0x1fae <getch+0x1e>
    1faa:	87 95       	ror	r24
    1fac:	f7 cf       	rjmp	.-18     	; 0x1f9c <getch+0xc>
#if LED_DATA_FLASH
  toggle_led();
#endif

  return ch;
}
    1fae:	08 95       	ret

00001fb0 <uartDelay>:
#error Baud rate too high for soft UART
#endif


void uartDelay() {
  __asm__ __volatile__ (
    1fb0:	9c e7       	ldi	r25, 0x7C	; 124
    1fb2:	9a 95       	dec	r25
    1fb4:	f1 f7       	brne	.-4      	; 0x1fb2 <uartDelay+0x2>
    1fb6:	08 95       	ret

00001fb8 <watchdogConfig>:
void watchdogConfig(uint8_t x) {
#ifdef WDCE //does it have a Watchdog Change Enable?
#ifdef WDTCSR
  WDTCSR = _BV(WDCE) | _BV(WDE);
#else
  WDTCR= _BV(WDCE) | _BV(WDE);
    1fb8:	98 e1       	ldi	r25, 0x18	; 24
    1fba:	91 bd       	out	0x21, r25	; 33
#endif

#ifdef WDTCSR
  WDTCSR = x;
#else
  WDTCR= x;
    1fbc:	81 bd       	out	0x21, r24	; 33
    1fbe:	08 95       	ret

00001fc0 <verifySpace>:
  do getch(); while (--count);
  verifySpace();
}

void verifySpace() {
  if (getch() != CRC_EOP) {
    1fc0:	e7 df       	rcall	.-50     	; 0x1f90 <getch>
    1fc2:	80 32       	cpi	r24, 0x20	; 32
    1fc4:	19 f0       	breq	.+6      	; 0x1fcc <verifySpace+0xc>
    watchdogConfig(WATCHDOG_16MS);    // shorten WD timeout
    1fc6:	88 e0       	ldi	r24, 0x08	; 8
    1fc8:	f7 df       	rcall	.-18     	; 0x1fb8 <watchdogConfig>
    1fca:	ff cf       	rjmp	.-2      	; 0x1fca <verifySpace+0xa>
    while (1)                         // and busy-loop so that WD causes
      ;                               //  a reset and app start.
  }
  putch(STK_INSYNC);
    1fcc:	84 e1       	ldi	r24, 0x14	; 20
    1fce:	d1 cf       	rjmp	.-94     	; 0x1f72 <putch>

00001fd0 <getNch>:
    ::[count] "M" (UART_B_VALUE)
    );
}
#endif

void getNch(uint8_t count) {
    1fd0:	cf 93       	push	r28
    1fd2:	c8 2f       	mov	r28, r24
  do getch(); while (--count);
    1fd4:	dd df       	rcall	.-70     	; 0x1f90 <getch>
    1fd6:	c1 50       	subi	r28, 0x01	; 1
    1fd8:	e9 f7       	brne	.-6      	; 0x1fd4 <getNch+0x4>
  verifySpace();
}
    1fda:	cf 91       	pop	r28
}
#endif

void getNch(uint8_t count) {
  do getch(); while (--count);
  verifySpace();
    1fdc:	f1 cf       	rjmp	.-30     	; 0x1fc0 <verifySpace>

00001fde <do_spm>:
 *   data=0 in WRITE
 */
static void do_spm(uint16_t address, uint8_t command, uint16_t data)  __attribute__ ((used));
static void do_spm(uint16_t address, uint8_t command, uint16_t data) {
  // Do spm stuff
  asm volatile (
    1fde:	fc 01       	movw	r30, r24
    1fe0:	0a 01       	movw	r0, r20
    1fe2:	67 bf       	out	0x37, r22	; 55
    1fe4:	e8 95       	spm
    1fe6:	11 24       	eor	r1, r1
    );

  // wait for spm to complete
  //   it doesn't have much sense for __BOOT_PAGE_FILL,
  //   but it doesn't hurt and saves some bytes on 'if'
  boot_spm_busy_wait();
    1fe8:	07 b6       	in	r0, 0x37	; 55
    1fea:	00 fc       	sbrc	r0, 0
    1fec:	fd cf       	rjmp	.-6      	; 0x1fe8 <do_spm+0xa>
  if ((command & (_BV(PGWRT)|_BV(PGERS))) && (data == 0) ) {
    // Reenable read access to flash
    __boot_rww_enable_short();
  }
#endif
}
    1fee:	08 95       	ret
