
optiboot_attiny861.elf:     file format elf32-avr

Sections:
Idx Name          Size      VMA       LMA       File off  Algn
  0 .text         00000258  00001d80  00001d80  00000094  2**1
                  CONTENTS, ALLOC, LOAD, READONLY, CODE
  1 .version      00000002  00001ffe  00001ffe  000002ec  2**0
                  CONTENTS, ALLOC, LOAD, READONLY, DATA
  2 .data         00000000  00800060  00001fd8  000002ec  2**0
                  CONTENTS, ALLOC, LOAD, DATA
  3 .stab         00000978  00000000  00000000  000002f0  2**2
                  CONTENTS, READONLY, DEBUGGING
  4 .stabstr      00000363  00000000  00000000  00000c68  2**0
                  CONTENTS, READONLY, DEBUGGING
  5 .comment      00000012  00000000  00000000  00000fcb  2**0
                  CONTENTS, READONLY

Disassembly of section .text:

00001d80 <pre_main>:
/* everything that needs to run VERY early */
void pre_main(void) {
  // Allow convenient way of calling do_spm function - jump table, so
  //   entry to this function will always be here, independent of
  //   compilation, features etc
  asm volatile (
    1d80:	01 c0       	rjmp	.+2      	; 0x1d84 <main>
    1d82:	21 c1       	rjmp	.+578    	; 0x1fc6 <do_spm>

00001d84 <main>:
    1d84:	11 24       	eor	r1, r1
    1d86:	84 b7       	in	r24, 0x34	; 52
    1d88:	88 23       	and	r24, r24
    1d8a:	71 f0       	breq	.+28     	; 0x1da8 <main+0x24>
    1d8c:	98 2f       	mov	r25, r24
    1d8e:	9a 70       	andi	r25, 0x0A	; 10
    1d90:	92 30       	cpi	r25, 0x02	; 2
    1d92:	51 f0       	breq	.+20     	; 0x1da8 <main+0x24>
    1d94:	81 ff       	sbrs	r24, 1
    1d96:	02 c0       	rjmp	.+4      	; 0x1d9c <main+0x18>
    1d98:	97 ef       	ldi	r25, 0xF7	; 247
    1d9a:	94 bf       	out	0x34, r25	; 52
    1d9c:	28 2e       	mov	r2, r24
    1d9e:	80 e0       	ldi	r24, 0x00	; 0
    1da0:	ff d0       	rcall	.+510    	; 0x1fa0 <watchdogConfig>
    1da2:	e9 e0       	ldi	r30, 0x09	; 9
    1da4:	ff 27       	eor	r31, r31
    1da6:	09 94       	ijmp
    1da8:	8e e0       	ldi	r24, 0x0E	; 14
    1daa:	8f bd       	out	0x2f, r24	; 47
    1dac:	f9 d0       	rcall	.+498    	; 0x1fa0 <watchdogConfig>
    1dae:	bb 9a       	sbi	0x17, 3	; 23
    1db0:	d6 9a       	sbi	0x1a, 6	; 26
    1db2:	86 e0       	ldi	r24, 0x06	; 6
    1db4:	9c ea       	ldi	r25, 0xAC	; 172
    1db6:	24 e0       	ldi	r18, 0x04	; 4
    1db8:	9e bd       	out	0x2e, r25	; 46
    1dba:	28 bf       	out	0x38, r18	; 56
    1dbc:	08 b6       	in	r0, 0x38	; 56
    1dbe:	02 fe       	sbrs	r0, 2
    1dc0:	fd cf       	rjmp	.-6      	; 0x1dbc <main+0x38>
    1dc2:	b3 9a       	sbi	0x16, 3	; 22
    1dc4:	a8 95       	wdr
    1dc6:	81 50       	subi	r24, 0x01	; 1
    1dc8:	b9 f7       	brne	.-18     	; 0x1db8 <main+0x34>
    1dca:	23 e0       	ldi	r18, 0x03	; 3
    1dcc:	d2 2e       	mov	r13, r18
    1dce:	cc 24       	eor	r12, r12
    1dd0:	c3 94       	inc	r12
    1dd2:	35 e0       	ldi	r19, 0x05	; 5
    1dd4:	93 2e       	mov	r9, r19
    1dd6:	4f eb       	ldi	r20, 0xBF	; 191
    1dd8:	e4 2e       	mov	r14, r20
    1dda:	4e e0       	ldi	r20, 0x0E	; 14
    1ddc:	f4 2e       	mov	r15, r20
    1dde:	8f 2d       	mov	r24, r15
    1de0:	80 6c       	ori	r24, 0xC0	; 192
    1de2:	88 2e       	mov	r8, r24
    1de4:	c9 d0       	rcall	.+402    	; 0x1f78 <getch>
    1de6:	81 34       	cpi	r24, 0x41	; 65
    1de8:	71 f4       	brne	.+28     	; 0x1e06 <main+0x82>
    1dea:	c6 d0       	rcall	.+396    	; 0x1f78 <getch>
    1dec:	18 2f       	mov	r17, r24
    1dee:	dc d0       	rcall	.+440    	; 0x1fa8 <verifySpace>
    1df0:	82 e0       	ldi	r24, 0x02	; 2
    1df2:	12 38       	cpi	r17, 0x82	; 130
    1df4:	21 f0       	breq	.+8      	; 0x1dfe <main+0x7a>
    1df6:	88 e0       	ldi	r24, 0x08	; 8
    1df8:	11 38       	cpi	r17, 0x81	; 129
    1dfa:	09 f0       	breq	.+2      	; 0x1dfe <main+0x7a>
    1dfc:	83 e0       	ldi	r24, 0x03	; 3
    1dfe:	ad d0       	rcall	.+346    	; 0x1f5a <putch>
    1e00:	80 e1       	ldi	r24, 0x10	; 16
    1e02:	ab d0       	rcall	.+342    	; 0x1f5a <putch>
    1e04:	ef cf       	rjmp	.-34     	; 0x1de4 <main+0x60>
    1e06:	82 34       	cpi	r24, 0x42	; 66
    1e08:	19 f4       	brne	.+6      	; 0x1e10 <main+0x8c>
    1e0a:	84 e1       	ldi	r24, 0x14	; 20
    1e0c:	d5 d0       	rcall	.+426    	; 0x1fb8 <getNch>
    1e0e:	f8 cf       	rjmp	.-16     	; 0x1e00 <main+0x7c>
    1e10:	85 34       	cpi	r24, 0x45	; 69
    1e12:	11 f4       	brne	.+4      	; 0x1e18 <main+0x94>
    1e14:	85 e0       	ldi	r24, 0x05	; 5
    1e16:	fa cf       	rjmp	.-12     	; 0x1e0c <main+0x88>
    1e18:	85 35       	cpi	r24, 0x55	; 85
    1e1a:	41 f4       	brne	.+16     	; 0x1e2c <main+0xa8>
    1e1c:	ad d0       	rcall	.+346    	; 0x1f78 <getch>
    1e1e:	c8 2f       	mov	r28, r24
    1e20:	ab d0       	rcall	.+342    	; 0x1f78 <getch>
    1e22:	d8 2f       	mov	r29, r24
    1e24:	cc 0f       	add	r28, r28
    1e26:	dd 1f       	adc	r29, r29
    1e28:	bf d0       	rcall	.+382    	; 0x1fa8 <verifySpace>
    1e2a:	ea cf       	rjmp	.-44     	; 0x1e00 <main+0x7c>
    1e2c:	86 35       	cpi	r24, 0x56	; 86
    1e2e:	21 f4       	brne	.+8      	; 0x1e38 <main+0xb4>
    1e30:	84 e0       	ldi	r24, 0x04	; 4
    1e32:	c2 d0       	rcall	.+388    	; 0x1fb8 <getNch>
    1e34:	80 e0       	ldi	r24, 0x00	; 0
    1e36:	e3 cf       	rjmp	.-58     	; 0x1dfe <main+0x7a>
    1e38:	84 36       	cpi	r24, 0x64	; 100
    1e3a:	09 f0       	breq	.+2      	; 0x1e3e <main+0xba>
    1e3c:	56 c0       	rjmp	.+172    	; 0x1eea <main+0x166>
    1e3e:	9c d0       	rcall	.+312    	; 0x1f78 <getch>
    1e40:	9b d0       	rcall	.+310    	; 0x1f78 <getch>
    1e42:	78 2e       	mov	r7, r24
    1e44:	99 d0       	rcall	.+306    	; 0x1f78 <getch>
    1e46:	68 2e       	mov	r6, r24
    1e48:	00 e6       	ldi	r16, 0x60	; 96
    1e4a:	10 e0       	ldi	r17, 0x00	; 0
    1e4c:	80 e6       	ldi	r24, 0x60	; 96
    1e4e:	58 2e       	mov	r5, r24
    1e50:	57 0c       	add	r5, r7
    1e52:	58 01       	movw	r10, r16
    1e54:	0f 5f       	subi	r16, 0xFF	; 255
    1e56:	1f 4f       	sbci	r17, 0xFF	; 255
    1e58:	8f d0       	rcall	.+286    	; 0x1f78 <getch>
    1e5a:	f5 01       	movw	r30, r10
    1e5c:	80 83       	st	Z, r24
    1e5e:	50 12       	cpse	r5, r16
    1e60:	f8 cf       	rjmp	.-16     	; 0x1e52 <main+0xce>
    1e62:	a2 d0       	rcall	.+324    	; 0x1fa8 <verifySpace>
    1e64:	20 97       	sbiw	r28, 0x00	; 0
    1e66:	f9 f4       	brne	.+62     	; 0x1ea6 <main+0x122>
    1e68:	90 91 60 00 	lds	r25, 0x0060	; 0x800060 <_edata>
    1e6c:	90 93 e4 00 	sts	0x00E4, r25	; 0x8000e4 <_edata+0x84>
    1e70:	80 91 61 00 	lds	r24, 0x0061	; 0x800061 <_edata+0x1>
    1e74:	80 93 e5 00 	sts	0x00E5, r24	; 0x8000e5 <_edata+0x85>
    1e78:	e0 92 60 00 	sts	0x0060, r14	; 0x800060 <_edata>
    1e7c:	80 92 61 00 	sts	0x0061, r8	; 0x800061 <_edata+0x1>
    1e80:	40 91 72 00 	lds	r20, 0x0072	; 0x800072 <_edata+0x12>
    1e84:	40 93 e6 00 	sts	0x00E6, r20	; 0x8000e6 <_edata+0x86>
    1e88:	40 91 73 00 	lds	r20, 0x0073	; 0x800073 <_edata+0x13>
    1e8c:	40 93 e7 00 	sts	0x00E7, r20	; 0x8000e7 <_edata+0x87>
    1e90:	29 2f       	mov	r18, r25
    1e92:	38 2f       	mov	r19, r24
    1e94:	29 50       	subi	r18, 0x09	; 9
    1e96:	31 09       	sbc	r19, r1
    1e98:	20 93 72 00 	sts	0x0072, r18	; 0x800072 <_edata+0x12>
    1e9c:	83 2f       	mov	r24, r19
    1e9e:	8f 70       	andi	r24, 0x0F	; 15
    1ea0:	80 6c       	ori	r24, 0xC0	; 192
    1ea2:	80 93 73 00 	sts	0x0073, r24	; 0x800073 <_edata+0x13>
    1ea6:	f5 e4       	ldi	r31, 0x45	; 69
    1ea8:	6f 12       	cpse	r6, r31
    1eaa:	01 c0       	rjmp	.+2      	; 0x1eae <main+0x12a>
    1eac:	ff cf       	rjmp	.-2      	; 0x1eac <main+0x128>
    1eae:	fe 01       	movw	r30, r28
    1eb0:	d7 be       	out	0x37, r13	; 55
    1eb2:	e8 95       	spm
    1eb4:	07 b6       	in	r0, 0x37	; 55
    1eb6:	00 fc       	sbrc	r0, 0
    1eb8:	fd cf       	rjmp	.-6      	; 0x1eb4 <main+0x130>
    1eba:	90 e0       	ldi	r25, 0x00	; 0
    1ebc:	80 e0       	ldi	r24, 0x00	; 0
    1ebe:	fc 01       	movw	r30, r24
    1ec0:	ec 0f       	add	r30, r28
    1ec2:	fd 1f       	adc	r31, r29
    1ec4:	dc 01       	movw	r26, r24
    1ec6:	a0 5a       	subi	r26, 0xA0	; 160
    1ec8:	bf 4f       	sbci	r27, 0xFF	; 255
    1eca:	2d 91       	ld	r18, X+
    1ecc:	3c 91       	ld	r19, X
    1ece:	09 01       	movw	r0, r18
    1ed0:	c7 be       	out	0x37, r12	; 55
    1ed2:	e8 95       	spm
    1ed4:	11 24       	eor	r1, r1
    1ed6:	02 96       	adiw	r24, 0x02	; 2
    1ed8:	78 12       	cpse	r7, r24
    1eda:	f1 cf       	rjmp	.-30     	; 0x1ebe <main+0x13a>
    1edc:	fe 01       	movw	r30, r28
    1ede:	97 be       	out	0x37, r9	; 55
    1ee0:	e8 95       	spm
    1ee2:	07 b6       	in	r0, 0x37	; 55
    1ee4:	00 fc       	sbrc	r0, 0
    1ee6:	fd cf       	rjmp	.-6      	; 0x1ee2 <main+0x15e>
    1ee8:	8b cf       	rjmp	.-234    	; 0x1e00 <main+0x7c>
    1eea:	84 37       	cpi	r24, 0x74	; 116
    1eec:	39 f5       	brne	.+78     	; 0x1f3c <main+0x1b8>
    1eee:	44 d0       	rcall	.+136    	; 0x1f78 <getch>
    1ef0:	43 d0       	rcall	.+134    	; 0x1f78 <getch>
    1ef2:	b8 2e       	mov	r11, r24
    1ef4:	41 d0       	rcall	.+130    	; 0x1f78 <getch>
    1ef6:	58 d0       	rcall	.+176    	; 0x1fa8 <verifySpace>
    1ef8:	8e 01       	movw	r16, r28
    1efa:	bc 0e       	add	r11, r28
    1efc:	01 15       	cp	r16, r1
    1efe:	11 05       	cpc	r17, r1
    1f00:	41 f4       	brne	.+16     	; 0x1f12 <main+0x18e>
    1f02:	80 91 e4 00 	lds	r24, 0x00E4	; 0x8000e4 <_edata+0x84>
    1f06:	29 d0       	rcall	.+82     	; 0x1f5a <putch>
    1f08:	0f 5f       	subi	r16, 0xFF	; 255
    1f0a:	1f 4f       	sbci	r17, 0xFF	; 255
    1f0c:	b0 12       	cpse	r11, r16
    1f0e:	f6 cf       	rjmp	.-20     	; 0x1efc <main+0x178>
    1f10:	77 cf       	rjmp	.-274    	; 0x1e00 <main+0x7c>
    1f12:	01 30       	cpi	r16, 0x01	; 1
    1f14:	11 05       	cpc	r17, r1
    1f16:	19 f4       	brne	.+6      	; 0x1f1e <main+0x19a>
    1f18:	80 91 e5 00 	lds	r24, 0x00E5	; 0x8000e5 <_edata+0x85>
    1f1c:	f4 cf       	rjmp	.-24     	; 0x1f06 <main+0x182>
    1f1e:	02 31       	cpi	r16, 0x12	; 18
    1f20:	11 05       	cpc	r17, r1
    1f22:	19 f4       	brne	.+6      	; 0x1f2a <main+0x1a6>
    1f24:	80 91 e6 00 	lds	r24, 0x00E6	; 0x8000e6 <_edata+0x86>
    1f28:	ee cf       	rjmp	.-36     	; 0x1f06 <main+0x182>
    1f2a:	03 31       	cpi	r16, 0x13	; 19
    1f2c:	11 05       	cpc	r17, r1
    1f2e:	19 f4       	brne	.+6      	; 0x1f36 <main+0x1b2>
    1f30:	80 91 e7 00 	lds	r24, 0x00E7	; 0x8000e7 <_edata+0x87>
    1f34:	e8 cf       	rjmp	.-48     	; 0x1f06 <main+0x182>
    1f36:	f8 01       	movw	r30, r16
    1f38:	84 91       	lpm	r24, Z
    1f3a:	e5 cf       	rjmp	.-54     	; 0x1f06 <main+0x182>
    1f3c:	85 37       	cpi	r24, 0x75	; 117
    1f3e:	39 f4       	brne	.+14     	; 0x1f4e <main+0x1ca>
    1f40:	33 d0       	rcall	.+102    	; 0x1fa8 <verifySpace>
    1f42:	8e e1       	ldi	r24, 0x1E	; 30
    1f44:	0a d0       	rcall	.+20     	; 0x1f5a <putch>
    1f46:	83 e9       	ldi	r24, 0x93	; 147
    1f48:	08 d0       	rcall	.+16     	; 0x1f5a <putch>
    1f4a:	8d e0       	ldi	r24, 0x0D	; 13
    1f4c:	58 cf       	rjmp	.-336    	; 0x1dfe <main+0x7a>
    1f4e:	81 35       	cpi	r24, 0x51	; 81
    1f50:	09 f0       	breq	.+2      	; 0x1f54 <main+0x1d0>
    1f52:	6a cf       	rjmp	.-300    	; 0x1e28 <main+0xa4>
    1f54:	88 e0       	ldi	r24, 0x08	; 8
    1f56:	24 d0       	rcall	.+72     	; 0x1fa0 <watchdogConfig>
    1f58:	67 cf       	rjmp	.-306    	; 0x1e28 <main+0xa4>

00001f5a <putch>:
  RS485_PORT &= ~_BV(RS485_BIT);
  #else
  RS485_PORT |= _BV(RS485_BIT);
  #endif
#endif
  __asm__ __volatile__ (
    1f5a:	2a e0       	ldi	r18, 0x0A	; 10
    1f5c:	30 e0       	ldi	r19, 0x00	; 0
    1f5e:	80 95       	com	r24
    1f60:	08 94       	sec
    1f62:	10 f4       	brcc	.+4      	; 0x1f68 <putch+0xe>
    1f64:	de 98       	cbi	0x1b, 6	; 27
    1f66:	02 c0       	rjmp	.+4      	; 0x1f6c <putch+0x12>
    1f68:	de 9a       	sbi	0x1b, 6	; 27
    1f6a:	00 00       	nop
    1f6c:	15 d0       	rcall	.+42     	; 0x1f98 <uartDelay>
    1f6e:	14 d0       	rcall	.+40     	; 0x1f98 <uartDelay>
    1f70:	86 95       	lsr	r24
    1f72:	2a 95       	dec	r18
    1f74:	b1 f7       	brne	.-20     	; 0x1f62 <putch+0x8>
  #else
  RS485_PORT &= ~_BV(RS485_BIT);
  #endif
#endif
#endif // SOFT_UART
}
    1f76:	08 95       	ret

00001f78 <getch>:
}
#endif

// Watchdog functions. These are only safe with interrupts turned off.
void watchdogReset() {
  __asm__ __volatile__ (
    1f78:	a8 95       	wdr
  __asm__ __volatile__ (
    1f7a:	29 e0       	ldi	r18, 0x09	; 9
    1f7c:	30 e0       	ldi	r19, 0x00	; 0
    1f7e:	cf 99       	sbic	0x19, 7	; 25
    1f80:	fe cf       	rjmp	.-4      	; 0x1f7e <getch+0x6>
    1f82:	0a d0       	rcall	.+20     	; 0x1f98 <uartDelay>
    1f84:	09 d0       	rcall	.+18     	; 0x1f98 <uartDelay>
    1f86:	08 d0       	rcall	.+16     	; 0x1f98 <uartDelay>
    1f88:	88 94       	clc
    1f8a:	cf 99       	sbic	0x19, 7	; 25
    1f8c:	08 94       	sec
    1f8e:	2a 95       	dec	r18
    1f90:	11 f0       	breq	.+4      	; 0x1f96 <getch+0x1e>
    1f92:	87 95       	ror	r24
    1f94:	f7 cf       	rjmp	.-18     	; 0x1f84 <getch+0xc>
}
    1f96:	08 95       	ret

00001f98 <uartDelay>:
  __asm__ __volatile__ (
    1f98:	9c e5       	ldi	r25, 0x5C	; 92
    1f9a:	9a 95       	dec	r25
    1f9c:	f1 f7       	brne	.-4      	; 0x1f9a <uartDelay+0x2>
    1f9e:	08 95       	ret

00001fa0 <watchdogConfig>:
void watchdogConfig(uint8_t x) {
#ifdef WDCE //does it have a Watchdog Change Enable?
#ifdef WDTCSR
  WDTCSR = _BV(WDCE) | _BV(WDE);
#else
  WDTCR= _BV(WDCE) | _BV(WDE);
    1fa0:	98 e1       	ldi	r25, 0x18	; 24
    1fa2:	91 bd       	out	0x21, r25	; 33
#endif

#ifdef WDTCSR
  WDTCSR = x;
#else
  WDTCR= x;
    1fa4:	81 bd       	out	0x21, r24	; 33
#endif
}
    1fa6:	08 95       	ret

00001fa8 <verifySpace>:
  if (getch() != CRC_EOP) {
    1fa8:	e7 df       	rcall	.-50     	; 0x1f78 <getch>
    1faa:	80 32       	cpi	r24, 0x20	; 32
    1fac:	19 f0       	breq	.+6      	; 0x1fb4 <verifySpace+0xc>
    watchdogConfig(WATCHDOG_16MS);    // shorten WD timeout
    1fae:	88 e0       	ldi	r24, 0x08	; 8
    1fb0:	f7 df       	rcall	.-18     	; 0x1fa0 <watchdogConfig>
    1fb2:	ff cf       	rjmp	.-2      	; 0x1fb2 <verifySpace+0xa>
  putch(STK_INSYNC);
    1fb4:	84 e1       	ldi	r24, 0x14	; 20
    1fb6:	d1 cf       	rjmp	.-94     	; 0x1f5a <putch>

00001fb8 <getNch>:
void getNch(uint8_t count) {
    1fb8:	cf 93       	push	r28
    1fba:	c8 2f       	mov	r28, r24
  do getch(); while (--count);
    1fbc:	dd df       	rcall	.-70     	; 0x1f78 <getch>
    1fbe:	c1 50       	subi	r28, 0x01	; 1
    1fc0:	e9 f7       	brne	.-6      	; 0x1fbc <getNch+0x4>
}
    1fc2:	cf 91       	pop	r28
  verifySpace();
    1fc4:	f1 cf       	rjmp	.-30     	; 0x1fa8 <verifySpace>

00001fc6 <do_spm>:
 *   data=0 in WRITE
 */
static void do_spm(uint16_t address, uint8_t command, uint16_t data)  __attribute__ ((used));
static void do_spm(uint16_t address, uint8_t command, uint16_t data) {
  // Do spm stuff
  asm volatile (
    1fc6:	fc 01       	movw	r30, r24
    1fc8:	0a 01       	movw	r0, r20
    1fca:	67 bf       	out	0x37, r22	; 55
    1fcc:	e8 95       	spm
    1fce:	11 24       	eor	r1, r1
    );

  // wait for spm to complete
  //   it doesn't have much sense for __BOOT_PAGE_FILL,
  //   but it doesn't hurt and saves some bytes on 'if'
  boot_spm_busy_wait();
    1fd0:	07 b6       	in	r0, 0x37	; 55
    1fd2:	00 fc       	sbrc	r0, 0
    1fd4:	fd cf       	rjmp	.-6      	; 0x1fd0 <do_spm+0xa>
  if ((command & (_BV(PGWRT)|_BV(PGERS))) && (data == 0) ) {
    // Reenable read access to flash
    __boot_rww_enable_short();
  }
#endif
}
    1fd6:	08 95       	ret
