
optiboot_attiny861.elf:     Dateiformat elf32-avr

Sektionen:
Idx Name          Size      VMA       LMA       File off  Algn
  0 .text         0000024c  00001d80  00001d80  00000094  2**1
                  CONTENTS, ALLOC, LOAD, READONLY, CODE
  1 .version      00000002  00001ffe  00001ffe  000002e0  2**0
                  CONTENTS, ALLOC, LOAD, READONLY, DATA
  2 .data         00000000  00800060  00001fcc  000002e0  2**0
                  CONTENTS, ALLOC, LOAD, DATA
  3 .stab         00000dd4  00000000  00000000  000002e4  2**2
                  CONTENTS, READONLY, DEBUGGING
  4 .stabstr      00000fc1  00000000  00000000  000010b8  2**0
                  CONTENTS, READONLY, DEBUGGING
  5 .comment      00000011  00000000  00000000  00002079  2**0
                  CONTENTS, READONLY

Disassembly of section .text:

00001d80 <pre_main>:
/* everything that needs to run VERY early */
void pre_main(void) {
  // Allow convenient way of calling do_spm function - jump table, so
  //   entry to this function will always be here, independent of
  //   compilation, features etc
  asm volatile (
    1d80:	01 c0       	rjmp	.+2      	; 0x1d84 <main>
    1d82:	1b c1       	rjmp	.+566    	; 0x1fba <do_spm>

00001d84 <main>:
    1d84:	11 24       	eor	r1, r1
    1d86:	84 b7       	in	r24, 0x34	; 52
    1d88:	88 23       	and	r24, r24
    1d8a:	71 f0       	breq	.+28     	; 0x1da8 <main+0x24>
    1d8c:	98 2f       	mov	r25, r24
    1d8e:	9a 70       	andi	r25, 0x0A	; 10
    1d90:	92 30       	cpi	r25, 0x02	; 2
    1d92:	51 f0       	breq	.+20     	; 0x1da8 <main+0x24>
    1d94:	81 ff       	sbrs	r24, 1
    1d96:	02 c0       	rjmp	.+4      	; 0x1d9c <main+0x18>
    1d98:	97 ef       	ldi	r25, 0xF7	; 247
    1d9a:	94 bf       	out	0x34, r25	; 52
    1d9c:	28 2e       	mov	r2, r24
    1d9e:	80 e0       	ldi	r24, 0x00	; 0
    1da0:	f9 d0       	rcall	.+498    	; 0x1f94 <watchdogConfig>
    1da2:	e9 e0       	ldi	r30, 0x09	; 9
    1da4:	ff 27       	eor	r31, r31
    1da6:	09 94       	ijmp
    1da8:	8e e0       	ldi	r24, 0x0E	; 14
    1daa:	8f bd       	out	0x2f, r24	; 47
    1dac:	f3 d0       	rcall	.+486    	; 0x1f94 <watchdogConfig>
    1dae:	bb 9a       	sbi	0x17, 3	; 23
    1db0:	d6 9a       	sbi	0x1a, 6	; 26
    1db2:	86 e0       	ldi	r24, 0x06	; 6
    1db4:	95 ea       	ldi	r25, 0xA5	; 165
    1db6:	24 e0       	ldi	r18, 0x04	; 4
    1db8:	9e bd       	out	0x2e, r25	; 46
    1dba:	28 bf       	out	0x38, r18	; 56
    1dbc:	08 b6       	in	r0, 0x38	; 56
    1dbe:	02 fe       	sbrs	r0, 2
    1dc0:	fd cf       	rjmp	.-6      	; 0x1dbc <main+0x38>
    1dc2:	b3 9a       	sbi	0x16, 3	; 22
    1dc4:	a8 95       	wdr
    1dc6:	81 50       	subi	r24, 0x01	; 1
    1dc8:	b9 f7       	brne	.-18     	; 0x1db8 <main+0x34>
    1dca:	93 e0       	ldi	r25, 0x03	; 3
    1dcc:	d9 2e       	mov	r13, r25
    1dce:	cc 24       	eor	r12, r12
    1dd0:	c3 94       	inc	r12
    1dd2:	25 e0       	ldi	r18, 0x05	; 5
    1dd4:	b2 2e       	mov	r11, r18
    1dd6:	3f eb       	ldi	r19, 0xBF	; 191
    1dd8:	e3 2e       	mov	r14, r19
    1dda:	3e e0       	ldi	r19, 0x0E	; 14
    1ddc:	f3 2e       	mov	r15, r19
    1dde:	8f 2d       	mov	r24, r15
    1de0:	80 6c       	ori	r24, 0xC0	; 192
    1de2:	a8 2e       	mov	r10, r24
    1de4:	c3 d0       	rcall	.+390    	; 0x1f6c <getch>
    1de6:	81 34       	cpi	r24, 0x41	; 65
    1de8:	71 f4       	brne	.+28     	; 0x1e06 <main+0x82>
    1dea:	c0 d0       	rcall	.+384    	; 0x1f6c <getch>
    1dec:	18 2f       	mov	r17, r24
    1dee:	d6 d0       	rcall	.+428    	; 0x1f9c <verifySpace>
    1df0:	12 38       	cpi	r17, 0x82	; 130
    1df2:	11 f4       	brne	.+4      	; 0x1df8 <main+0x74>
    1df4:	82 e0       	ldi	r24, 0x02	; 2
    1df6:	05 c0       	rjmp	.+10     	; 0x1e02 <main+0x7e>
    1df8:	11 38       	cpi	r17, 0x81	; 129
    1dfa:	11 f4       	brne	.+4      	; 0x1e00 <main+0x7c>
    1dfc:	88 e0       	ldi	r24, 0x08	; 8
    1dfe:	01 c0       	rjmp	.+2      	; 0x1e02 <main+0x7e>
    1e00:	83 e0       	ldi	r24, 0x03	; 3
    1e02:	a5 d0       	rcall	.+330    	; 0x1f4e <putch>
    1e04:	a1 c0       	rjmp	.+322    	; 0x1f48 <main+0x1c4>
    1e06:	82 34       	cpi	r24, 0x42	; 66
    1e08:	11 f4       	brne	.+4      	; 0x1e0e <main+0x8a>
    1e0a:	84 e1       	ldi	r24, 0x14	; 20
    1e0c:	03 c0       	rjmp	.+6      	; 0x1e14 <main+0x90>
    1e0e:	85 34       	cpi	r24, 0x45	; 69
    1e10:	19 f4       	brne	.+6      	; 0x1e18 <main+0x94>
    1e12:	85 e0       	ldi	r24, 0x05	; 5
    1e14:	cb d0       	rcall	.+406    	; 0x1fac <getNch>
    1e16:	98 c0       	rjmp	.+304    	; 0x1f48 <main+0x1c4>
    1e18:	85 35       	cpi	r24, 0x55	; 85
    1e1a:	39 f4       	brne	.+14     	; 0x1e2a <main+0xa6>
    1e1c:	a7 d0       	rcall	.+334    	; 0x1f6c <getch>
    1e1e:	c8 2f       	mov	r28, r24
    1e20:	a5 d0       	rcall	.+330    	; 0x1f6c <getch>
    1e22:	d8 2f       	mov	r29, r24
    1e24:	cc 0f       	add	r28, r28
    1e26:	dd 1f       	adc	r29, r29
    1e28:	8e c0       	rjmp	.+284    	; 0x1f46 <main+0x1c2>
    1e2a:	86 35       	cpi	r24, 0x56	; 86
    1e2c:	21 f4       	brne	.+8      	; 0x1e36 <main+0xb2>
    1e2e:	84 e0       	ldi	r24, 0x04	; 4
    1e30:	bd d0       	rcall	.+378    	; 0x1fac <getNch>
    1e32:	80 e0       	ldi	r24, 0x00	; 0
    1e34:	e6 cf       	rjmp	.-52     	; 0x1e02 <main+0x7e>
    1e36:	84 36       	cpi	r24, 0x64	; 100
    1e38:	09 f0       	breq	.+2      	; 0x1e3c <main+0xb8>
    1e3a:	4f c0       	rjmp	.+158    	; 0x1eda <main+0x156>
    1e3c:	97 d0       	rcall	.+302    	; 0x1f6c <getch>
    1e3e:	96 d0       	rcall	.+300    	; 0x1f6c <getch>
    1e40:	98 2e       	mov	r9, r24
    1e42:	94 d0       	rcall	.+296    	; 0x1f6c <getch>
    1e44:	88 2e       	mov	r8, r24
    1e46:	79 2c       	mov	r7, r9
    1e48:	00 e6       	ldi	r16, 0x60	; 96
    1e4a:	10 e0       	ldi	r17, 0x00	; 0
    1e4c:	8f d0       	rcall	.+286    	; 0x1f6c <getch>
    1e4e:	f8 01       	movw	r30, r16
    1e50:	81 93       	st	Z+, r24
    1e52:	8f 01       	movw	r16, r30
    1e54:	7a 94       	dec	r7
    1e56:	71 10       	cpse	r7, r1
    1e58:	f9 cf       	rjmp	.-14     	; 0x1e4c <main+0xc8>
    1e5a:	a0 d0       	rcall	.+320    	; 0x1f9c <verifySpace>
    1e5c:	20 97       	sbiw	r28, 0x00	; 0
    1e5e:	f1 f4       	brne	.+60     	; 0x1e9c <main+0x118>
    1e60:	30 91 60 00 	lds	r19, 0x0060	; 0x800060 <__DATA_REGION_ORIGIN__>
    1e64:	30 93 e4 00 	sts	0x00E4, r19	; 0x8000e4 <__DATA_REGION_ORIGIN__+0x84>
    1e68:	20 91 61 00 	lds	r18, 0x0061	; 0x800061 <__DATA_REGION_ORIGIN__+0x1>
    1e6c:	20 93 e5 00 	sts	0x00E5, r18	; 0x8000e5 <__DATA_REGION_ORIGIN__+0x85>
    1e70:	a0 92 61 00 	sts	0x0061, r10	; 0x800061 <__DATA_REGION_ORIGIN__+0x1>
    1e74:	40 91 72 00 	lds	r20, 0x0072	; 0x800072 <__DATA_REGION_ORIGIN__+0x12>
    1e78:	40 93 e6 00 	sts	0x00E6, r20	; 0x8000e6 <__DATA_REGION_ORIGIN__+0x86>
    1e7c:	40 91 73 00 	lds	r20, 0x0073	; 0x800073 <__DATA_REGION_ORIGIN__+0x13>
    1e80:	40 93 e7 00 	sts	0x00E7, r20	; 0x8000e7 <__DATA_REGION_ORIGIN__+0x87>
    1e84:	83 2f       	mov	r24, r19
    1e86:	92 2f       	mov	r25, r18
    1e88:	09 97       	sbiw	r24, 0x09	; 9
    1e8a:	80 93 72 00 	sts	0x0072, r24	; 0x800072 <__DATA_REGION_ORIGIN__+0x12>
    1e8e:	89 2f       	mov	r24, r25
    1e90:	8f 70       	andi	r24, 0x0F	; 15
    1e92:	80 6c       	ori	r24, 0xC0	; 192
    1e94:	80 93 73 00 	sts	0x0073, r24	; 0x800073 <__DATA_REGION_ORIGIN__+0x13>
    1e98:	e0 92 60 00 	sts	0x0060, r14	; 0x800060 <__DATA_REGION_ORIGIN__>
    1e9c:	f5 e4       	ldi	r31, 0x45	; 69
    1e9e:	8f 12       	cpse	r8, r31
    1ea0:	01 c0       	rjmp	.+2      	; 0x1ea4 <main+0x120>
    1ea2:	ff cf       	rjmp	.-2      	; 0x1ea2 <main+0x11e>
    1ea4:	fe 01       	movw	r30, r28
    1ea6:	d7 be       	out	0x37, r13	; 55
    1ea8:	e8 95       	spm
    1eaa:	07 b6       	in	r0, 0x37	; 55
    1eac:	00 fc       	sbrc	r0, 0
    1eae:	fd cf       	rjmp	.-6      	; 0x1eaa <main+0x126>
    1eb0:	a0 e6       	ldi	r26, 0x60	; 96
    1eb2:	b0 e0       	ldi	r27, 0x00	; 0
    1eb4:	fe 01       	movw	r30, r28
    1eb6:	8d 91       	ld	r24, X+
    1eb8:	9d 91       	ld	r25, X+
    1eba:	0c 01       	movw	r0, r24
    1ebc:	c7 be       	out	0x37, r12	; 55
    1ebe:	e8 95       	spm
    1ec0:	11 24       	eor	r1, r1
    1ec2:	9a 94       	dec	r9
    1ec4:	9a 94       	dec	r9
    1ec6:	32 96       	adiw	r30, 0x02	; 2
    1ec8:	91 10       	cpse	r9, r1
    1eca:	f5 cf       	rjmp	.-22     	; 0x1eb6 <main+0x132>
    1ecc:	fe 01       	movw	r30, r28
    1ece:	b7 be       	out	0x37, r11	; 55
    1ed0:	e8 95       	spm
    1ed2:	07 b6       	in	r0, 0x37	; 55
    1ed4:	00 fc       	sbrc	r0, 0
    1ed6:	fd cf       	rjmp	.-6      	; 0x1ed2 <main+0x14e>
    1ed8:	37 c0       	rjmp	.+110    	; 0x1f48 <main+0x1c4>
    1eda:	84 37       	cpi	r24, 0x74	; 116
    1edc:	39 f5       	brne	.+78     	; 0x1f2c <main+0x1a8>
    1ede:	46 d0       	rcall	.+140    	; 0x1f6c <getch>
    1ee0:	45 d0       	rcall	.+138    	; 0x1f6c <getch>
    1ee2:	98 2e       	mov	r9, r24
    1ee4:	43 d0       	rcall	.+134    	; 0x1f6c <getch>
    1ee6:	5a d0       	rcall	.+180    	; 0x1f9c <verifySpace>
    1ee8:	8e 01       	movw	r16, r28
    1eea:	01 15       	cp	r16, r1
    1eec:	11 05       	cpc	r17, r1
    1eee:	19 f4       	brne	.+6      	; 0x1ef6 <main+0x172>
    1ef0:	80 91 e4 00 	lds	r24, 0x00E4	; 0x8000e4 <__DATA_REGION_ORIGIN__+0x84>
    1ef4:	14 c0       	rjmp	.+40     	; 0x1f1e <main+0x19a>
    1ef6:	01 30       	cpi	r16, 0x01	; 1
    1ef8:	11 05       	cpc	r17, r1
    1efa:	19 f4       	brne	.+6      	; 0x1f02 <main+0x17e>
    1efc:	80 91 e5 00 	lds	r24, 0x00E5	; 0x8000e5 <__DATA_REGION_ORIGIN__+0x85>
    1f00:	0e c0       	rjmp	.+28     	; 0x1f1e <main+0x19a>
    1f02:	02 31       	cpi	r16, 0x12	; 18
    1f04:	11 05       	cpc	r17, r1
    1f06:	19 f4       	brne	.+6      	; 0x1f0e <main+0x18a>
    1f08:	80 91 e6 00 	lds	r24, 0x00E6	; 0x8000e6 <__DATA_REGION_ORIGIN__+0x86>
    1f0c:	08 c0       	rjmp	.+16     	; 0x1f1e <main+0x19a>
    1f0e:	03 31       	cpi	r16, 0x13	; 19
    1f10:	11 05       	cpc	r17, r1
    1f12:	19 f4       	brne	.+6      	; 0x1f1a <main+0x196>
    1f14:	80 91 e7 00 	lds	r24, 0x00E7	; 0x8000e7 <__DATA_REGION_ORIGIN__+0x87>
    1f18:	02 c0       	rjmp	.+4      	; 0x1f1e <main+0x19a>
    1f1a:	f8 01       	movw	r30, r16
    1f1c:	84 91       	lpm	r24, Z
    1f1e:	17 d0       	rcall	.+46     	; 0x1f4e <putch>
    1f20:	9a 94       	dec	r9
    1f22:	0f 5f       	subi	r16, 0xFF	; 255
    1f24:	1f 4f       	sbci	r17, 0xFF	; 255
    1f26:	91 10       	cpse	r9, r1
    1f28:	e0 cf       	rjmp	.-64     	; 0x1eea <main+0x166>
    1f2a:	0e c0       	rjmp	.+28     	; 0x1f48 <main+0x1c4>
    1f2c:	85 37       	cpi	r24, 0x75	; 117
    1f2e:	39 f4       	brne	.+14     	; 0x1f3e <main+0x1ba>
    1f30:	35 d0       	rcall	.+106    	; 0x1f9c <verifySpace>
    1f32:	8e e1       	ldi	r24, 0x1E	; 30
    1f34:	0c d0       	rcall	.+24     	; 0x1f4e <putch>
    1f36:	83 e9       	ldi	r24, 0x93	; 147
    1f38:	0a d0       	rcall	.+20     	; 0x1f4e <putch>
    1f3a:	8d e0       	ldi	r24, 0x0D	; 13
    1f3c:	62 cf       	rjmp	.-316    	; 0x1e02 <main+0x7e>
    1f3e:	81 35       	cpi	r24, 0x51	; 81
    1f40:	11 f4       	brne	.+4      	; 0x1f46 <main+0x1c2>
    1f42:	88 e0       	ldi	r24, 0x08	; 8
    1f44:	27 d0       	rcall	.+78     	; 0x1f94 <watchdogConfig>
    1f46:	2a d0       	rcall	.+84     	; 0x1f9c <verifySpace>
    1f48:	80 e1       	ldi	r24, 0x10	; 16
    1f4a:	01 d0       	rcall	.+2      	; 0x1f4e <putch>
    1f4c:	4b cf       	rjmp	.-362    	; 0x1de4 <main+0x60>

00001f4e <putch>:
  RS485_PORT &= ~_BV(RS485_BIT);
  #else
  RS485_PORT |= _BV(RS485_BIT);
  #endif
#endif
  __asm__ __volatile__ (
    1f4e:	2a e0       	ldi	r18, 0x0A	; 10
    1f50:	30 e0       	ldi	r19, 0x00	; 0
    1f52:	80 95       	com	r24
    1f54:	08 94       	sec
    1f56:	10 f4       	brcc	.+4      	; 0x1f5c <putch+0xe>
    1f58:	de 98       	cbi	0x1b, 6	; 27
    1f5a:	02 c0       	rjmp	.+4      	; 0x1f60 <putch+0x12>
    1f5c:	de 9a       	sbi	0x1b, 6	; 27
    1f5e:	00 00       	nop
    1f60:	15 d0       	rcall	.+42     	; 0x1f8c <uartDelay>
    1f62:	14 d0       	rcall	.+40     	; 0x1f8c <uartDelay>
    1f64:	86 95       	lsr	r24
    1f66:	2a 95       	dec	r18
    1f68:	b1 f7       	brne	.-20     	; 0x1f56 <putch+0x8>
    1f6a:	08 95       	ret

00001f6c <getch>:
}
#endif

// Watchdog functions. These are only safe with interrupts turned off.
void watchdogReset() {
  __asm__ __volatile__ (
    1f6c:	a8 95       	wdr
  toggle_led();
#endif

#if SOFT_UART
  watchdogReset();
  __asm__ __volatile__ (
    1f6e:	29 e0       	ldi	r18, 0x09	; 9
    1f70:	30 e0       	ldi	r19, 0x00	; 0
    1f72:	cf 99       	sbic	0x19, 7	; 25
    1f74:	fe cf       	rjmp	.-4      	; 0x1f72 <getch+0x6>
    1f76:	0a d0       	rcall	.+20     	; 0x1f8c <uartDelay>
    1f78:	09 d0       	rcall	.+18     	; 0x1f8c <uartDelay>
    1f7a:	08 d0       	rcall	.+16     	; 0x1f8c <uartDelay>
    1f7c:	88 94       	clc
    1f7e:	cf 99       	sbic	0x19, 7	; 25
    1f80:	08 94       	sec
    1f82:	2a 95       	dec	r18
    1f84:	11 f0       	breq	.+4      	; 0x1f8a <getch+0x1e>
    1f86:	87 95       	ror	r24
    1f88:	f7 cf       	rjmp	.-18     	; 0x1f78 <getch+0xc>
#if LED_DATA_FLASH
  toggle_led();
#endif

  return ch;
}
    1f8a:	08 95       	ret

00001f8c <uartDelay>:
#error Baud rate too high for soft UART
#endif


void uartDelay() {
  __asm__ __volatile__ (
    1f8c:	94 e6       	ldi	r25, 0x64	; 100
    1f8e:	9a 95       	dec	r25
    1f90:	f1 f7       	brne	.-4      	; 0x1f8e <uartDelay+0x2>
    1f92:	08 95       	ret

00001f94 <watchdogConfig>:
void watchdogConfig(uint8_t x) {
#ifdef WDCE //does it have a Watchdog Change Enable?
#ifdef WDTCSR
  WDTCSR = _BV(WDCE) | _BV(WDE);
#else
  WDTCR= _BV(WDCE) | _BV(WDE);
    1f94:	98 e1       	ldi	r25, 0x18	; 24
    1f96:	91 bd       	out	0x21, r25	; 33
#endif

#ifdef WDTCSR
  WDTCSR = x;
#else
  WDTCR= x;
    1f98:	81 bd       	out	0x21, r24	; 33
    1f9a:	08 95       	ret

00001f9c <verifySpace>:
  do getch(); while (--count);
  verifySpace();
}

void verifySpace() {
  if (getch() != CRC_EOP) {
    1f9c:	e7 df       	rcall	.-50     	; 0x1f6c <getch>
    1f9e:	80 32       	cpi	r24, 0x20	; 32
    1fa0:	19 f0       	breq	.+6      	; 0x1fa8 <verifySpace+0xc>
    watchdogConfig(WATCHDOG_16MS);    // shorten WD timeout
    1fa2:	88 e0       	ldi	r24, 0x08	; 8
    1fa4:	f7 df       	rcall	.-18     	; 0x1f94 <watchdogConfig>
    1fa6:	ff cf       	rjmp	.-2      	; 0x1fa6 <verifySpace+0xa>
    while (1)                         // and busy-loop so that WD causes
      ;                               //  a reset and app start.
  }
  putch(STK_INSYNC);
    1fa8:	84 e1       	ldi	r24, 0x14	; 20
    1faa:	d1 cf       	rjmp	.-94     	; 0x1f4e <putch>

00001fac <getNch>:
    ::[count] "M" (UART_B_VALUE)
    );
}
#endif

void getNch(uint8_t count) {
    1fac:	cf 93       	push	r28
    1fae:	c8 2f       	mov	r28, r24
  do getch(); while (--count);
    1fb0:	dd df       	rcall	.-70     	; 0x1f6c <getch>
    1fb2:	c1 50       	subi	r28, 0x01	; 1
    1fb4:	e9 f7       	brne	.-6      	; 0x1fb0 <getNch+0x4>
  verifySpace();
}
    1fb6:	cf 91       	pop	r28
}
#endif

void getNch(uint8_t count) {
  do getch(); while (--count);
  verifySpace();
    1fb8:	f1 cf       	rjmp	.-30     	; 0x1f9c <verifySpace>

00001fba <do_spm>:
 *   data=0 in WRITE
 */
static void do_spm(uint16_t address, uint8_t command, uint16_t data)  __attribute__ ((used));
static void do_spm(uint16_t address, uint8_t command, uint16_t data) {
  // Do spm stuff
  asm volatile (
    1fba:	fc 01       	movw	r30, r24
    1fbc:	0a 01       	movw	r0, r20
    1fbe:	67 bf       	out	0x37, r22	; 55
    1fc0:	e8 95       	spm
    1fc2:	11 24       	eor	r1, r1
    );

  // wait for spm to complete
  //   it doesn't have much sense for __BOOT_PAGE_FILL,
  //   but it doesn't hurt and saves some bytes on 'if'
  boot_spm_busy_wait();
    1fc4:	07 b6       	in	r0, 0x37	; 55
    1fc6:	00 fc       	sbrc	r0, 0
    1fc8:	fd cf       	rjmp	.-6      	; 0x1fc4 <do_spm+0xa>
  if ((command & (_BV(PGWRT)|_BV(PGERS))) && (data == 0) ) {
    // Reenable read access to flash
    __boot_rww_enable_short();
  }
#endif
}
    1fca:	08 95       	ret
