
optiboot_attiny167.elf:     Dateiformat elf32-avr

Sektionen:
Idx Name          Size      VMA       LMA       File off  Algn
  0 .data         00000000  00800100  00001fc0  000002d4  2**0
                  CONTENTS, ALLOC, LOAD, DATA
  1 .text         00000240  00001d80  00001d80  00000094  2**1
                  CONTENTS, ALLOC, LOAD, READONLY, CODE
  2 .version      00000002  00001ffe  00001ffe  000002d4  2**0
                  CONTENTS, ALLOC, LOAD, READONLY, DATA
  3 .stab         00000d80  00000000  00000000  000002d8  2**2
                  CONTENTS, READONLY, DEBUGGING
  4 .stabstr      00000fa2  00000000  00000000  00001058  2**0
                  CONTENTS, READONLY, DEBUGGING
  5 .comment      00000011  00000000  00000000  00001ffa  2**0
                  CONTENTS, READONLY

Disassembly of section .text:

00001d80 <pre_main>:
/* everything that needs to run VERY early */
void pre_main(void) {
  // Allow convenient way of calling do_spm function - jump table, so
  //   entry to this function will always be here, independent of
  //   compilation, features etc
  asm volatile (
    1d80:	01 c0       	rjmp	.+2      	; 0x1d84 <main>
    1d82:	15 c1       	rjmp	.+554    	; 0x1fae <do_spm>

00001d84 <main>:
    1d84:	11 24       	eor	r1, r1
    1d86:	84 b7       	in	r24, 0x34	; 52
    1d88:	88 23       	and	r24, r24
    1d8a:	71 f0       	breq	.+28     	; 0x1da8 <main+0x24>
    1d8c:	98 2f       	mov	r25, r24
    1d8e:	9a 70       	andi	r25, 0x0A	; 10
    1d90:	92 30       	cpi	r25, 0x02	; 2
    1d92:	51 f0       	breq	.+20     	; 0x1da8 <main+0x24>
    1d94:	81 ff       	sbrs	r24, 1
    1d96:	02 c0       	rjmp	.+4      	; 0x1d9c <main+0x18>
    1d98:	97 ef       	ldi	r25, 0xF7	; 247
    1d9a:	94 bf       	out	0x34, r25	; 52
    1d9c:	28 2e       	mov	r2, r24
    1d9e:	80 e0       	ldi	r24, 0x00	; 0
    1da0:	f1 d0       	rcall	.+482    	; 0x1f84 <watchdogConfig>
    1da2:	e0 e2       	ldi	r30, 0x20	; 32
    1da4:	ff 27       	eor	r31, r31
    1da6:	09 94       	ijmp
    1da8:	85 e0       	ldi	r24, 0x05	; 5
    1daa:	80 93 81 00 	sts	0x0081, r24	; 0x800081 <__DATA_REGION_ORIGIN__+0x21>
    1dae:	80 e8       	ldi	r24, 0x80	; 128
    1db0:	80 93 c8 00 	sts	0x00C8, r24	; 0x8000c8 <__DATA_REGION_ORIGIN__+0x68>
    1db4:	8f e0       	ldi	r24, 0x0F	; 15
    1db6:	80 93 cd 00 	sts	0x00CD, r24	; 0x8000cd <__DATA_REGION_ORIGIN__+0x6d>
    1dba:	98 e8       	ldi	r25, 0x88	; 136
    1dbc:	90 93 cc 00 	sts	0x00CC, r25	; 0x8000cc <__DATA_REGION_ORIGIN__+0x6c>
    1dc0:	80 93 c8 00 	sts	0x00C8, r24	; 0x8000c8 <__DATA_REGION_ORIGIN__+0x68>
    1dc4:	10 92 d2 00 	sts	0x00D2, r1	; 0x8000d2 <__DATA_REGION_ORIGIN__+0x72>
    1dc8:	8e e0       	ldi	r24, 0x0E	; 14
    1dca:	dc d0       	rcall	.+440    	; 0x1f84 <watchdogConfig>
    1dcc:	0b 9a       	sbi	0x01, 3	; 1
    1dce:	86 e0       	ldi	r24, 0x06	; 6
    1dd0:	2c e7       	ldi	r18, 0x7C	; 124
    1dd2:	3c ef       	ldi	r19, 0xFC	; 252
    1dd4:	91 e0       	ldi	r25, 0x01	; 1
    1dd6:	30 93 85 00 	sts	0x0085, r19	; 0x800085 <__DATA_REGION_ORIGIN__+0x25>
    1dda:	20 93 84 00 	sts	0x0084, r18	; 0x800084 <__DATA_REGION_ORIGIN__+0x24>
    1dde:	96 bb       	out	0x16, r25	; 22
    1de0:	b0 9b       	sbis	0x16, 0	; 22
    1de2:	fe cf       	rjmp	.-4      	; 0x1de0 <main+0x5c>
    1de4:	03 9a       	sbi	0x00, 3	; 0
    1de6:	a8 95       	wdr
    1de8:	40 91 c9 00 	lds	r20, 0x00C9	; 0x8000c9 <__DATA_REGION_ORIGIN__+0x69>
    1dec:	40 fd       	sbrc	r20, 0
    1dee:	02 c0       	rjmp	.+4      	; 0x1df4 <main+0x70>
    1df0:	81 50       	subi	r24, 0x01	; 1
    1df2:	89 f7       	brne	.-30     	; 0x1dd6 <main+0x52>
    1df4:	80 ec       	ldi	r24, 0xC0	; 192
    1df6:	9e e0       	ldi	r25, 0x0E	; 14
    1df8:	e9 2e       	mov	r14, r25
    1dfa:	23 e0       	ldi	r18, 0x03	; 3
    1dfc:	b2 2e       	mov	r11, r18
    1dfe:	aa 24       	eor	r10, r10
    1e00:	a3 94       	inc	r10
    1e02:	35 e0       	ldi	r19, 0x05	; 5
    1e04:	93 2e       	mov	r9, r19
    1e06:	6c 01       	movw	r12, r24
    1e08:	b1 d0       	rcall	.+354    	; 0x1f6c <getch>
    1e0a:	81 34       	cpi	r24, 0x41	; 65
    1e0c:	71 f4       	brne	.+28     	; 0x1e2a <main+0xa6>
    1e0e:	ae d0       	rcall	.+348    	; 0x1f6c <getch>
    1e10:	18 2f       	mov	r17, r24
    1e12:	be d0       	rcall	.+380    	; 0x1f90 <verifySpace>
    1e14:	12 38       	cpi	r17, 0x82	; 130
    1e16:	11 f4       	brne	.+4      	; 0x1e1c <main+0x98>
    1e18:	82 e0       	ldi	r24, 0x02	; 2
    1e1a:	05 c0       	rjmp	.+10     	; 0x1e26 <main+0xa2>
    1e1c:	11 38       	cpi	r17, 0x81	; 129
    1e1e:	11 f4       	brne	.+4      	; 0x1e24 <main+0xa0>
    1e20:	88 e0       	ldi	r24, 0x08	; 8
    1e22:	01 c0       	rjmp	.+2      	; 0x1e26 <main+0xa2>
    1e24:	83 e0       	ldi	r24, 0x03	; 3
    1e26:	9b d0       	rcall	.+310    	; 0x1f5e <putch>
    1e28:	97 c0       	rjmp	.+302    	; 0x1f58 <main+0x1d4>
    1e2a:	82 34       	cpi	r24, 0x42	; 66
    1e2c:	11 f4       	brne	.+4      	; 0x1e32 <main+0xae>
    1e2e:	84 e1       	ldi	r24, 0x14	; 20
    1e30:	03 c0       	rjmp	.+6      	; 0x1e38 <main+0xb4>
    1e32:	85 34       	cpi	r24, 0x45	; 69
    1e34:	19 f4       	brne	.+6      	; 0x1e3c <main+0xb8>
    1e36:	85 e0       	ldi	r24, 0x05	; 5
    1e38:	b3 d0       	rcall	.+358    	; 0x1fa0 <getNch>
    1e3a:	8e c0       	rjmp	.+284    	; 0x1f58 <main+0x1d4>
    1e3c:	85 35       	cpi	r24, 0x55	; 85
    1e3e:	39 f4       	brne	.+14     	; 0x1e4e <main+0xca>
    1e40:	95 d0       	rcall	.+298    	; 0x1f6c <getch>
    1e42:	c8 2f       	mov	r28, r24
    1e44:	93 d0       	rcall	.+294    	; 0x1f6c <getch>
    1e46:	d8 2f       	mov	r29, r24
    1e48:	cc 0f       	add	r28, r28
    1e4a:	dd 1f       	adc	r29, r29
    1e4c:	84 c0       	rjmp	.+264    	; 0x1f56 <main+0x1d2>
    1e4e:	86 35       	cpi	r24, 0x56	; 86
    1e50:	21 f4       	brne	.+8      	; 0x1e5a <main+0xd6>
    1e52:	84 e0       	ldi	r24, 0x04	; 4
    1e54:	a5 d0       	rcall	.+330    	; 0x1fa0 <getNch>
    1e56:	80 e0       	ldi	r24, 0x00	; 0
    1e58:	e6 cf       	rjmp	.-52     	; 0x1e26 <main+0xa2>
    1e5a:	84 36       	cpi	r24, 0x64	; 100
    1e5c:	09 f0       	breq	.+2      	; 0x1e60 <main+0xdc>
    1e5e:	45 c0       	rjmp	.+138    	; 0x1eea <main+0x166>
    1e60:	85 d0       	rcall	.+266    	; 0x1f6c <getch>
    1e62:	84 d0       	rcall	.+264    	; 0x1f6c <getch>
    1e64:	f8 2e       	mov	r15, r24
    1e66:	82 d0       	rcall	.+260    	; 0x1f6c <getch>
    1e68:	88 2e       	mov	r8, r24
    1e6a:	00 e0       	ldi	r16, 0x00	; 0
    1e6c:	11 e0       	ldi	r17, 0x01	; 1
    1e6e:	7e d0       	rcall	.+252    	; 0x1f6c <getch>
    1e70:	f8 01       	movw	r30, r16
    1e72:	81 93       	st	Z+, r24
    1e74:	8f 01       	movw	r16, r30
    1e76:	fe 12       	cpse	r15, r30
    1e78:	fa cf       	rjmp	.-12     	; 0x1e6e <main+0xea>
    1e7a:	8a d0       	rcall	.+276    	; 0x1f90 <verifySpace>
    1e7c:	20 97       	sbiw	r28, 0x00	; 0
    1e7e:	c1 f4       	brne	.+48     	; 0x1eb0 <main+0x12c>
    1e80:	90 91 02 01 	lds	r25, 0x0102	; 0x800102 <_edata+0x2>
    1e84:	90 93 04 02 	sts	0x0204, r25	; 0x800204 <_edata+0x104>
    1e88:	80 91 03 01 	lds	r24, 0x0103	; 0x800103 <_edata+0x3>
    1e8c:	80 93 05 02 	sts	0x0205, r24	; 0x800205 <_edata+0x105>
    1e90:	c0 92 02 01 	sts	0x0102, r12	; 0x800102 <_edata+0x2>
    1e94:	e0 92 03 01 	sts	0x0103, r14	; 0x800103 <_edata+0x3>
    1e98:	20 91 42 01 	lds	r18, 0x0142	; 0x800142 <_edata+0x42>
    1e9c:	20 93 06 02 	sts	0x0206, r18	; 0x800206 <_edata+0x106>
    1ea0:	20 91 43 01 	lds	r18, 0x0143	; 0x800143 <_edata+0x43>
    1ea4:	20 93 07 02 	sts	0x0207, r18	; 0x800207 <_edata+0x107>
    1ea8:	90 93 42 01 	sts	0x0142, r25	; 0x800142 <_edata+0x42>
    1eac:	80 93 43 01 	sts	0x0143, r24	; 0x800143 <_edata+0x43>
    1eb0:	f5 e4       	ldi	r31, 0x45	; 69
    1eb2:	8f 12       	cpse	r8, r31
    1eb4:	01 c0       	rjmp	.+2      	; 0x1eb8 <main+0x134>
    1eb6:	ff cf       	rjmp	.-2      	; 0x1eb6 <main+0x132>
    1eb8:	fe 01       	movw	r30, r28
    1eba:	b7 be       	out	0x37, r11	; 55
    1ebc:	e8 95       	spm
    1ebe:	07 b6       	in	r0, 0x37	; 55
    1ec0:	00 fc       	sbrc	r0, 0
    1ec2:	fd cf       	rjmp	.-6      	; 0x1ebe <main+0x13a>
    1ec4:	a0 e0       	ldi	r26, 0x00	; 0
    1ec6:	b1 e0       	ldi	r27, 0x01	; 1
    1ec8:	fe 01       	movw	r30, r28
    1eca:	8d 91       	ld	r24, X+
    1ecc:	9d 91       	ld	r25, X+
    1ece:	0c 01       	movw	r0, r24
    1ed0:	a7 be       	out	0x37, r10	; 55
    1ed2:	e8 95       	spm
    1ed4:	11 24       	eor	r1, r1
    1ed6:	32 96       	adiw	r30, 0x02	; 2
    1ed8:	fa 12       	cpse	r15, r26
    1eda:	f7 cf       	rjmp	.-18     	; 0x1eca <main+0x146>
    1edc:	fe 01       	movw	r30, r28
    1ede:	97 be       	out	0x37, r9	; 55
    1ee0:	e8 95       	spm
    1ee2:	07 b6       	in	r0, 0x37	; 55
    1ee4:	00 fc       	sbrc	r0, 0
    1ee6:	fd cf       	rjmp	.-6      	; 0x1ee2 <main+0x15e>
    1ee8:	37 c0       	rjmp	.+110    	; 0x1f58 <main+0x1d4>
    1eea:	84 37       	cpi	r24, 0x74	; 116
    1eec:	39 f5       	brne	.+78     	; 0x1f3c <main+0x1b8>
    1eee:	3e d0       	rcall	.+124    	; 0x1f6c <getch>
    1ef0:	3d d0       	rcall	.+122    	; 0x1f6c <getch>
    1ef2:	f8 2e       	mov	r15, r24
    1ef4:	3b d0       	rcall	.+118    	; 0x1f6c <getch>
    1ef6:	4c d0       	rcall	.+152    	; 0x1f90 <verifySpace>
    1ef8:	8e 01       	movw	r16, r28
    1efa:	02 30       	cpi	r16, 0x02	; 2
    1efc:	11 05       	cpc	r17, r1
    1efe:	19 f4       	brne	.+6      	; 0x1f06 <main+0x182>
    1f00:	80 91 04 02 	lds	r24, 0x0204	; 0x800204 <_edata+0x104>
    1f04:	14 c0       	rjmp	.+40     	; 0x1f2e <main+0x1aa>
    1f06:	03 30       	cpi	r16, 0x03	; 3
    1f08:	11 05       	cpc	r17, r1
    1f0a:	19 f4       	brne	.+6      	; 0x1f12 <main+0x18e>
    1f0c:	80 91 05 02 	lds	r24, 0x0205	; 0x800205 <_edata+0x105>
    1f10:	0e c0       	rjmp	.+28     	; 0x1f2e <main+0x1aa>
    1f12:	02 34       	cpi	r16, 0x42	; 66
    1f14:	11 05       	cpc	r17, r1
    1f16:	19 f4       	brne	.+6      	; 0x1f1e <main+0x19a>
    1f18:	80 91 06 02 	lds	r24, 0x0206	; 0x800206 <_edata+0x106>
    1f1c:	08 c0       	rjmp	.+16     	; 0x1f2e <main+0x1aa>
    1f1e:	03 34       	cpi	r16, 0x43	; 67
    1f20:	11 05       	cpc	r17, r1
    1f22:	19 f4       	brne	.+6      	; 0x1f2a <main+0x1a6>
    1f24:	80 91 07 02 	lds	r24, 0x0207	; 0x800207 <_edata+0x107>
    1f28:	02 c0       	rjmp	.+4      	; 0x1f2e <main+0x1aa>
    1f2a:	f8 01       	movw	r30, r16
    1f2c:	84 91       	lpm	r24, Z
    1f2e:	17 d0       	rcall	.+46     	; 0x1f5e <putch>
    1f30:	fa 94       	dec	r15
    1f32:	0f 5f       	subi	r16, 0xFF	; 255
    1f34:	1f 4f       	sbci	r17, 0xFF	; 255
    1f36:	f1 10       	cpse	r15, r1
    1f38:	e0 cf       	rjmp	.-64     	; 0x1efa <main+0x176>
    1f3a:	0e c0       	rjmp	.+28     	; 0x1f58 <main+0x1d4>
    1f3c:	85 37       	cpi	r24, 0x75	; 117
    1f3e:	39 f4       	brne	.+14     	; 0x1f4e <main+0x1ca>
    1f40:	27 d0       	rcall	.+78     	; 0x1f90 <verifySpace>
    1f42:	8e e1       	ldi	r24, 0x1E	; 30
    1f44:	0c d0       	rcall	.+24     	; 0x1f5e <putch>
    1f46:	84 e9       	ldi	r24, 0x94	; 148
    1f48:	0a d0       	rcall	.+20     	; 0x1f5e <putch>
    1f4a:	87 e8       	ldi	r24, 0x87	; 135
    1f4c:	6c cf       	rjmp	.-296    	; 0x1e26 <main+0xa2>
    1f4e:	81 35       	cpi	r24, 0x51	; 81
    1f50:	11 f4       	brne	.+4      	; 0x1f56 <main+0x1d2>
    1f52:	88 e0       	ldi	r24, 0x08	; 8
    1f54:	17 d0       	rcall	.+46     	; 0x1f84 <watchdogConfig>
    1f56:	1c d0       	rcall	.+56     	; 0x1f90 <verifySpace>
    1f58:	80 e1       	ldi	r24, 0x10	; 16
    1f5a:	01 d0       	rcall	.+2      	; 0x1f5e <putch>
    1f5c:	55 cf       	rjmp	.-342    	; 0x1e08 <main+0x84>

00001f5e <putch>:
#else //not RS485
  while (!(UART_SRA & _BV(UDRE0))) {  /* Spin */ }
  UART_UDR = ch;
#endif
#else //is LIN UART
  while (!(LINSIR & _BV(LTXOK)))   {  /* Spin */ }
    1f5e:	90 91 c9 00 	lds	r25, 0x00C9	; 0x8000c9 <__DATA_REGION_ORIGIN__+0x69>
    1f62:	91 ff       	sbrs	r25, 1
    1f64:	fc cf       	rjmp	.-8      	; 0x1f5e <putch>
  UART_UDR = ch;
    1f66:	80 93 d2 00 	sts	0x00D2, r24	; 0x8000d2 <__DATA_REGION_ORIGIN__+0x72>
    1f6a:	08 95       	ret

00001f6c <getch>:
     * don't care that an invalid char is returned...)
     */
    watchdogReset();
  }
#else
  while (!(LINSIR & _BV(LRXOK)))  {  /* Spin */ }
    1f6c:	80 91 c9 00 	lds	r24, 0x00C9	; 0x8000c9 <__DATA_REGION_ORIGIN__+0x69>
    1f70:	80 ff       	sbrs	r24, 0
    1f72:	fc cf       	rjmp	.-8      	; 0x1f6c <getch>
  if (!(LINSIR & _BV(LFERR))) {
    1f74:	80 91 c9 00 	lds	r24, 0x00C9	; 0x8000c9 <__DATA_REGION_ORIGIN__+0x69>
    1f78:	84 fd       	sbrc	r24, 4
    1f7a:	01 c0       	rjmp	.+2      	; 0x1f7e <getch+0x12>
}
#endif

// Watchdog functions. These are only safe with interrupts turned off.
void watchdogReset() {
  __asm__ __volatile__ (
    1f7c:	a8 95       	wdr
  while (!(LINSIR & _BV(LRXOK)))  {  /* Spin */ }
  if (!(LINSIR & _BV(LFERR))) {
    watchdogReset();  /* Eventually abort if wrong speed */
  }
#endif
  ch = UART_UDR;
    1f7e:	80 91 d2 00 	lds	r24, 0x00D2	; 0x8000d2 <__DATA_REGION_ORIGIN__+0x72>
#if LED_DATA_FLASH
  toggle_led();
#endif

  return ch;
}
    1f82:	08 95       	ret

00001f84 <watchdogConfig>:
void watchdogConfig(uint8_t x) {
#ifdef WDCE //does it have a Watchdog Change Enable?
#ifdef WDTCSR
  WDTCSR = _BV(WDCE) | _BV(WDE);
#else
  WDTCR= _BV(WDCE) | _BV(WDE);
    1f84:	e0 e6       	ldi	r30, 0x60	; 96
    1f86:	f0 e0       	ldi	r31, 0x00	; 0
    1f88:	98 e1       	ldi	r25, 0x18	; 24
    1f8a:	90 83       	st	Z, r25
#endif

#ifdef WDTCSR
  WDTCSR = x;
#else
  WDTCR= x;
    1f8c:	80 83       	st	Z, r24
    1f8e:	08 95       	ret

00001f90 <verifySpace>:
  do getch(); while (--count);
  verifySpace();
}

void verifySpace() {
  if (getch() != CRC_EOP) {
    1f90:	ed df       	rcall	.-38     	; 0x1f6c <getch>
    1f92:	80 32       	cpi	r24, 0x20	; 32
    1f94:	19 f0       	breq	.+6      	; 0x1f9c <verifySpace+0xc>
    watchdogConfig(WATCHDOG_16MS);    // shorten WD timeout
    1f96:	88 e0       	ldi	r24, 0x08	; 8
    1f98:	f5 df       	rcall	.-22     	; 0x1f84 <watchdogConfig>
    1f9a:	ff cf       	rjmp	.-2      	; 0x1f9a <verifySpace+0xa>
    while (1)                         // and busy-loop so that WD causes
      ;                               //  a reset and app start.
  }
  putch(STK_INSYNC);
    1f9c:	84 e1       	ldi	r24, 0x14	; 20
    1f9e:	df cf       	rjmp	.-66     	; 0x1f5e <putch>

00001fa0 <getNch>:
    ::[count] "M" (UART_B_VALUE)
    );
}
#endif

void getNch(uint8_t count) {
    1fa0:	cf 93       	push	r28
    1fa2:	c8 2f       	mov	r28, r24
  do getch(); while (--count);
    1fa4:	e3 df       	rcall	.-58     	; 0x1f6c <getch>
    1fa6:	c1 50       	subi	r28, 0x01	; 1
    1fa8:	e9 f7       	brne	.-6      	; 0x1fa4 <getNch+0x4>
  verifySpace();
}
    1faa:	cf 91       	pop	r28
}
#endif

void getNch(uint8_t count) {
  do getch(); while (--count);
  verifySpace();
    1fac:	f1 cf       	rjmp	.-30     	; 0x1f90 <verifySpace>

00001fae <do_spm>:
 *   data=0 in WRITE
 */
static void do_spm(uint16_t address, uint8_t command, uint16_t data)  __attribute__ ((used));
static void do_spm(uint16_t address, uint8_t command, uint16_t data) {
  // Do spm stuff
  asm volatile (
    1fae:	fc 01       	movw	r30, r24
    1fb0:	0a 01       	movw	r0, r20
    1fb2:	67 bf       	out	0x37, r22	; 55
    1fb4:	e8 95       	spm
    1fb6:	11 24       	eor	r1, r1
    );

  // wait for spm to complete
  //   it doesn't have much sense for __BOOT_PAGE_FILL,
  //   but it doesn't hurt and saves some bytes on 'if'
  boot_spm_busy_wait();
    1fb8:	07 b6       	in	r0, 0x37	; 55
    1fba:	00 fc       	sbrc	r0, 0
    1fbc:	fd cf       	rjmp	.-6      	; 0x1fb8 <do_spm+0xa>
  if ((command & (_BV(PGWRT)|_BV(PGERS))) && (data == 0) ) {
    // Reenable read access to flash
    __boot_rww_enable_short();
  }
#endif
}
    1fbe:	08 95       	ret
