
optiboot_attiny167.elf:     file format elf32-avr

Sections:
Idx Name          Size      VMA       LMA       File off  Algn
  0 .data         00000000  00800100  00001fca  000002de  2**0
                  CONTENTS, ALLOC, LOAD, DATA
  1 .text         0000024a  00001d80  00001d80  00000094  2**1
                  CONTENTS, ALLOC, LOAD, READONLY, CODE
  2 .version      00000002  00001ffe  00001ffe  000002de  2**0
                  CONTENTS, ALLOC, LOAD, READONLY, DATA
  3 .stab         000009b4  00000000  00000000  000002e0  2**2
                  CONTENTS, READONLY, DEBUGGING
  4 .stabstr      00000355  00000000  00000000  00000c94  2**0
                  CONTENTS, READONLY, DEBUGGING
  5 .comment      00000012  00000000  00000000  00000fe9  2**0
                  CONTENTS, READONLY

Disassembly of section .text:

00001d80 <pre_main>:
/* everything that needs to run VERY early */
void pre_main(void) {
  // Allow convenient way of calling do_spm function - jump table, so
  //   entry to this function will always be here, independent of
  //   compilation, features etc
  asm volatile (
    1d80:	01 c0       	rjmp	.+2      	; 0x1d84 <main>
    1d82:	1a c1       	rjmp	.+564    	; 0x1fb8 <do_spm>

00001d84 <main>:
    1d84:	11 24       	eor	r1, r1
    1d86:	84 b7       	in	r24, 0x34	; 52
    1d88:	88 23       	and	r24, r24
    1d8a:	71 f0       	breq	.+28     	; 0x1da8 <main+0x24>
    1d8c:	98 2f       	mov	r25, r24
    1d8e:	9a 70       	andi	r25, 0x0A	; 10
    1d90:	92 30       	cpi	r25, 0x02	; 2
    1d92:	51 f0       	breq	.+20     	; 0x1da8 <main+0x24>
    1d94:	81 ff       	sbrs	r24, 1
    1d96:	02 c0       	rjmp	.+4      	; 0x1d9c <main+0x18>
    1d98:	97 ef       	ldi	r25, 0xF7	; 247
    1d9a:	94 bf       	out	0x34, r25	; 52
    1d9c:	28 2e       	mov	r2, r24
    1d9e:	80 e0       	ldi	r24, 0x00	; 0
    1da0:	f6 d0       	rcall	.+492    	; 0x1f8e <watchdogConfig>
    1da2:	e0 e2       	ldi	r30, 0x20	; 32
    1da4:	ff 27       	eor	r31, r31
    1da6:	09 94       	ijmp
    1da8:	85 e0       	ldi	r24, 0x05	; 5
    1daa:	80 93 81 00 	sts	0x0081, r24	; 0x800081 <__EEPROM_REGION_LENGTH__+0x7f0081>
    1dae:	80 e8       	ldi	r24, 0x80	; 128
    1db0:	80 93 c8 00 	sts	0x00C8, r24	; 0x8000c8 <__EEPROM_REGION_LENGTH__+0x7f00c8>
    1db4:	8f e0       	ldi	r24, 0x0F	; 15
    1db6:	80 93 cd 00 	sts	0x00CD, r24	; 0x8000cd <__EEPROM_REGION_LENGTH__+0x7f00cd>
    1dba:	98 e8       	ldi	r25, 0x88	; 136
    1dbc:	90 93 cc 00 	sts	0x00CC, r25	; 0x8000cc <__EEPROM_REGION_LENGTH__+0x7f00cc>
    1dc0:	80 93 c8 00 	sts	0x00C8, r24	; 0x8000c8 <__EEPROM_REGION_LENGTH__+0x7f00c8>
    1dc4:	10 92 d2 00 	sts	0x00D2, r1	; 0x8000d2 <__EEPROM_REGION_LENGTH__+0x7f00d2>
    1dc8:	8e e0       	ldi	r24, 0x0E	; 14
    1dca:	e1 d0       	rcall	.+450    	; 0x1f8e <watchdogConfig>
    1dcc:	0b 9a       	sbi	0x01, 3	; 1
    1dce:	86 e0       	ldi	r24, 0x06	; 6
    1dd0:	2e e3       	ldi	r18, 0x3E	; 62
    1dd2:	3e ef       	ldi	r19, 0xFE	; 254
    1dd4:	91 e0       	ldi	r25, 0x01	; 1
    1dd6:	30 93 85 00 	sts	0x0085, r19	; 0x800085 <__EEPROM_REGION_LENGTH__+0x7f0085>
    1dda:	20 93 84 00 	sts	0x0084, r18	; 0x800084 <__EEPROM_REGION_LENGTH__+0x7f0084>
    1dde:	96 bb       	out	0x16, r25	; 22
    1de0:	b0 9b       	sbis	0x16, 0	; 22
    1de2:	fe cf       	rjmp	.-4      	; 0x1de0 <main+0x5c>
    1de4:	03 9a       	sbi	0x00, 3	; 0
    1de6:	a8 95       	wdr
    1de8:	40 91 c9 00 	lds	r20, 0x00C9	; 0x8000c9 <__EEPROM_REGION_LENGTH__+0x7f00c9>
    1dec:	40 ff       	sbrs	r20, 0
    1dee:	1b c0       	rjmp	.+54     	; 0x1e26 <main+0xa2>
    1df0:	80 ec       	ldi	r24, 0xC0	; 192
    1df2:	9e e0       	ldi	r25, 0x0E	; 14
    1df4:	e9 2e       	mov	r14, r25
    1df6:	23 e0       	ldi	r18, 0x03	; 3
    1df8:	b2 2e       	mov	r11, r18
    1dfa:	aa 24       	eor	r10, r10
    1dfc:	a3 94       	inc	r10
    1dfe:	35 e0       	ldi	r19, 0x05	; 5
    1e00:	73 2e       	mov	r7, r19
    1e02:	6c 01       	movw	r12, r24
    1e04:	b8 d0       	rcall	.+368    	; 0x1f76 <getch>
    1e06:	81 34       	cpi	r24, 0x41	; 65
    1e08:	89 f4       	brne	.+34     	; 0x1e2c <main+0xa8>
    1e0a:	b5 d0       	rcall	.+362    	; 0x1f76 <getch>
    1e0c:	18 2f       	mov	r17, r24
    1e0e:	c5 d0       	rcall	.+394    	; 0x1f9a <verifySpace>
    1e10:	82 e0       	ldi	r24, 0x02	; 2
    1e12:	12 38       	cpi	r17, 0x82	; 130
    1e14:	21 f0       	breq	.+8      	; 0x1e1e <main+0x9a>
    1e16:	88 e0       	ldi	r24, 0x08	; 8
    1e18:	11 38       	cpi	r17, 0x81	; 129
    1e1a:	09 f0       	breq	.+2      	; 0x1e1e <main+0x9a>
    1e1c:	83 e0       	ldi	r24, 0x03	; 3
    1e1e:	a4 d0       	rcall	.+328    	; 0x1f68 <putch>
    1e20:	80 e1       	ldi	r24, 0x10	; 16
    1e22:	a2 d0       	rcall	.+324    	; 0x1f68 <putch>
    1e24:	ef cf       	rjmp	.-34     	; 0x1e04 <main+0x80>
    1e26:	81 50       	subi	r24, 0x01	; 1
    1e28:	b1 f6       	brne	.-84     	; 0x1dd6 <main+0x52>
    1e2a:	e2 cf       	rjmp	.-60     	; 0x1df0 <main+0x6c>
    1e2c:	82 34       	cpi	r24, 0x42	; 66
    1e2e:	19 f4       	brne	.+6      	; 0x1e36 <main+0xb2>
    1e30:	84 e1       	ldi	r24, 0x14	; 20
    1e32:	bb d0       	rcall	.+374    	; 0x1faa <getNch>
    1e34:	f5 cf       	rjmp	.-22     	; 0x1e20 <main+0x9c>
    1e36:	85 34       	cpi	r24, 0x45	; 69
    1e38:	11 f4       	brne	.+4      	; 0x1e3e <main+0xba>
    1e3a:	85 e0       	ldi	r24, 0x05	; 5
    1e3c:	fa cf       	rjmp	.-12     	; 0x1e32 <main+0xae>
    1e3e:	85 35       	cpi	r24, 0x55	; 85
    1e40:	41 f4       	brne	.+16     	; 0x1e52 <main+0xce>
    1e42:	99 d0       	rcall	.+306    	; 0x1f76 <getch>
    1e44:	c8 2f       	mov	r28, r24
    1e46:	97 d0       	rcall	.+302    	; 0x1f76 <getch>
    1e48:	d8 2f       	mov	r29, r24
    1e4a:	cc 0f       	add	r28, r28
    1e4c:	dd 1f       	adc	r29, r29
    1e4e:	a5 d0       	rcall	.+330    	; 0x1f9a <verifySpace>
    1e50:	e7 cf       	rjmp	.-50     	; 0x1e20 <main+0x9c>
    1e52:	86 35       	cpi	r24, 0x56	; 86
    1e54:	21 f4       	brne	.+8      	; 0x1e5e <main+0xda>
    1e56:	84 e0       	ldi	r24, 0x04	; 4
    1e58:	a8 d0       	rcall	.+336    	; 0x1faa <getNch>
    1e5a:	80 e0       	ldi	r24, 0x00	; 0
    1e5c:	e0 cf       	rjmp	.-64     	; 0x1e1e <main+0x9a>
    1e5e:	84 36       	cpi	r24, 0x64	; 100
    1e60:	09 f0       	breq	.+2      	; 0x1e64 <main+0xe0>
    1e62:	4a c0       	rjmp	.+148    	; 0x1ef8 <main+0x174>
    1e64:	88 d0       	rcall	.+272    	; 0x1f76 <getch>
    1e66:	87 d0       	rcall	.+270    	; 0x1f76 <getch>
    1e68:	f8 2e       	mov	r15, r24
    1e6a:	85 d0       	rcall	.+266    	; 0x1f76 <getch>
    1e6c:	68 2e       	mov	r6, r24
    1e6e:	00 e0       	ldi	r16, 0x00	; 0
    1e70:	11 e0       	ldi	r17, 0x01	; 1
    1e72:	48 01       	movw	r8, r16
    1e74:	0f 5f       	subi	r16, 0xFF	; 255
    1e76:	1f 4f       	sbci	r17, 0xFF	; 255
    1e78:	7e d0       	rcall	.+252    	; 0x1f76 <getch>
    1e7a:	f4 01       	movw	r30, r8
    1e7c:	80 83       	st	Z, r24
    1e7e:	f0 12       	cpse	r15, r16
    1e80:	f8 cf       	rjmp	.-16     	; 0x1e72 <main+0xee>
    1e82:	8b d0       	rcall	.+278    	; 0x1f9a <verifySpace>
    1e84:	20 97       	sbiw	r28, 0x00	; 0
    1e86:	c1 f4       	brne	.+48     	; 0x1eb8 <main+0x134>
    1e88:	90 91 02 01 	lds	r25, 0x0102	; 0x800102 <_edata+0x2>
    1e8c:	90 93 04 02 	sts	0x0204, r25	; 0x800204 <_edata+0x104>
    1e90:	80 91 03 01 	lds	r24, 0x0103	; 0x800103 <_edata+0x3>
    1e94:	80 93 05 02 	sts	0x0205, r24	; 0x800205 <_edata+0x105>
    1e98:	c0 92 02 01 	sts	0x0102, r12	; 0x800102 <_edata+0x2>
    1e9c:	e0 92 03 01 	sts	0x0103, r14	; 0x800103 <_edata+0x3>
    1ea0:	20 91 42 01 	lds	r18, 0x0142	; 0x800142 <_edata+0x42>
    1ea4:	20 93 06 02 	sts	0x0206, r18	; 0x800206 <_edata+0x106>
    1ea8:	20 91 43 01 	lds	r18, 0x0143	; 0x800143 <_edata+0x43>
    1eac:	20 93 07 02 	sts	0x0207, r18	; 0x800207 <_edata+0x107>
    1eb0:	90 93 42 01 	sts	0x0142, r25	; 0x800142 <_edata+0x42>
    1eb4:	80 93 43 01 	sts	0x0143, r24	; 0x800143 <_edata+0x43>
    1eb8:	f5 e4       	ldi	r31, 0x45	; 69
    1eba:	6f 12       	cpse	r6, r31
    1ebc:	01 c0       	rjmp	.+2      	; 0x1ec0 <main+0x13c>
    1ebe:	ff cf       	rjmp	.-2      	; 0x1ebe <main+0x13a>
    1ec0:	fe 01       	movw	r30, r28
    1ec2:	b7 be       	out	0x37, r11	; 55
    1ec4:	e8 95       	spm
    1ec6:	07 b6       	in	r0, 0x37	; 55
    1ec8:	00 fc       	sbrc	r0, 0
    1eca:	fd cf       	rjmp	.-6      	; 0x1ec6 <main+0x142>
    1ecc:	fe 01       	movw	r30, r28
    1ece:	20 e0       	ldi	r18, 0x00	; 0
    1ed0:	31 e0       	ldi	r19, 0x01	; 1
    1ed2:	d9 01       	movw	r26, r18
    1ed4:	2e 5f       	subi	r18, 0xFE	; 254
    1ed6:	3f 4f       	sbci	r19, 0xFF	; 255
    1ed8:	8d 91       	ld	r24, X+
    1eda:	9c 91       	ld	r25, X
    1edc:	0c 01       	movw	r0, r24
    1ede:	a7 be       	out	0x37, r10	; 55
    1ee0:	e8 95       	spm
    1ee2:	11 24       	eor	r1, r1
    1ee4:	32 96       	adiw	r30, 0x02	; 2
    1ee6:	f2 12       	cpse	r15, r18
    1ee8:	f4 cf       	rjmp	.-24     	; 0x1ed2 <main+0x14e>
    1eea:	fe 01       	movw	r30, r28
    1eec:	77 be       	out	0x37, r7	; 55
    1eee:	e8 95       	spm
    1ef0:	07 b6       	in	r0, 0x37	; 55
    1ef2:	00 fc       	sbrc	r0, 0
    1ef4:	fd cf       	rjmp	.-6      	; 0x1ef0 <main+0x16c>
    1ef6:	94 cf       	rjmp	.-216    	; 0x1e20 <main+0x9c>
    1ef8:	84 37       	cpi	r24, 0x74	; 116
    1efa:	39 f5       	brne	.+78     	; 0x1f4a <main+0x1c6>
    1efc:	3c d0       	rcall	.+120    	; 0x1f76 <getch>
    1efe:	3b d0       	rcall	.+118    	; 0x1f76 <getch>
    1f00:	f8 2e       	mov	r15, r24
    1f02:	39 d0       	rcall	.+114    	; 0x1f76 <getch>
    1f04:	4a d0       	rcall	.+148    	; 0x1f9a <verifySpace>
    1f06:	8e 01       	movw	r16, r28
    1f08:	fc 0e       	add	r15, r28
    1f0a:	02 30       	cpi	r16, 0x02	; 2
    1f0c:	11 05       	cpc	r17, r1
    1f0e:	41 f4       	brne	.+16     	; 0x1f20 <main+0x19c>
    1f10:	80 91 04 02 	lds	r24, 0x0204	; 0x800204 <_edata+0x104>
    1f14:	29 d0       	rcall	.+82     	; 0x1f68 <putch>
    1f16:	0f 5f       	subi	r16, 0xFF	; 255
    1f18:	1f 4f       	sbci	r17, 0xFF	; 255
    1f1a:	f0 12       	cpse	r15, r16
    1f1c:	f6 cf       	rjmp	.-20     	; 0x1f0a <main+0x186>
    1f1e:	80 cf       	rjmp	.-256    	; 0x1e20 <main+0x9c>
    1f20:	03 30       	cpi	r16, 0x03	; 3
    1f22:	11 05       	cpc	r17, r1
    1f24:	19 f4       	brne	.+6      	; 0x1f2c <main+0x1a8>
    1f26:	80 91 05 02 	lds	r24, 0x0205	; 0x800205 <_edata+0x105>
    1f2a:	f4 cf       	rjmp	.-24     	; 0x1f14 <main+0x190>
    1f2c:	02 34       	cpi	r16, 0x42	; 66
    1f2e:	11 05       	cpc	r17, r1
    1f30:	19 f4       	brne	.+6      	; 0x1f38 <main+0x1b4>
    1f32:	80 91 06 02 	lds	r24, 0x0206	; 0x800206 <_edata+0x106>
    1f36:	ee cf       	rjmp	.-36     	; 0x1f14 <main+0x190>
    1f38:	03 34       	cpi	r16, 0x43	; 67
    1f3a:	11 05       	cpc	r17, r1
    1f3c:	19 f4       	brne	.+6      	; 0x1f44 <main+0x1c0>
    1f3e:	80 91 07 02 	lds	r24, 0x0207	; 0x800207 <_edata+0x107>
    1f42:	e8 cf       	rjmp	.-48     	; 0x1f14 <main+0x190>
    1f44:	f8 01       	movw	r30, r16
    1f46:	84 91       	lpm	r24, Z
    1f48:	e5 cf       	rjmp	.-54     	; 0x1f14 <main+0x190>
    1f4a:	85 37       	cpi	r24, 0x75	; 117
    1f4c:	39 f4       	brne	.+14     	; 0x1f5c <main+0x1d8>
    1f4e:	25 d0       	rcall	.+74     	; 0x1f9a <verifySpace>
    1f50:	8e e1       	ldi	r24, 0x1E	; 30
    1f52:	0a d0       	rcall	.+20     	; 0x1f68 <putch>
    1f54:	84 e9       	ldi	r24, 0x94	; 148
    1f56:	08 d0       	rcall	.+16     	; 0x1f68 <putch>
    1f58:	87 e8       	ldi	r24, 0x87	; 135
    1f5a:	61 cf       	rjmp	.-318    	; 0x1e1e <main+0x9a>
    1f5c:	81 35       	cpi	r24, 0x51	; 81
    1f5e:	09 f0       	breq	.+2      	; 0x1f62 <main+0x1de>
    1f60:	76 cf       	rjmp	.-276    	; 0x1e4e <main+0xca>
    1f62:	88 e0       	ldi	r24, 0x08	; 8
    1f64:	14 d0       	rcall	.+40     	; 0x1f8e <watchdogConfig>
    1f66:	73 cf       	rjmp	.-282    	; 0x1e4e <main+0xca>

00001f68 <putch>:
#else //not RS485
  while (!(UART_SRA & _BV(UDRE0))) {  /* Spin */ }
  UART_UDR = ch;
#endif
#else //is LIN UART
  while (!(LINSIR & _BV(LTXOK)))   {  /* Spin */ }
    1f68:	90 91 c9 00 	lds	r25, 0x00C9	; 0x8000c9 <__EEPROM_REGION_LENGTH__+0x7f00c9>
    1f6c:	91 ff       	sbrs	r25, 1
    1f6e:	fc cf       	rjmp	.-8      	; 0x1f68 <putch>
  UART_UDR = ch;
    1f70:	80 93 d2 00 	sts	0x00D2, r24	; 0x8000d2 <__EEPROM_REGION_LENGTH__+0x7f00d2>
  #else
  RS485_PORT &= ~_BV(RS485_BIT);
  #endif
#endif
#endif // SOFT_UART
}
    1f74:	08 95       	ret

00001f76 <getch>:
     * don't care that an invalid char is returned...)
     */
    watchdogReset();
  }
#else
  while (!(LINSIR & _BV(LRXOK)))  {  /* Spin */ }
    1f76:	80 91 c9 00 	lds	r24, 0x00C9	; 0x8000c9 <__EEPROM_REGION_LENGTH__+0x7f00c9>
    1f7a:	80 ff       	sbrs	r24, 0
    1f7c:	fc cf       	rjmp	.-8      	; 0x1f76 <getch>
  if (!(LINSIR & _BV(LFERR))) {
    1f7e:	80 91 c9 00 	lds	r24, 0x00C9	; 0x8000c9 <__EEPROM_REGION_LENGTH__+0x7f00c9>
    1f82:	84 fd       	sbrc	r24, 4
    1f84:	01 c0       	rjmp	.+2      	; 0x1f88 <getch+0x12>
}
#endif

// Watchdog functions. These are only safe with interrupts turned off.
void watchdogReset() {
  __asm__ __volatile__ (
    1f86:	a8 95       	wdr
  ch = UART_UDR;
    1f88:	80 91 d2 00 	lds	r24, 0x00D2	; 0x8000d2 <__EEPROM_REGION_LENGTH__+0x7f00d2>
}
    1f8c:	08 95       	ret

00001f8e <watchdogConfig>:
void watchdogConfig(uint8_t x) {
#ifdef WDCE //does it have a Watchdog Change Enable?
#ifdef WDTCSR
  WDTCSR = _BV(WDCE) | _BV(WDE);
#else
  WDTCR= _BV(WDCE) | _BV(WDE);
    1f8e:	e0 e6       	ldi	r30, 0x60	; 96
    1f90:	f0 e0       	ldi	r31, 0x00	; 0
    1f92:	98 e1       	ldi	r25, 0x18	; 24
    1f94:	90 83       	st	Z, r25
#endif

#ifdef WDTCSR
  WDTCSR = x;
#else
  WDTCR= x;
    1f96:	80 83       	st	Z, r24
#endif
}
    1f98:	08 95       	ret

00001f9a <verifySpace>:
  if (getch() != CRC_EOP) {
    1f9a:	ed df       	rcall	.-38     	; 0x1f76 <getch>
    1f9c:	80 32       	cpi	r24, 0x20	; 32
    1f9e:	19 f0       	breq	.+6      	; 0x1fa6 <verifySpace+0xc>
    watchdogConfig(WATCHDOG_16MS);    // shorten WD timeout
    1fa0:	88 e0       	ldi	r24, 0x08	; 8
    1fa2:	f5 df       	rcall	.-22     	; 0x1f8e <watchdogConfig>
    1fa4:	ff cf       	rjmp	.-2      	; 0x1fa4 <verifySpace+0xa>
  putch(STK_INSYNC);
    1fa6:	84 e1       	ldi	r24, 0x14	; 20
    1fa8:	df cf       	rjmp	.-66     	; 0x1f68 <putch>

00001faa <getNch>:
void getNch(uint8_t count) {
    1faa:	cf 93       	push	r28
    1fac:	c8 2f       	mov	r28, r24
  do getch(); while (--count);
    1fae:	e3 df       	rcall	.-58     	; 0x1f76 <getch>
    1fb0:	c1 50       	subi	r28, 0x01	; 1
    1fb2:	e9 f7       	brne	.-6      	; 0x1fae <getNch+0x4>
}
    1fb4:	cf 91       	pop	r28
  verifySpace();
    1fb6:	f1 cf       	rjmp	.-30     	; 0x1f9a <verifySpace>

00001fb8 <do_spm>:
 *   data=0 in WRITE
 */
static void do_spm(uint16_t address, uint8_t command, uint16_t data)  __attribute__ ((used));
static void do_spm(uint16_t address, uint8_t command, uint16_t data) {
  // Do spm stuff
  asm volatile (
    1fb8:	fc 01       	movw	r30, r24
    1fba:	0a 01       	movw	r0, r20
    1fbc:	67 bf       	out	0x37, r22	; 55
    1fbe:	e8 95       	spm
    1fc0:	11 24       	eor	r1, r1
    );

  // wait for spm to complete
  //   it doesn't have much sense for __BOOT_PAGE_FILL,
  //   but it doesn't hurt and saves some bytes on 'if'
  boot_spm_busy_wait();
    1fc2:	07 b6       	in	r0, 0x37	; 55
    1fc4:	00 fc       	sbrc	r0, 0
    1fc6:	fd cf       	rjmp	.-6      	; 0x1fc2 <do_spm+0xa>
  if ((command & (_BV(PGWRT)|_BV(PGERS))) && (data == 0) ) {
    // Reenable read access to flash
    __boot_rww_enable_short();
  }
#endif
}
    1fc8:	08 95       	ret
